[0.654s] Invoking command in '/home/michele/michele_try_ws/fishingrod_ws/build/throw_experiments': PYTHONPATH=/home/michele/michele_try_ws/fishingrod_ws/build/throw_experiments/prefix_override:/usr/lib/python3/dist-packages/colcon_core/task/python/colcon_distutils_commands:/home/michele/michele_try_ws/fishingrod_ws/install/throw_experiments/lib/python3.10/site-packages:${PYTHONPATH} /usr/bin/python3 -W ignore:setup.py install is deprecated setup.py develop --editable --build-directory /home/michele/michele_try_ws/fishingrod_ws/build/throw_experiments/build --no-deps symlink_data
[0.843s] running develop
[0.843s] /usr/lib/python3/dist-packages/setuptools/command/easy_install.py:158: EasyInstallDeprecationWarning: easy_install command is deprecated. Use build and pip and other standards-based tools.
[0.843s]   warnings.warn(
[0.984s] running egg_info
[0.984s] creating throw_experiments.egg-info
[0.984s] writing throw_experiments.egg-info/PKG-INFO
[0.984s] writing dependency_links to throw_experiments.egg-info/dependency_links.txt
[0.984s] writing entry points to throw_experiments.egg-info/entry_points.txt
[0.985s] writing requirements to throw_experiments.egg-info/requires.txt
[0.985s] writing top-level names to throw_experiments.egg-info/top_level.txt
[0.985s] writing manifest file 'throw_experiments.egg-info/SOURCES.txt'
[0.986s] reading manifest file 'throw_experiments.egg-info/SOURCES.txt'
[0.987s] writing manifest file 'throw_experiments.egg-info/SOURCES.txt'
[0.988s] running build_ext
[0.988s] Creating /home/michele/michele_try_ws/fishingrod_ws/install/throw_experiments/lib/python3.10/site-packages/throw-experiments.egg-link (link to .)
[0.988s] Installing getup script to /home/michele/michele_try_ws/fishingrod_ws/install/throw_experiments/lib/jumping_experiments
[0.989s] Installing throw_node script to /home/michele/michele_try_ws/fishingrod_ws/install/throw_experiments/lib/jumping_experiments
[0.989s] 
[0.989s] Installed /home/michele/michele_try_ws/fishingrod_ws/build/throw_experiments
[0.989s] running symlink_data
[0.989s] creating /home/michele/michele_try_ws/fishingrod_ws/install/throw_experiments/share/ament_index
[0.989s] creating /home/michele/michele_try_ws/fishingrod_ws/install/throw_experiments/share/ament_index/resource_index
[0.989s] creating /home/michele/michele_try_ws/fishingrod_ws/install/throw_experiments/share/ament_index/resource_index/packages
[0.990s] symbolically linking /home/michele/michele_try_ws/fishingrod_ws/build/throw_experiments/resource/throw_experiments -> /home/michele/michele_try_ws/fishingrod_ws/install/throw_experiments/share/ament_index/resource_index/packages
[0.990s] symbolically linking /home/michele/michele_try_ws/fishingrod_ws/build/throw_experiments/package.xml -> /home/michele/michele_try_ws/fishingrod_ws/install/throw_experiments/share/throw_experiments
[0.990s] creating /home/michele/michele_try_ws/fishingrod_ws/install/throw_experiments/share/throw_experiments/launch
[0.990s] symbolically linking /home/michele/michele_try_ws/fishingrod_ws/build/throw_experiments/launch/experiment_simulation.launch.py -> /home/michele/michele_try_ws/fishingrod_ws/install/throw_experiments/share/throw_experiments/launch
[0.990s] symbolically linking /home/michele/michele_try_ws/fishingrod_ws/build/throw_experiments/launch/controller_start.launch.py -> /home/michele/michele_try_ws/fishingrod_ws/install/throw_experiments/share/throw_experiments/launch
[0.990s] symbolically linking /home/michele/michele_try_ws/fishingrod_ws/build/throw_experiments/launch/experiment.launch.py -> /home/michele/michele_try_ws/fishingrod_ws/install/throw_experiments/share/throw_experiments/launch
[1.010s] Invoked command in '/home/michele/michele_try_ws/fishingrod_ws/build/throw_experiments' returned '0': PYTHONPATH=/home/michele/michele_try_ws/fishingrod_ws/build/throw_experiments/prefix_override:/usr/lib/python3/dist-packages/colcon_core/task/python/colcon_distutils_commands:/home/michele/michele_try_ws/fishingrod_ws/install/throw_experiments/lib/python3.10/site-packages:${PYTHONPATH} /usr/bin/python3 -W ignore:setup.py install is deprecated setup.py develop --editable --build-directory /home/michele/michele_try_ws/fishingrod_ws/build/throw_experiments/build --no-deps symlink_data
