[0.014s] Invoking command in '/home/michele/michele_try_ws/fishingrod_ws/build/pi3hat_moteus_int_msgs': CMAKE_PREFIX_PATH=${CMAKE_PREFIX_PATH}:/home/michele/michele_try_ws/fishingrod_ws/install/throw_experiments:/home/michele/michele_try_ws/fishingrod_ws/install/test_experiments:/home/michele/michele_try_ws/fishingrod_ws/install/rlg_quad_controller:/home/michele/michele_try_ws/fishingrod_ws/install/jumping_experiments:/opt/ros/humble /usr/bin/cmake /home/michele/michele_try_ws/fishingrod_ws/src/pi3hat_moteus_int_msgs -DAMENT_CMAKE_SYMLINK_INSTALL=1 -DCMAKE_INSTALL_PREFIX=/home/michele/michele_try_ws/fishingrod_ws/install/pi3hat_moteus_int_msgs
[0.282s] -- The C compiler identification is GNU 11.4.0
[0.282s] -- The CXX compiler identification is GNU 11.4.0
[0.282s] -- Detecting C compiler ABI info
[0.282s] -- Detecting C compiler ABI info - done
[0.282s] -- Check for working C compiler: /usr/bin/gcc - skipped
[0.282s] -- Detecting C compile features
[0.282s] -- Detecting C compile features - done
[0.282s] -- Detecting CXX compiler ABI info
[0.282s] -- Detecting CXX compiler ABI info - done
[0.282s] -- Check for working CXX compiler: /usr/bin/g++ - skipped
[0.282s] -- Detecting CXX compile features
[0.282s] -- Detecting CXX compile features - done
[0.282s] -- Found ament_cmake: 1.3.10 (/opt/ros/humble/share/ament_cmake/cmake)
[0.380s] -- Found Python3: /usr/bin/python3 (found version "3.10.12") found components: Interpreter 
[0.421s] -- Override CMake install command with custom implementation using symlinks instead of copying resources
[0.447s] -- Found builtin_interfaces: 1.2.1 (/opt/ros/humble/share/builtin_interfaces/cmake)
[0.471s] -- Found rosidl_generator_c: 3.1.5 (/opt/ros/humble/share/rosidl_generator_c/cmake)
[0.474s] -- Found rosidl_adapter: 3.1.5 (/opt/ros/humble/share/rosidl_adapter/cmake)
[0.479s] -- Found rosidl_generator_cpp: 3.1.5 (/opt/ros/humble/share/rosidl_generator_cpp/cmake)
[0.492s] -- Using all available rosidl_typesupport_c: rosidl_typesupport_fastrtps_c;rosidl_typesupport_introspection_c
[0.508s] -- Using all available rosidl_typesupport_cpp: rosidl_typesupport_fastrtps_cpp;rosidl_typesupport_introspection_cpp
[0.519s] -- Found rosidl_default_generators: 1.2.0 (/opt/ros/humble/share/rosidl_default_generators/cmake)
[0.525s] -- Found std_msgs: 4.2.4 (/opt/ros/humble/share/std_msgs/cmake)
[0.763s] -- Found ament_cmake_cppcheck: 0.12.11 (/opt/ros/humble/share/ament_cmake_cppcheck/cmake)
[0.765s] -- Found ament_cmake_cpplint: 0.12.11 (/opt/ros/humble/share/ament_cmake_cpplint/cmake)
[0.766s] -- Found ament_cmake_uncrustify: 0.12.11 (/opt/ros/humble/share/ament_cmake_uncrustify/cmake)
[0.768s] -- Found ament_cmake_ros: 0.10.0 (/opt/ros/humble/share/ament_cmake_ros/cmake)
[1.080s] -- Using all available rosidl_typesupport_c: rosidl_typesupport_fastrtps_c;rosidl_typesupport_introspection_c
[1.188s] -- Using all available rosidl_typesupport_cpp: rosidl_typesupport_fastrtps_cpp;rosidl_typesupport_introspection_cpp
[1.207s] -- Found PythonInterp: /usr/bin/python3 (found suitable version "3.10.12", minimum required is "3.6") 
[1.208s] -- Found python_cmake_module: 0.10.0 (/opt/ros/humble/share/python_cmake_module/cmake)
[1.230s] -- Found PythonLibs: /usr/lib/x86_64-linux-gnu/libpython3.10.so (found suitable version "3.10.12", minimum required is "3.5") 
[1.230s] -- Using PYTHON_EXECUTABLE: /usr/bin/python3
[1.230s] -- Using PYTHON_INCLUDE_DIRS: /usr/include/python3.10
[1.230s] -- Using PYTHON_LIBRARIES: /usr/lib/x86_64-linux-gnu/libpython3.10.so
[1.248s] -- Found PythonExtra: .so  
[1.284s] -- Found ament_cmake_flake8: 0.12.11 (/opt/ros/humble/share/ament_cmake_flake8/cmake)
[1.285s] -- Found ament_cmake_pep257: 0.12.11 (/opt/ros/humble/share/ament_cmake_pep257/cmake)
[1.290s] -- Configuring done
[1.309s] -- Generating done
[1.312s] -- Build files have been written to: /home/michele/michele_try_ws/fishingrod_ws/build/pi3hat_moteus_int_msgs
[1.318s] Invoked command in '/home/michele/michele_try_ws/fishingrod_ws/build/pi3hat_moteus_int_msgs' returned '0': CMAKE_PREFIX_PATH=${CMAKE_PREFIX_PATH}:/home/michele/michele_try_ws/fishingrod_ws/install/throw_experiments:/home/michele/michele_try_ws/fishingrod_ws/install/test_experiments:/home/michele/michele_try_ws/fishingrod_ws/install/rlg_quad_controller:/home/michele/michele_try_ws/fishingrod_ws/install/jumping_experiments:/opt/ros/humble /usr/bin/cmake /home/michele/michele_try_ws/fishingrod_ws/src/pi3hat_moteus_int_msgs -DAMENT_CMAKE_SYMLINK_INSTALL=1 -DCMAKE_INSTALL_PREFIX=/home/michele/michele_try_ws/fishingrod_ws/install/pi3hat_moteus_int_msgs
[1.319s] Invoking command in '/home/michele/michele_try_ws/fishingrod_ws/build/pi3hat_moteus_int_msgs': CMAKE_PREFIX_PATH=${CMAKE_PREFIX_PATH}:/home/michele/michele_try_ws/fishingrod_ws/install/throw_experiments:/home/michele/michele_try_ws/fishingrod_ws/install/test_experiments:/home/michele/michele_try_ws/fishingrod_ws/install/rlg_quad_controller:/home/michele/michele_try_ws/fishingrod_ws/install/jumping_experiments:/opt/ros/humble /usr/bin/cmake --build /home/michele/michele_try_ws/fishingrod_ws/build/pi3hat_moteus_int_msgs -- -j20 -l20
[1.343s] [  2%] [34m[1mGenerating C code for ROS interfaces[0m
[1.349s] [  4%] [34m[1mGenerating C++ code for ROS interfaces[0m
[1.353s] [  4%] Built target ament_cmake_python_symlink_pi3hat_moteus_int_msgs
[1.558s] running egg_info
[1.559s] creating pi3hat_moteus_int_msgs.egg-info
[1.559s] writing pi3hat_moteus_int_msgs.egg-info/PKG-INFO
[1.559s] writing dependency_links to pi3hat_moteus_int_msgs.egg-info/dependency_links.txt
[1.559s] writing top-level names to pi3hat_moteus_int_msgs.egg-info/top_level.txt
[1.560s] writing manifest file 'pi3hat_moteus_int_msgs.egg-info/SOURCES.txt'
[1.562s] reading manifest file 'pi3hat_moteus_int_msgs.egg-info/SOURCES.txt'
[1.562s] writing manifest file 'pi3hat_moteus_int_msgs.egg-info/SOURCES.txt'
[1.584s] [  4%] Built target ament_cmake_python_build_pi3hat_moteus_int_msgs_egg
[1.620s] [ 10%] [32mBuilding C object CMakeFiles/pi3hat_moteus_int_msgs__rosidl_generator_c.dir/rosidl_generator_c/pi3hat_moteus_int_msgs/msg/detail/joints_command__functions.c.o[0m
[1.620s] [ 10%] [32mBuilding C object CMakeFiles/pi3hat_moteus_int_msgs__rosidl_generator_c.dir/rosidl_generator_c/pi3hat_moteus_int_msgs/msg/detail/packet_pass__functions.c.o[0m
[1.620s] [ 10%] [32mBuilding C object CMakeFiles/pi3hat_moteus_int_msgs__rosidl_generator_c.dir/rosidl_generator_c/pi3hat_moteus_int_msgs/msg/detail/joints_states__functions.c.o[0m
[1.638s] [ 10%] Built target pi3hat_moteus_int_msgs__cpp
[1.645s] [ 12%] [34m[1mGenerating C++ type support dispatch for ROS interfaces[0m
[1.645s] [ 14%] [34m[1mGenerating C++ type support for eProsima Fast-RTPS[0m
[1.650s] [ 17%] [34m[1mGenerating C++ introspection for ROS interfaces[0m
[1.654s] [ 19%] [32m[1mLinking C shared library libpi3hat_moteus_int_msgs__rosidl_generator_c.so[0m
[1.680s] [ 19%] Built target pi3hat_moteus_int_msgs__rosidl_generator_c
[1.689s] [ 25%] [34m[1mGenerating C introspection for ROS interfaces[0m
[1.689s] [ 25%] [34m[1mGenerating C type support dispatch for ROS interfaces[0m
[1.689s] [ 25%] [34m[1mGenerating C type support for eProsima Fast-RTPS[0m
[1.865s] [ 27%] [32mBuilding CXX object CMakeFiles/pi3hat_moteus_int_msgs__rosidl_typesupport_cpp.dir/rosidl_typesupport_cpp/pi3hat_moteus_int_msgs/msg/packet_pass__type_support.cpp.o[0m
[1.868s] [ 31%] [32mBuilding CXX object CMakeFiles/pi3hat_moteus_int_msgs__rosidl_typesupport_cpp.dir/rosidl_typesupport_cpp/pi3hat_moteus_int_msgs/msg/joints_states__type_support.cpp.o[0m
[1.868s] [ 31%] [32mBuilding CXX object CMakeFiles/pi3hat_moteus_int_msgs__rosidl_typesupport_cpp.dir/rosidl_typesupport_cpp/pi3hat_moteus_int_msgs/msg/joints_command__type_support.cpp.o[0m
[1.905s] [ 34%] [32mBuilding CXX object CMakeFiles/pi3hat_moteus_int_msgs__rosidl_typesupport_fastrtps_cpp.dir/rosidl_typesupport_fastrtps_cpp/pi3hat_moteus_int_msgs/msg/detail/dds_fastrtps/packet_pass__type_support.cpp.o[0m
[1.908s] [ 38%] [32mBuilding CXX object CMakeFiles/pi3hat_moteus_int_msgs__rosidl_typesupport_fastrtps_cpp.dir/rosidl_typesupport_fastrtps_cpp/pi3hat_moteus_int_msgs/msg/detail/dds_fastrtps/joints_states__type_support.cpp.o[0m
[1.908s] [ 38%] [32mBuilding CXX object CMakeFiles/pi3hat_moteus_int_msgs__rosidl_typesupport_fastrtps_cpp.dir/rosidl_typesupport_fastrtps_cpp/pi3hat_moteus_int_msgs/msg/detail/dds_fastrtps/joints_command__type_support.cpp.o[0m
[1.957s] [ 40%] [32mBuilding CXX object CMakeFiles/pi3hat_moteus_int_msgs__rosidl_typesupport_introspection_cpp.dir/rosidl_typesupport_introspection_cpp/pi3hat_moteus_int_msgs/msg/detail/joints_command__type_support.cpp.o[0m
[1.957s] [ 42%] [32mBuilding CXX object CMakeFiles/pi3hat_moteus_int_msgs__rosidl_typesupport_introspection_cpp.dir/rosidl_typesupport_introspection_cpp/pi3hat_moteus_int_msgs/msg/detail/packet_pass__type_support.cpp.o[0m
[1.957s] [ 44%] [32mBuilding CXX object CMakeFiles/pi3hat_moteus_int_msgs__rosidl_typesupport_introspection_cpp.dir/rosidl_typesupport_introspection_cpp/pi3hat_moteus_int_msgs/msg/detail/joints_states__type_support.cpp.o[0m
[2.055s] [ 46%] [32mBuilding CXX object CMakeFiles/pi3hat_moteus_int_msgs__rosidl_typesupport_c.dir/rosidl_typesupport_c/pi3hat_moteus_int_msgs/msg/packet_pass__type_support.cpp.o[0m
[2.056s] [ 48%] [32mBuilding CXX object CMakeFiles/pi3hat_moteus_int_msgs__rosidl_typesupport_c.dir/rosidl_typesupport_c/pi3hat_moteus_int_msgs/msg/joints_command__type_support.cpp.o[0m
[2.070s] [ 51%] [32mBuilding CXX object CMakeFiles/pi3hat_moteus_int_msgs__rosidl_typesupport_c.dir/rosidl_typesupport_c/pi3hat_moteus_int_msgs/msg/joints_states__type_support.cpp.o[0m
[2.116s] [ 53%] [32m[1mLinking CXX shared library libpi3hat_moteus_int_msgs__rosidl_typesupport_c.so[0m
[2.131s] [ 55%] [32mBuilding C object CMakeFiles/pi3hat_moteus_int_msgs__rosidl_typesupport_introspection_c.dir/rosidl_typesupport_introspection_c/pi3hat_moteus_int_msgs/msg/detail/packet_pass__type_support.c.o[0m
[2.135s] [ 59%] [32mBuilding C object CMakeFiles/pi3hat_moteus_int_msgs__rosidl_typesupport_introspection_c.dir/rosidl_typesupport_introspection_c/pi3hat_moteus_int_msgs/msg/detail/joints_command__type_support.c.o[0m
[2.135s] [ 59%] [32mBuilding C object CMakeFiles/pi3hat_moteus_int_msgs__rosidl_typesupport_introspection_c.dir/rosidl_typesupport_introspection_c/pi3hat_moteus_int_msgs/msg/detail/joints_states__type_support.c.o[0m
[2.150s] [ 63%] [32mBuilding CXX object CMakeFiles/pi3hat_moteus_int_msgs__rosidl_typesupport_fastrtps_c.dir/rosidl_typesupport_fastrtps_c/pi3hat_moteus_int_msgs/msg/detail/packet_pass__type_support_c.cpp.o[0m
[2.151s] [ 63%] [32mBuilding CXX object CMakeFiles/pi3hat_moteus_int_msgs__rosidl_typesupport_fastrtps_c.dir/rosidl_typesupport_fastrtps_c/pi3hat_moteus_int_msgs/msg/detail/joints_states__type_support_c.cpp.o[0m
[2.154s] [ 65%] [32mBuilding CXX object CMakeFiles/pi3hat_moteus_int_msgs__rosidl_typesupport_fastrtps_c.dir/rosidl_typesupport_fastrtps_c/pi3hat_moteus_int_msgs/msg/detail/joints_command__type_support_c.cpp.o[0m
[2.162s] [ 65%] Built target pi3hat_moteus_int_msgs__rosidl_typesupport_c
[2.168s] [ 68%] [32m[1mLinking CXX shared library libpi3hat_moteus_int_msgs__rosidl_typesupport_cpp.so[0m
[2.197s] [ 70%] [32m[1mLinking C shared library libpi3hat_moteus_int_msgs__rosidl_typesupport_introspection_c.so[0m
[2.212s] [ 70%] Built target pi3hat_moteus_int_msgs__rosidl_typesupport_cpp
[2.229s] [ 70%] Built target pi3hat_moteus_int_msgs__rosidl_typesupport_introspection_c
[2.378s] [ 72%] [32m[1mLinking CXX shared library libpi3hat_moteus_int_msgs__rosidl_typesupport_introspection_cpp.so[0m
[2.432s] [ 74%] [32m[1mLinking CXX shared library libpi3hat_moteus_int_msgs__rosidl_typesupport_fastrtps_cpp.so[0m
[2.435s] [ 74%] Built target pi3hat_moteus_int_msgs__rosidl_typesupport_introspection_cpp
[2.484s] [ 74%] Built target pi3hat_moteus_int_msgs__rosidl_typesupport_fastrtps_cpp
[2.500s] [ 76%] [32m[1mLinking CXX shared library libpi3hat_moteus_int_msgs__rosidl_typesupport_fastrtps_c.so[0m
[2.550s] [ 76%] Built target pi3hat_moteus_int_msgs__rosidl_typesupport_fastrtps_c
[2.565s] [ 76%] Built target pi3hat_moteus_int_msgs
[2.580s] [ 78%] [34m[1mGenerating Python code for ROS interfaces[0m
[2.944s] [ 78%] Built target pi3hat_moteus_int_msgs__py
[2.957s] [ 85%] [32mBuilding C object CMakeFiles/pi3hat_moteus_int_msgs__rosidl_generator_py.dir/rosidl_generator_py/pi3hat_moteus_int_msgs/msg/_packet_pass_s.c.o[0m
[2.957s] [ 85%] [32mBuilding C object CMakeFiles/pi3hat_moteus_int_msgs__rosidl_generator_py.dir/rosidl_generator_py/pi3hat_moteus_int_msgs/msg/_joints_command_s.c.o[0m
[2.957s] [ 85%] [32mBuilding C object CMakeFiles/pi3hat_moteus_int_msgs__rosidl_generator_py.dir/rosidl_generator_py/pi3hat_moteus_int_msgs/msg/_joints_states_s.c.o[0m
[3.048s] [ 87%] [32m[1mLinking C shared library rosidl_generator_py/pi3hat_moteus_int_msgs/libpi3hat_moteus_int_msgs__rosidl_generator_py.so[0m
[3.077s] [ 87%] Built target pi3hat_moteus_int_msgs__rosidl_generator_py
[3.090s] [ 93%] [32mBuilding C object CMakeFiles/pi3hat_moteus_int_msgs__rosidl_typesupport_c__pyext.dir/rosidl_generator_py/pi3hat_moteus_int_msgs/_pi3hat_moteus_int_msgs_s.ep.rosidl_typesupport_c.c.o[0m
[3.090s] [ 93%] [32mBuilding C object CMakeFiles/pi3hat_moteus_int_msgs__rosidl_typesupport_introspection_c__pyext.dir/rosidl_generator_py/pi3hat_moteus_int_msgs/_pi3hat_moteus_int_msgs_s.ep.rosidl_typesupport_introspection_c.c.o[0m
[3.090s] [ 93%] [32mBuilding C object CMakeFiles/pi3hat_moteus_int_msgs__rosidl_typesupport_fastrtps_c__pyext.dir/rosidl_generator_py/pi3hat_moteus_int_msgs/_pi3hat_moteus_int_msgs_s.ep.rosidl_typesupport_fastrtps_c.c.o[0m
[3.148s] [ 97%] [32m[1mLinking C shared library rosidl_generator_py/pi3hat_moteus_int_msgs/pi3hat_moteus_int_msgs_s__rosidl_typesupport_introspection_c.cpython-310-x86_64-linux-gnu.so[0m
[3.148s] [ 97%] [32m[1mLinking C shared library rosidl_generator_py/pi3hat_moteus_int_msgs/pi3hat_moteus_int_msgs_s__rosidl_typesupport_c.cpython-310-x86_64-linux-gnu.so[0m
[3.156s] [100%] [32m[1mLinking C shared library rosidl_generator_py/pi3hat_moteus_int_msgs/pi3hat_moteus_int_msgs_s__rosidl_typesupport_fastrtps_c.cpython-310-x86_64-linux-gnu.so[0m
[3.172s] [100%] Built target pi3hat_moteus_int_msgs__rosidl_typesupport_c__pyext
[3.172s] [100%] Built target pi3hat_moteus_int_msgs__rosidl_typesupport_introspection_c__pyext
[3.182s] [100%] Built target pi3hat_moteus_int_msgs__rosidl_typesupport_fastrtps_c__pyext
[3.191s] Invoked command in '/home/michele/michele_try_ws/fishingrod_ws/build/pi3hat_moteus_int_msgs' returned '0': CMAKE_PREFIX_PATH=${CMAKE_PREFIX_PATH}:/home/michele/michele_try_ws/fishingrod_ws/install/throw_experiments:/home/michele/michele_try_ws/fishingrod_ws/install/test_experiments:/home/michele/michele_try_ws/fishingrod_ws/install/rlg_quad_controller:/home/michele/michele_try_ws/fishingrod_ws/install/jumping_experiments:/opt/ros/humble /usr/bin/cmake --build /home/michele/michele_try_ws/fishingrod_ws/build/pi3hat_moteus_int_msgs -- -j20 -l20
[3.246s] Invoking command in '/home/michele/michele_try_ws/fishingrod_ws/build/pi3hat_moteus_int_msgs': CMAKE_PREFIX_PATH=${CMAKE_PREFIX_PATH}:/home/michele/michele_try_ws/fishingrod_ws/install/throw_experiments:/home/michele/michele_try_ws/fishingrod_ws/install/test_experiments:/home/michele/michele_try_ws/fishingrod_ws/install/rlg_quad_controller:/home/michele/michele_try_ws/fishingrod_ws/install/jumping_experiments:/opt/ros/humble /usr/bin/cmake --install /home/michele/michele_try_ws/fishingrod_ws/build/pi3hat_moteus_int_msgs
[3.253s] -- Install configuration: ""
[3.253s] -- Execute custom install script
[3.254s] -- Symlinking: /home/michele/michele_try_ws/fishingrod_ws/install/pi3hat_moteus_int_msgs/share/ament_index/resource_index/rosidl_interfaces/pi3hat_moteus_int_msgs
[3.260s] -- Symlinking: /home/michele/michele_try_ws/fishingrod_ws/install/pi3hat_moteus_int_msgs/include/pi3hat_moteus_int_msgs/pi3hat_moteus_int_msgs/msg/detail/joints_command__functions.h
[3.266s] -- Symlinking: /home/michele/michele_try_ws/fishingrod_ws/install/pi3hat_moteus_int_msgs/include/pi3hat_moteus_int_msgs/pi3hat_moteus_int_msgs/msg/detail/joints_command__struct.h
[3.271s] -- Symlinking: /home/michele/michele_try_ws/fishingrod_ws/install/pi3hat_moteus_int_msgs/include/pi3hat_moteus_int_msgs/pi3hat_moteus_int_msgs/msg/detail/joints_command__type_support.h
[3.276s] -- Symlinking: /home/michele/michele_try_ws/fishingrod_ws/install/pi3hat_moteus_int_msgs/include/pi3hat_moteus_int_msgs/pi3hat_moteus_int_msgs/msg/detail/joints_states__functions.h
[3.282s] -- Symlinking: /home/michele/michele_try_ws/fishingrod_ws/install/pi3hat_moteus_int_msgs/include/pi3hat_moteus_int_msgs/pi3hat_moteus_int_msgs/msg/detail/joints_states__struct.h
[3.287s] -- Symlinking: /home/michele/michele_try_ws/fishingrod_ws/install/pi3hat_moteus_int_msgs/include/pi3hat_moteus_int_msgs/pi3hat_moteus_int_msgs/msg/detail/joints_states__type_support.h
[3.293s] -- Symlinking: /home/michele/michele_try_ws/fishingrod_ws/install/pi3hat_moteus_int_msgs/include/pi3hat_moteus_int_msgs/pi3hat_moteus_int_msgs/msg/detail/packet_pass__functions.h
[3.299s] -- Symlinking: /home/michele/michele_try_ws/fishingrod_ws/install/pi3hat_moteus_int_msgs/include/pi3hat_moteus_int_msgs/pi3hat_moteus_int_msgs/msg/detail/packet_pass__struct.h
[3.305s] -- Symlinking: /home/michele/michele_try_ws/fishingrod_ws/install/pi3hat_moteus_int_msgs/include/pi3hat_moteus_int_msgs/pi3hat_moteus_int_msgs/msg/detail/packet_pass__type_support.h
[3.311s] -- Symlinking: /home/michele/michele_try_ws/fishingrod_ws/install/pi3hat_moteus_int_msgs/include/pi3hat_moteus_int_msgs/pi3hat_moteus_int_msgs/msg/joints_command.h
[3.317s] -- Symlinking: /home/michele/michele_try_ws/fishingrod_ws/install/pi3hat_moteus_int_msgs/include/pi3hat_moteus_int_msgs/pi3hat_moteus_int_msgs/msg/joints_states.h
[3.322s] -- Symlinking: /home/michele/michele_try_ws/fishingrod_ws/install/pi3hat_moteus_int_msgs/include/pi3hat_moteus_int_msgs/pi3hat_moteus_int_msgs/msg/packet_pass.h
[3.328s] -- Symlinking: /home/michele/michele_try_ws/fishingrod_ws/install/pi3hat_moteus_int_msgs/include/pi3hat_moteus_int_msgs/pi3hat_moteus_int_msgs/msg/rosidl_generator_c__visibility_control.h
[3.334s] -- Symlinking: /home/michele/michele_try_ws/fishingrod_ws/install/pi3hat_moteus_int_msgs/share/pi3hat_moteus_int_msgs/environment/library_path.sh
[3.339s] -- Symlinking: /home/michele/michele_try_ws/fishingrod_ws/install/pi3hat_moteus_int_msgs/share/pi3hat_moteus_int_msgs/environment/library_path.dsv
[3.345s] -- Symlinking: /home/michele/michele_try_ws/fishingrod_ws/install/pi3hat_moteus_int_msgs/include/pi3hat_moteus_int_msgs/pi3hat_moteus_int_msgs/msg/detail/joints_command__rosidl_typesupport_fastrtps_c.h
[3.350s] -- Symlinking: /home/michele/michele_try_ws/fishingrod_ws/install/pi3hat_moteus_int_msgs/include/pi3hat_moteus_int_msgs/pi3hat_moteus_int_msgs/msg/detail/joints_states__rosidl_typesupport_fastrtps_c.h
[3.355s] -- Symlinking: /home/michele/michele_try_ws/fishingrod_ws/install/pi3hat_moteus_int_msgs/include/pi3hat_moteus_int_msgs/pi3hat_moteus_int_msgs/msg/detail/packet_pass__rosidl_typesupport_fastrtps_c.h
[3.361s] -- Symlinking: /home/michele/michele_try_ws/fishingrod_ws/install/pi3hat_moteus_int_msgs/include/pi3hat_moteus_int_msgs/pi3hat_moteus_int_msgs/msg/rosidl_typesupport_fastrtps_c__visibility_control.h
[3.366s] -- Symlinking: /home/michele/michele_try_ws/fishingrod_ws/install/pi3hat_moteus_int_msgs/include/pi3hat_moteus_int_msgs/pi3hat_moteus_int_msgs/msg/detail/joints_command__builder.hpp
[3.372s] -- Symlinking: /home/michele/michele_try_ws/fishingrod_ws/install/pi3hat_moteus_int_msgs/include/pi3hat_moteus_int_msgs/pi3hat_moteus_int_msgs/msg/detail/joints_command__struct.hpp
[3.377s] -- Symlinking: /home/michele/michele_try_ws/fishingrod_ws/install/pi3hat_moteus_int_msgs/include/pi3hat_moteus_int_msgs/pi3hat_moteus_int_msgs/msg/detail/joints_command__traits.hpp
[3.383s] -- Symlinking: /home/michele/michele_try_ws/fishingrod_ws/install/pi3hat_moteus_int_msgs/include/pi3hat_moteus_int_msgs/pi3hat_moteus_int_msgs/msg/detail/joints_states__builder.hpp
[3.388s] -- Symlinking: /home/michele/michele_try_ws/fishingrod_ws/install/pi3hat_moteus_int_msgs/include/pi3hat_moteus_int_msgs/pi3hat_moteus_int_msgs/msg/detail/joints_states__struct.hpp
[3.393s] -- Symlinking: /home/michele/michele_try_ws/fishingrod_ws/install/pi3hat_moteus_int_msgs/include/pi3hat_moteus_int_msgs/pi3hat_moteus_int_msgs/msg/detail/joints_states__traits.hpp
[3.401s] -- Symlinking: /home/michele/michele_try_ws/fishingrod_ws/install/pi3hat_moteus_int_msgs/include/pi3hat_moteus_int_msgs/pi3hat_moteus_int_msgs/msg/detail/packet_pass__builder.hpp
[3.407s] -- Symlinking: /home/michele/michele_try_ws/fishingrod_ws/install/pi3hat_moteus_int_msgs/include/pi3hat_moteus_int_msgs/pi3hat_moteus_int_msgs/msg/detail/packet_pass__struct.hpp
[3.412s] -- Symlinking: /home/michele/michele_try_ws/fishingrod_ws/install/pi3hat_moteus_int_msgs/include/pi3hat_moteus_int_msgs/pi3hat_moteus_int_msgs/msg/detail/packet_pass__traits.hpp
[3.417s] -- Symlinking: /home/michele/michele_try_ws/fishingrod_ws/install/pi3hat_moteus_int_msgs/include/pi3hat_moteus_int_msgs/pi3hat_moteus_int_msgs/msg/joints_command.hpp
[3.423s] -- Symlinking: /home/michele/michele_try_ws/fishingrod_ws/install/pi3hat_moteus_int_msgs/include/pi3hat_moteus_int_msgs/pi3hat_moteus_int_msgs/msg/joints_states.hpp
[3.428s] -- Symlinking: /home/michele/michele_try_ws/fishingrod_ws/install/pi3hat_moteus_int_msgs/include/pi3hat_moteus_int_msgs/pi3hat_moteus_int_msgs/msg/packet_pass.hpp
[3.434s] -- Symlinking: /home/michele/michele_try_ws/fishingrod_ws/install/pi3hat_moteus_int_msgs/include/pi3hat_moteus_int_msgs/pi3hat_moteus_int_msgs/msg/detail/joints_command__rosidl_typesupport_fastrtps_cpp.hpp
[3.440s] -- Symlinking: /home/michele/michele_try_ws/fishingrod_ws/install/pi3hat_moteus_int_msgs/include/pi3hat_moteus_int_msgs/pi3hat_moteus_int_msgs/msg/detail/joints_states__rosidl_typesupport_fastrtps_cpp.hpp
[3.445s] -- Symlinking: /home/michele/michele_try_ws/fishingrod_ws/install/pi3hat_moteus_int_msgs/include/pi3hat_moteus_int_msgs/pi3hat_moteus_int_msgs/msg/detail/packet_pass__rosidl_typesupport_fastrtps_cpp.hpp
[3.450s] -- Symlinking: /home/michele/michele_try_ws/fishingrod_ws/install/pi3hat_moteus_int_msgs/include/pi3hat_moteus_int_msgs/pi3hat_moteus_int_msgs/msg/rosidl_typesupport_fastrtps_cpp__visibility_control.h
[3.456s] -- Symlinking: /home/michele/michele_try_ws/fishingrod_ws/install/pi3hat_moteus_int_msgs/include/pi3hat_moteus_int_msgs/pi3hat_moteus_int_msgs/msg/detail/joints_command__rosidl_typesupport_introspection_c.h
[3.461s] -- Symlinking: /home/michele/michele_try_ws/fishingrod_ws/install/pi3hat_moteus_int_msgs/include/pi3hat_moteus_int_msgs/pi3hat_moteus_int_msgs/msg/detail/joints_states__rosidl_typesupport_introspection_c.h
[3.466s] -- Symlinking: /home/michele/michele_try_ws/fishingrod_ws/install/pi3hat_moteus_int_msgs/include/pi3hat_moteus_int_msgs/pi3hat_moteus_int_msgs/msg/detail/packet_pass__rosidl_typesupport_introspection_c.h
[3.472s] -- Symlinking: /home/michele/michele_try_ws/fishingrod_ws/install/pi3hat_moteus_int_msgs/include/pi3hat_moteus_int_msgs/pi3hat_moteus_int_msgs/msg/rosidl_typesupport_introspection_c__visibility_control.h
[3.477s] -- Symlinking: /home/michele/michele_try_ws/fishingrod_ws/install/pi3hat_moteus_int_msgs/include/pi3hat_moteus_int_msgs/pi3hat_moteus_int_msgs/msg/detail/joints_command__rosidl_typesupport_introspection_cpp.hpp
[3.483s] -- Symlinking: /home/michele/michele_try_ws/fishingrod_ws/install/pi3hat_moteus_int_msgs/include/pi3hat_moteus_int_msgs/pi3hat_moteus_int_msgs/msg/detail/joints_states__rosidl_typesupport_introspection_cpp.hpp
[3.488s] -- Symlinking: /home/michele/michele_try_ws/fishingrod_ws/install/pi3hat_moteus_int_msgs/include/pi3hat_moteus_int_msgs/pi3hat_moteus_int_msgs/msg/detail/packet_pass__rosidl_typesupport_introspection_cpp.hpp
[3.494s] -- Symlinking: /home/michele/michele_try_ws/fishingrod_ws/install/pi3hat_moteus_int_msgs/share/pi3hat_moteus_int_msgs/environment/pythonpath.sh
[3.500s] -- Symlinking: /home/michele/michele_try_ws/fishingrod_ws/install/pi3hat_moteus_int_msgs/share/pi3hat_moteus_int_msgs/environment/pythonpath.dsv
[3.508s] -- Symlinking: /home/michele/michele_try_ws/fishingrod_ws/install/pi3hat_moteus_int_msgs/local/lib/python3.10/dist-packages/pi3hat_moteus_int_msgs-0.0.0-py3.10.egg-info/PKG-INFO
[3.513s] -- Symlinking: /home/michele/michele_try_ws/fishingrod_ws/install/pi3hat_moteus_int_msgs/local/lib/python3.10/dist-packages/pi3hat_moteus_int_msgs-0.0.0-py3.10.egg-info/SOURCES.txt
[3.519s] -- Symlinking: /home/michele/michele_try_ws/fishingrod_ws/install/pi3hat_moteus_int_msgs/local/lib/python3.10/dist-packages/pi3hat_moteus_int_msgs-0.0.0-py3.10.egg-info/dependency_links.txt
[3.524s] -- Symlinking: /home/michele/michele_try_ws/fishingrod_ws/install/pi3hat_moteus_int_msgs/local/lib/python3.10/dist-packages/pi3hat_moteus_int_msgs-0.0.0-py3.10.egg-info/top_level.txt
[3.530s] -- Symlinking: /home/michele/michele_try_ws/fishingrod_ws/install/pi3hat_moteus_int_msgs/local/lib/python3.10/dist-packages/pi3hat_moteus_int_msgs/__init__.py
[3.536s] -- Symlinking: /home/michele/michele_try_ws/fishingrod_ws/install/pi3hat_moteus_int_msgs/local/lib/python3.10/dist-packages/pi3hat_moteus_int_msgs/_pi3hat_moteus_int_msgs_s.ep.rosidl_typesupport_c.c
[3.541s] -- Symlinking: /home/michele/michele_try_ws/fishingrod_ws/install/pi3hat_moteus_int_msgs/local/lib/python3.10/dist-packages/pi3hat_moteus_int_msgs/_pi3hat_moteus_int_msgs_s.ep.rosidl_typesupport_fastrtps_c.c
[3.547s] -- Symlinking: /home/michele/michele_try_ws/fishingrod_ws/install/pi3hat_moteus_int_msgs/local/lib/python3.10/dist-packages/pi3hat_moteus_int_msgs/_pi3hat_moteus_int_msgs_s.ep.rosidl_typesupport_introspection_c.c
[3.552s] -- Symlinking: /home/michele/michele_try_ws/fishingrod_ws/install/pi3hat_moteus_int_msgs/local/lib/python3.10/dist-packages/pi3hat_moteus_int_msgs/libpi3hat_moteus_int_msgs__rosidl_generator_py.so
[3.558s] -- Symlinking: /home/michele/michele_try_ws/fishingrod_ws/install/pi3hat_moteus_int_msgs/local/lib/python3.10/dist-packages/pi3hat_moteus_int_msgs/msg/__init__.py
[3.565s] -- Symlinking: /home/michele/michele_try_ws/fishingrod_ws/install/pi3hat_moteus_int_msgs/local/lib/python3.10/dist-packages/pi3hat_moteus_int_msgs/msg/_joints_command.py
[3.570s] -- Symlinking: /home/michele/michele_try_ws/fishingrod_ws/install/pi3hat_moteus_int_msgs/local/lib/python3.10/dist-packages/pi3hat_moteus_int_msgs/msg/_joints_command_s.c
[3.576s] -- Symlinking: /home/michele/michele_try_ws/fishingrod_ws/install/pi3hat_moteus_int_msgs/local/lib/python3.10/dist-packages/pi3hat_moteus_int_msgs/msg/_joints_states.py
[3.581s] -- Symlinking: /home/michele/michele_try_ws/fishingrod_ws/install/pi3hat_moteus_int_msgs/local/lib/python3.10/dist-packages/pi3hat_moteus_int_msgs/msg/_joints_states_s.c
[3.587s] -- Symlinking: /home/michele/michele_try_ws/fishingrod_ws/install/pi3hat_moteus_int_msgs/local/lib/python3.10/dist-packages/pi3hat_moteus_int_msgs/msg/_packet_pass.py
[3.593s] -- Symlinking: /home/michele/michele_try_ws/fishingrod_ws/install/pi3hat_moteus_int_msgs/local/lib/python3.10/dist-packages/pi3hat_moteus_int_msgs/msg/_packet_pass_s.c
[3.598s] -- Symlinking: /home/michele/michele_try_ws/fishingrod_ws/install/pi3hat_moteus_int_msgs/local/lib/python3.10/dist-packages/pi3hat_moteus_int_msgs/pi3hat_moteus_int_msgs_s__rosidl_typesupport_c.cpython-310-x86_64-linux-gnu.so
[3.604s] -- Symlinking: /home/michele/michele_try_ws/fishingrod_ws/install/pi3hat_moteus_int_msgs/local/lib/python3.10/dist-packages/pi3hat_moteus_int_msgs/pi3hat_moteus_int_msgs_s__rosidl_typesupport_fastrtps_c.cpython-310-x86_64-linux-gnu.so
[3.609s] -- Symlinking: /home/michele/michele_try_ws/fishingrod_ws/install/pi3hat_moteus_int_msgs/local/lib/python3.10/dist-packages/pi3hat_moteus_int_msgs/pi3hat_moteus_int_msgs_s__rosidl_typesupport_introspection_c.cpython-310-x86_64-linux-gnu.so
[3.615s] -- Up-to-date symlink: /home/michele/michele_try_ws/fishingrod_ws/install/pi3hat_moteus_int_msgs/local/lib/python3.10/dist-packages/pi3hat_moteus_int_msgs/pi3hat_moteus_int_msgs_s__rosidl_typesupport_fastrtps_c.cpython-310-x86_64-linux-gnu.so
[3.615s] -- Up-to-date symlink: /home/michele/michele_try_ws/fishingrod_ws/install/pi3hat_moteus_int_msgs/local/lib/python3.10/dist-packages/pi3hat_moteus_int_msgs/pi3hat_moteus_int_msgs_s__rosidl_typesupport_introspection_c.cpython-310-x86_64-linux-gnu.so
[3.615s] -- Up-to-date symlink: /home/michele/michele_try_ws/fishingrod_ws/install/pi3hat_moteus_int_msgs/local/lib/python3.10/dist-packages/pi3hat_moteus_int_msgs/pi3hat_moteus_int_msgs_s__rosidl_typesupport_c.cpython-310-x86_64-linux-gnu.so
[3.615s] -- Symlinking: /home/michele/michele_try_ws/fishingrod_ws/install/pi3hat_moteus_int_msgs/share/pi3hat_moteus_int_msgs/msg/PacketPass.idl
[3.621s] -- Symlinking: /home/michele/michele_try_ws/fishingrod_ws/install/pi3hat_moteus_int_msgs/share/pi3hat_moteus_int_msgs/msg/JointsStates.idl
[3.626s] -- Symlinking: /home/michele/michele_try_ws/fishingrod_ws/install/pi3hat_moteus_int_msgs/share/pi3hat_moteus_int_msgs/msg/JointsCommand.idl
[3.632s] -- Symlinking: /home/michele/michele_try_ws/fishingrod_ws/install/pi3hat_moteus_int_msgs/share/pi3hat_moteus_int_msgs/msg/PacketPass.msg
[3.637s] -- Symlinking: /home/michele/michele_try_ws/fishingrod_ws/install/pi3hat_moteus_int_msgs/share/pi3hat_moteus_int_msgs/msg/JointsStates.msg
[3.642s] -- Symlinking: /home/michele/michele_try_ws/fishingrod_ws/install/pi3hat_moteus_int_msgs/share/pi3hat_moteus_int_msgs/msg/JointsCommand.msg
[3.647s] -- Symlinking: /home/michele/michele_try_ws/fishingrod_ws/install/pi3hat_moteus_int_msgs/share/ament_index/resource_index/package_run_dependencies/pi3hat_moteus_int_msgs
[3.652s] -- Symlinking: /home/michele/michele_try_ws/fishingrod_ws/install/pi3hat_moteus_int_msgs/share/ament_index/resource_index/parent_prefix_path/pi3hat_moteus_int_msgs
[3.657s] -- Symlinking: /home/michele/michele_try_ws/fishingrod_ws/install/pi3hat_moteus_int_msgs/share/pi3hat_moteus_int_msgs/environment/ament_prefix_path.sh
[3.662s] -- Symlinking: /home/michele/michele_try_ws/fishingrod_ws/install/pi3hat_moteus_int_msgs/share/pi3hat_moteus_int_msgs/environment/ament_prefix_path.dsv
[3.667s] -- Symlinking: /home/michele/michele_try_ws/fishingrod_ws/install/pi3hat_moteus_int_msgs/share/pi3hat_moteus_int_msgs/environment/path.sh
[3.673s] -- Symlinking: /home/michele/michele_try_ws/fishingrod_ws/install/pi3hat_moteus_int_msgs/share/pi3hat_moteus_int_msgs/environment/path.dsv
[3.678s] -- Symlinking: /home/michele/michele_try_ws/fishingrod_ws/install/pi3hat_moteus_int_msgs/share/pi3hat_moteus_int_msgs/local_setup.bash
[3.684s] -- Symlinking: /home/michele/michele_try_ws/fishingrod_ws/install/pi3hat_moteus_int_msgs/share/pi3hat_moteus_int_msgs/local_setup.sh
[3.689s] -- Symlinking: /home/michele/michele_try_ws/fishingrod_ws/install/pi3hat_moteus_int_msgs/share/pi3hat_moteus_int_msgs/local_setup.zsh
[3.695s] -- Symlinking: /home/michele/michele_try_ws/fishingrod_ws/install/pi3hat_moteus_int_msgs/share/pi3hat_moteus_int_msgs/local_setup.dsv
[3.702s] -- Symlinking: /home/michele/michele_try_ws/fishingrod_ws/install/pi3hat_moteus_int_msgs/share/pi3hat_moteus_int_msgs/package.dsv
[3.707s] -- Symlinking: /home/michele/michele_try_ws/fishingrod_ws/install/pi3hat_moteus_int_msgs/share/ament_index/resource_index/packages/pi3hat_moteus_int_msgs
[3.712s] -- Symlinking: /home/michele/michele_try_ws/fishingrod_ws/install/pi3hat_moteus_int_msgs/share/pi3hat_moteus_int_msgs/cmake/rosidl_cmake-extras.cmake
[3.718s] -- Symlinking: /home/michele/michele_try_ws/fishingrod_ws/install/pi3hat_moteus_int_msgs/share/pi3hat_moteus_int_msgs/cmake/ament_cmake_export_dependencies-extras.cmake
[3.723s] -- Symlinking: /home/michele/michele_try_ws/fishingrod_ws/install/pi3hat_moteus_int_msgs/share/pi3hat_moteus_int_msgs/cmake/ament_cmake_export_include_directories-extras.cmake
[3.729s] -- Symlinking: /home/michele/michele_try_ws/fishingrod_ws/install/pi3hat_moteus_int_msgs/share/pi3hat_moteus_int_msgs/cmake/ament_cmake_export_libraries-extras.cmake
[3.735s] -- Symlinking: /home/michele/michele_try_ws/fishingrod_ws/install/pi3hat_moteus_int_msgs/share/pi3hat_moteus_int_msgs/cmake/ament_cmake_export_targets-extras.cmake
[3.740s] -- Symlinking: /home/michele/michele_try_ws/fishingrod_ws/install/pi3hat_moteus_int_msgs/share/pi3hat_moteus_int_msgs/cmake/rosidl_cmake_export_typesupport_targets-extras.cmake
[3.746s] -- Symlinking: /home/michele/michele_try_ws/fishingrod_ws/install/pi3hat_moteus_int_msgs/share/pi3hat_moteus_int_msgs/cmake/rosidl_cmake_export_typesupport_libraries-extras.cmake
[3.751s] -- Symlinking: /home/michele/michele_try_ws/fishingrod_ws/install/pi3hat_moteus_int_msgs/share/pi3hat_moteus_int_msgs/cmake/pi3hat_moteus_int_msgsConfig.cmake
[3.757s] -- Symlinking: /home/michele/michele_try_ws/fishingrod_ws/install/pi3hat_moteus_int_msgs/share/pi3hat_moteus_int_msgs/cmake/pi3hat_moteus_int_msgsConfig-version.cmake
[3.762s] -- Symlinking: /home/michele/michele_try_ws/fishingrod_ws/install/pi3hat_moteus_int_msgs/share/pi3hat_moteus_int_msgs/package.xml
[3.768s] -- Installing: /home/michele/michele_try_ws/fishingrod_ws/install/pi3hat_moteus_int_msgs/lib/libpi3hat_moteus_int_msgs__rosidl_generator_c.so
[3.768s] -- Set runtime path of "/home/michele/michele_try_ws/fishingrod_ws/install/pi3hat_moteus_int_msgs/lib/libpi3hat_moteus_int_msgs__rosidl_generator_c.so" to ""
[3.768s] -- Installing: /home/michele/michele_try_ws/fishingrod_ws/install/pi3hat_moteus_int_msgs/lib/libpi3hat_moteus_int_msgs__rosidl_typesupport_fastrtps_c.so
[3.768s] -- Set runtime path of "/home/michele/michele_try_ws/fishingrod_ws/install/pi3hat_moteus_int_msgs/lib/libpi3hat_moteus_int_msgs__rosidl_typesupport_fastrtps_c.so" to ""
[3.768s] -- Installing: /home/michele/michele_try_ws/fishingrod_ws/install/pi3hat_moteus_int_msgs/lib/libpi3hat_moteus_int_msgs__rosidl_typesupport_fastrtps_cpp.so
[3.768s] -- Set runtime path of "/home/michele/michele_try_ws/fishingrod_ws/install/pi3hat_moteus_int_msgs/lib/libpi3hat_moteus_int_msgs__rosidl_typesupport_fastrtps_cpp.so" to ""
[3.768s] -- Installing: /home/michele/michele_try_ws/fishingrod_ws/install/pi3hat_moteus_int_msgs/lib/libpi3hat_moteus_int_msgs__rosidl_typesupport_introspection_c.so
[3.768s] -- Set runtime path of "/home/michele/michele_try_ws/fishingrod_ws/install/pi3hat_moteus_int_msgs/lib/libpi3hat_moteus_int_msgs__rosidl_typesupport_introspection_c.so" to ""
[3.768s] -- Installing: /home/michele/michele_try_ws/fishingrod_ws/install/pi3hat_moteus_int_msgs/lib/libpi3hat_moteus_int_msgs__rosidl_typesupport_c.so
[3.768s] -- Set runtime path of "/home/michele/michele_try_ws/fishingrod_ws/install/pi3hat_moteus_int_msgs/lib/libpi3hat_moteus_int_msgs__rosidl_typesupport_c.so" to ""
[3.768s] -- Installing: /home/michele/michele_try_ws/fishingrod_ws/install/pi3hat_moteus_int_msgs/lib/libpi3hat_moteus_int_msgs__rosidl_typesupport_introspection_cpp.so
[3.769s] -- Set runtime path of "/home/michele/michele_try_ws/fishingrod_ws/install/pi3hat_moteus_int_msgs/lib/libpi3hat_moteus_int_msgs__rosidl_typesupport_introspection_cpp.so" to ""
[3.769s] -- Installing: /home/michele/michele_try_ws/fishingrod_ws/install/pi3hat_moteus_int_msgs/lib/libpi3hat_moteus_int_msgs__rosidl_typesupport_cpp.so
[3.769s] -- Set runtime path of "/home/michele/michele_try_ws/fishingrod_ws/install/pi3hat_moteus_int_msgs/lib/libpi3hat_moteus_int_msgs__rosidl_typesupport_cpp.so" to ""
[3.796s] Listing '/home/michele/michele_try_ws/fishingrod_ws/install/pi3hat_moteus_int_msgs/local/lib/python3.10/dist-packages/pi3hat_moteus_int_msgs'...
[3.796s] Compiling '/home/michele/michele_try_ws/fishingrod_ws/install/pi3hat_moteus_int_msgs/local/lib/python3.10/dist-packages/pi3hat_moteus_int_msgs/__init__.py'...
[3.796s] Listing '/home/michele/michele_try_ws/fishingrod_ws/install/pi3hat_moteus_int_msgs/local/lib/python3.10/dist-packages/pi3hat_moteus_int_msgs/msg'...
[3.796s] Compiling '/home/michele/michele_try_ws/fishingrod_ws/install/pi3hat_moteus_int_msgs/local/lib/python3.10/dist-packages/pi3hat_moteus_int_msgs/msg/__init__.py'...
[3.796s] Compiling '/home/michele/michele_try_ws/fishingrod_ws/install/pi3hat_moteus_int_msgs/local/lib/python3.10/dist-packages/pi3hat_moteus_int_msgs/msg/_joints_command.py'...
[3.796s] Compiling '/home/michele/michele_try_ws/fishingrod_ws/install/pi3hat_moteus_int_msgs/local/lib/python3.10/dist-packages/pi3hat_moteus_int_msgs/msg/_joints_states.py'...
[3.796s] Compiling '/home/michele/michele_try_ws/fishingrod_ws/install/pi3hat_moteus_int_msgs/local/lib/python3.10/dist-packages/pi3hat_moteus_int_msgs/msg/_packet_pass.py'...
[3.799s] -- Installing: /home/michele/michele_try_ws/fishingrod_ws/install/pi3hat_moteus_int_msgs/lib/libpi3hat_moteus_int_msgs__rosidl_generator_py.so
[3.799s] -- Set runtime path of "/home/michele/michele_try_ws/fishingrod_ws/install/pi3hat_moteus_int_msgs/lib/libpi3hat_moteus_int_msgs__rosidl_generator_py.so" to ""
[3.799s] -- Installing: /home/michele/michele_try_ws/fishingrod_ws/install/pi3hat_moteus_int_msgs/share/pi3hat_moteus_int_msgs/cmake/export_pi3hat_moteus_int_msgs__rosidl_generator_cExport.cmake
[3.799s] -- Installing: /home/michele/michele_try_ws/fishingrod_ws/install/pi3hat_moteus_int_msgs/share/pi3hat_moteus_int_msgs/cmake/export_pi3hat_moteus_int_msgs__rosidl_generator_cExport-noconfig.cmake
[3.799s] -- Installing: /home/michele/michele_try_ws/fishingrod_ws/install/pi3hat_moteus_int_msgs/share/pi3hat_moteus_int_msgs/cmake/export_pi3hat_moteus_int_msgs__rosidl_typesupport_fastrtps_cExport.cmake
[3.799s] -- Installing: /home/michele/michele_try_ws/fishingrod_ws/install/pi3hat_moteus_int_msgs/share/pi3hat_moteus_int_msgs/cmake/export_pi3hat_moteus_int_msgs__rosidl_typesupport_fastrtps_cExport-noconfig.cmake
[3.800s] -- Installing: /home/michele/michele_try_ws/fishingrod_ws/install/pi3hat_moteus_int_msgs/share/pi3hat_moteus_int_msgs/cmake/export_pi3hat_moteus_int_msgs__rosidl_generator_cppExport.cmake
[3.800s] -- Installing: /home/michele/michele_try_ws/fishingrod_ws/install/pi3hat_moteus_int_msgs/share/pi3hat_moteus_int_msgs/cmake/export_pi3hat_moteus_int_msgs__rosidl_typesupport_fastrtps_cppExport.cmake
[3.800s] -- Installing: /home/michele/michele_try_ws/fishingrod_ws/install/pi3hat_moteus_int_msgs/share/pi3hat_moteus_int_msgs/cmake/export_pi3hat_moteus_int_msgs__rosidl_typesupport_fastrtps_cppExport-noconfig.cmake
[3.800s] -- Installing: /home/michele/michele_try_ws/fishingrod_ws/install/pi3hat_moteus_int_msgs/share/pi3hat_moteus_int_msgs/cmake/pi3hat_moteus_int_msgs__rosidl_typesupport_introspection_cExport.cmake
[3.800s] -- Installing: /home/michele/michele_try_ws/fishingrod_ws/install/pi3hat_moteus_int_msgs/share/pi3hat_moteus_int_msgs/cmake/pi3hat_moteus_int_msgs__rosidl_typesupport_introspection_cExport-noconfig.cmake
[3.800s] -- Installing: /home/michele/michele_try_ws/fishingrod_ws/install/pi3hat_moteus_int_msgs/share/pi3hat_moteus_int_msgs/cmake/pi3hat_moteus_int_msgs__rosidl_typesupport_cExport.cmake
[3.800s] -- Installing: /home/michele/michele_try_ws/fishingrod_ws/install/pi3hat_moteus_int_msgs/share/pi3hat_moteus_int_msgs/cmake/pi3hat_moteus_int_msgs__rosidl_typesupport_cExport-noconfig.cmake
[3.800s] -- Installing: /home/michele/michele_try_ws/fishingrod_ws/install/pi3hat_moteus_int_msgs/share/pi3hat_moteus_int_msgs/cmake/pi3hat_moteus_int_msgs__rosidl_typesupport_introspection_cppExport.cmake
[3.800s] -- Installing: /home/michele/michele_try_ws/fishingrod_ws/install/pi3hat_moteus_int_msgs/share/pi3hat_moteus_int_msgs/cmake/pi3hat_moteus_int_msgs__rosidl_typesupport_introspection_cppExport-noconfig.cmake
[3.800s] -- Installing: /home/michele/michele_try_ws/fishingrod_ws/install/pi3hat_moteus_int_msgs/share/pi3hat_moteus_int_msgs/cmake/pi3hat_moteus_int_msgs__rosidl_typesupport_cppExport.cmake
[3.800s] -- Installing: /home/michele/michele_try_ws/fishingrod_ws/install/pi3hat_moteus_int_msgs/share/pi3hat_moteus_int_msgs/cmake/pi3hat_moteus_int_msgs__rosidl_typesupport_cppExport-noconfig.cmake
[3.800s] -- Installing: /home/michele/michele_try_ws/fishingrod_ws/install/pi3hat_moteus_int_msgs/share/pi3hat_moteus_int_msgs/cmake/export_pi3hat_moteus_int_msgs__rosidl_generator_pyExport.cmake
[3.800s] -- Installing: /home/michele/michele_try_ws/fishingrod_ws/install/pi3hat_moteus_int_msgs/share/pi3hat_moteus_int_msgs/cmake/export_pi3hat_moteus_int_msgs__rosidl_generator_pyExport-noconfig.cmake
[3.801s] Invoked command in '/home/michele/michele_try_ws/fishingrod_ws/build/pi3hat_moteus_int_msgs' returned '0': CMAKE_PREFIX_PATH=${CMAKE_PREFIX_PATH}:/home/michele/michele_try_ws/fishingrod_ws/install/throw_experiments:/home/michele/michele_try_ws/fishingrod_ws/install/test_experiments:/home/michele/michele_try_ws/fishingrod_ws/install/rlg_quad_controller:/home/michele/michele_try_ws/fishingrod_ws/install/jumping_experiments:/opt/ros/humble /usr/bin/cmake --install /home/michele/michele_try_ws/fishingrod_ws/build/pi3hat_moteus_int_msgs
