[0.022s] Invoking command in '/home/michele/michele_try_ws/fishingrod_ws/build/fishingrod_description': CMAKE_PREFIX_PATH=${CMAKE_PREFIX_PATH}:/home/michele/michele_try_ws/fishingrod_ws/install/throw_experiments:/home/michele/michele_try_ws/fishingrod_ws/install/test_experiments:/home/michele/michele_try_ws/fishingrod_ws/install/rlg_quad_controller:/home/michele/michele_try_ws/fishingrod_ws/install/jumping_experiments:/opt/ros/humble /usr/bin/cmake --build /home/michele/michele_try_ws/fishingrod_ws/build/fishingrod_description -- -j20 -l20
[0.719s] Invoked command in '/home/michele/michele_try_ws/fishingrod_ws/build/fishingrod_description' returned '0': CMAKE_PREFIX_PATH=${CMAKE_PREFIX_PATH}:/home/michele/michele_try_ws/fishingrod_ws/install/throw_experiments:/home/michele/michele_try_ws/fishingrod_ws/install/test_experiments:/home/michele/michele_try_ws/fishingrod_ws/install/rlg_quad_controller:/home/michele/michele_try_ws/fishingrod_ws/install/jumping_experiments:/opt/ros/humble /usr/bin/cmake --build /home/michele/michele_try_ws/fishingrod_ws/build/fishingrod_description -- -j20 -l20
[0.747s] Invoking command in '/home/michele/michele_try_ws/fishingrod_ws/build/fishingrod_description': CMAKE_PREFIX_PATH=${CMAKE_PREFIX_PATH}:/home/michele/michele_try_ws/fishingrod_ws/install/throw_experiments:/home/michele/michele_try_ws/fishingrod_ws/install/test_experiments:/home/michele/michele_try_ws/fishingrod_ws/install/rlg_quad_controller:/home/michele/michele_try_ws/fishingrod_ws/install/jumping_experiments:/opt/ros/humble /usr/bin/cmake --install /home/michele/michele_try_ws/fishingrod_ws/build/fishingrod_description
[0.755s] -- Install configuration: ""
[0.755s] -- Execute custom install script
[0.756s] -- Up-to-date symlink: /home/michele/michele_try_ws/fishingrod_ws/install/fishingrod_description/share/fishingrod_description/urdf/fishingrod.urdf
[0.756s] -- Up-to-date symlink: /home/michele/michele_try_ws/fishingrod_ws/install/fishingrod_description/share/fishingrod_description/urdf/fishingrod.xacro
[0.756s] -- Up-to-date symlink: /home/michele/michele_try_ws/fishingrod_ws/install/fishingrod_description/share/fishingrod_description/urdf/fishingrod_old_.urdf
[0.756s] -- Up-to-date symlink: /home/michele/michele_try_ws/fishingrod_ws/install/fishingrod_description/share/fishingrod_description/urdf/fishingrod_tri.urdf
[0.756s] -- Up-to-date symlink: /home/michele/michele_try_ws/fishingrod_ws/install/fishingrod_description/share/fishingrod_description/launch/display_fishingrod.launch.py
[0.756s] -- Up-to-date symlink: /home/michele/michele_try_ws/fishingrod_ws/install/fishingrod_description/share/fishingrod_description/launch/gazebo_fishingrod.launch.py
[0.757s] -- Up-to-date symlink: /home/michele/michele_try_ws/fishingrod_ws/install/fishingrod_description/share/fishingrod_description/rviz/config.rviz
[0.757s] -- Up-to-date symlink: /home/michele/michele_try_ws/fishingrod_ws/install/fishingrod_description/share/ament_index/resource_index/package_run_dependencies/fishingrod_description
[0.757s] -- Up-to-date symlink: /home/michele/michele_try_ws/fishingrod_ws/install/fishingrod_description/share/ament_index/resource_index/parent_prefix_path/fishingrod_description
[0.757s] -- Up-to-date symlink: /home/michele/michele_try_ws/fishingrod_ws/install/fishingrod_description/share/fishingrod_description/environment/ament_prefix_path.sh
[0.757s] -- Up-to-date symlink: /home/michele/michele_try_ws/fishingrod_ws/install/fishingrod_description/share/fishingrod_description/environment/ament_prefix_path.dsv
[0.757s] -- Up-to-date symlink: /home/michele/michele_try_ws/fishingrod_ws/install/fishingrod_description/share/fishingrod_description/environment/path.sh
[0.758s] -- Up-to-date symlink: /home/michele/michele_try_ws/fishingrod_ws/install/fishingrod_description/share/fishingrod_description/environment/path.dsv
[0.758s] -- Up-to-date symlink: /home/michele/michele_try_ws/fishingrod_ws/install/fishingrod_description/share/fishingrod_description/local_setup.bash
[0.758s] -- Up-to-date symlink: /home/michele/michele_try_ws/fishingrod_ws/install/fishingrod_description/share/fishingrod_description/local_setup.sh
[0.758s] -- Up-to-date symlink: /home/michele/michele_try_ws/fishingrod_ws/install/fishingrod_description/share/fishingrod_description/local_setup.zsh
[0.758s] -- Up-to-date symlink: /home/michele/michele_try_ws/fishingrod_ws/install/fishingrod_description/share/fishingrod_description/local_setup.dsv
[0.758s] -- Symlinking: /home/michele/michele_try_ws/fishingrod_ws/install/fishingrod_description/share/fishingrod_description/package.dsv
[0.767s] -- Up-to-date symlink: /home/michele/michele_try_ws/fishingrod_ws/install/fishingrod_description/share/ament_index/resource_index/packages/fishingrod_description
[0.767s] -- Up-to-date symlink: /home/michele/michele_try_ws/fishingrod_ws/install/fishingrod_description/share/fishingrod_description/cmake/fishingrod_descriptionConfig.cmake
[0.768s] -- Up-to-date symlink: /home/michele/michele_try_ws/fishingrod_ws/install/fishingrod_description/share/fishingrod_description/cmake/fishingrod_descriptionConfig-version.cmake
[0.768s] -- Up-to-date symlink: /home/michele/michele_try_ws/fishingrod_ws/install/fishingrod_description/share/fishingrod_description/package.xml
[0.770s] Invoked command in '/home/michele/michele_try_ws/fishingrod_ws/build/fishingrod_description' returned '0': CMAKE_PREFIX_PATH=${CMAKE_PREFIX_PATH}:/home/michele/michele_try_ws/fishingrod_ws/install/throw_experiments:/home/michele/michele_try_ws/fishingrod_ws/install/test_experiments:/home/michele/michele_try_ws/fishingrod_ws/install/rlg_quad_controller:/home/michele/michele_try_ws/fishingrod_ws/install/jumping_experiments:/opt/ros/humble /usr/bin/cmake --install /home/michele/michele_try_ws/fishingrod_ws/build/fishingrod_description
