[0.015s] Invoking command in '/home/michele/michele_try_ws/fishingrod_ws/build/fishingrod_description': CMAKE_PREFIX_PATH=${CMAKE_PREFIX_PATH}:/home/michele/michele_try_ws/fishingrod_ws/install/throw_experiments:/home/michele/michele_try_ws/fishingrod_ws/install/test_experiments:/home/michele/michele_try_ws/fishingrod_ws/install/rlg_quad_controller:/home/michele/michele_try_ws/fishingrod_ws/install/jumping_experiments:/opt/ros/humble /usr/bin/cmake /home/michele/michele_try_ws/fishingrod_ws/src/fishingrod_description -DAMENT_CMAKE_SYMLINK_INSTALL=1 -DCMAKE_INSTALL_PREFIX=/home/michele/michele_try_ws/fishingrod_ws/install/fishingrod_description
[0.210s] -- The C compiler identification is GNU 11.4.0
[0.210s] -- The CXX compiler identification is GNU 11.4.0
[0.211s] -- Detecting C compiler ABI info
[0.211s] -- Detecting C compiler ABI info - done
[0.211s] -- Check for working C compiler: /usr/bin/gcc - skipped
[0.211s] -- Detecting C compile features
[0.211s] -- Detecting C compile features - done
[0.211s] -- Detecting CXX compiler ABI info
[0.211s] -- Detecting CXX compiler ABI info - done
[0.211s] -- Check for working CXX compiler: /usr/bin/g++ - skipped
[0.212s] -- Detecting CXX compile features
[0.212s] -- Detecting CXX compile features - done
[0.212s] -- Found ament_cmake: 1.3.10 (/opt/ros/humble/share/ament_cmake/cmake)
[0.320s] -- Found Python3: /usr/bin/python3 (found version "3.10.12") found components: Interpreter 
[0.358s] -- Override CMake install command with custom implementation using symlinks instead of copying resources
[0.374s] -- Found ament_lint_auto: 0.12.11 (/opt/ros/humble/share/ament_lint_auto/cmake)
[0.429s] -- Added test 'flake8' to check Python code syntax and style conventions
[0.430s] -- Added test 'lint_cmake' to check CMake code style
[0.431s] -- Added test 'pep257' to check Python code against some of the docstring style conventions in PEP 257
[0.432s] -- Added test 'xmllint' to check XML markup files
[0.433s] -- Configuring done
[0.436s] -- Generating done
[0.437s] -- Build files have been written to: /home/michele/michele_try_ws/fishingrod_ws/build/fishingrod_description
[0.441s] Invoked command in '/home/michele/michele_try_ws/fishingrod_ws/build/fishingrod_description' returned '0': CMAKE_PREFIX_PATH=${CMAKE_PREFIX_PATH}:/home/michele/michele_try_ws/fishingrod_ws/install/throw_experiments:/home/michele/michele_try_ws/fishingrod_ws/install/test_experiments:/home/michele/michele_try_ws/fishingrod_ws/install/rlg_quad_controller:/home/michele/michele_try_ws/fishingrod_ws/install/jumping_experiments:/opt/ros/humble /usr/bin/cmake /home/michele/michele_try_ws/fishingrod_ws/src/fishingrod_description -DAMENT_CMAKE_SYMLINK_INSTALL=1 -DCMAKE_INSTALL_PREFIX=/home/michele/michele_try_ws/fishingrod_ws/install/fishingrod_description
[0.443s] Invoking command in '/home/michele/michele_try_ws/fishingrod_ws/build/fishingrod_description': CMAKE_PREFIX_PATH=${CMAKE_PREFIX_PATH}:/home/michele/michele_try_ws/fishingrod_ws/install/throw_experiments:/home/michele/michele_try_ws/fishingrod_ws/install/test_experiments:/home/michele/michele_try_ws/fishingrod_ws/install/rlg_quad_controller:/home/michele/michele_try_ws/fishingrod_ws/install/jumping_experiments:/opt/ros/humble /usr/bin/cmake --build /home/michele/michele_try_ws/fishingrod_ws/build/fishingrod_description -- -j20 -l20
[0.467s] Invoked command in '/home/michele/michele_try_ws/fishingrod_ws/build/fishingrod_description' returned '0': CMAKE_PREFIX_PATH=${CMAKE_PREFIX_PATH}:/home/michele/michele_try_ws/fishingrod_ws/install/throw_experiments:/home/michele/michele_try_ws/fishingrod_ws/install/test_experiments:/home/michele/michele_try_ws/fishingrod_ws/install/rlg_quad_controller:/home/michele/michele_try_ws/fishingrod_ws/install/jumping_experiments:/opt/ros/humble /usr/bin/cmake --build /home/michele/michele_try_ws/fishingrod_ws/build/fishingrod_description -- -j20 -l20
[0.488s] Invoking command in '/home/michele/michele_try_ws/fishingrod_ws/build/fishingrod_description': CMAKE_PREFIX_PATH=${CMAKE_PREFIX_PATH}:/home/michele/michele_try_ws/fishingrod_ws/install/throw_experiments:/home/michele/michele_try_ws/fishingrod_ws/install/test_experiments:/home/michele/michele_try_ws/fishingrod_ws/install/rlg_quad_controller:/home/michele/michele_try_ws/fishingrod_ws/install/jumping_experiments:/opt/ros/humble /usr/bin/cmake --install /home/michele/michele_try_ws/fishingrod_ws/build/fishingrod_description
[0.495s] -- Install configuration: ""
[0.496s] -- Execute custom install script
[0.496s] -- Symlinking: /home/michele/michele_try_ws/fishingrod_ws/install/fishingrod_description/share/fishingrod_description/urdf/fishingrod.urdf
[0.503s] -- Symlinking: /home/michele/michele_try_ws/fishingrod_ws/install/fishingrod_description/share/fishingrod_description/urdf/fishingrod.xacro
[0.509s] -- Symlinking: /home/michele/michele_try_ws/fishingrod_ws/install/fishingrod_description/share/fishingrod_description/urdf/fishingrod_old_.urdf
[0.515s] -- Symlinking: /home/michele/michele_try_ws/fishingrod_ws/install/fishingrod_description/share/fishingrod_description/urdf/fishingrod_tri.urdf
[0.521s] -- Symlinking: /home/michele/michele_try_ws/fishingrod_ws/install/fishingrod_description/share/fishingrod_description/launch/display_fishingrod.launch.py
[0.526s] -- Symlinking: /home/michele/michele_try_ws/fishingrod_ws/install/fishingrod_description/share/fishingrod_description/launch/gazebo_fishingrod.launch.py
[0.532s] -- Symlinking: /home/michele/michele_try_ws/fishingrod_ws/install/fishingrod_description/share/fishingrod_description/rviz/config.rviz
[0.538s] -- Symlinking: /home/michele/michele_try_ws/fishingrod_ws/install/fishingrod_description/share/ament_index/resource_index/package_run_dependencies/fishingrod_description
[0.544s] -- Symlinking: /home/michele/michele_try_ws/fishingrod_ws/install/fishingrod_description/share/ament_index/resource_index/parent_prefix_path/fishingrod_description
[0.549s] -- Symlinking: /home/michele/michele_try_ws/fishingrod_ws/install/fishingrod_description/share/fishingrod_description/environment/ament_prefix_path.sh
[0.555s] -- Symlinking: /home/michele/michele_try_ws/fishingrod_ws/install/fishingrod_description/share/fishingrod_description/environment/ament_prefix_path.dsv
[0.560s] -- Symlinking: /home/michele/michele_try_ws/fishingrod_ws/install/fishingrod_description/share/fishingrod_description/environment/path.sh
[0.566s] -- Symlinking: /home/michele/michele_try_ws/fishingrod_ws/install/fishingrod_description/share/fishingrod_description/environment/path.dsv
[0.572s] -- Symlinking: /home/michele/michele_try_ws/fishingrod_ws/install/fishingrod_description/share/fishingrod_description/local_setup.bash
[0.578s] -- Symlinking: /home/michele/michele_try_ws/fishingrod_ws/install/fishingrod_description/share/fishingrod_description/local_setup.sh
[0.583s] -- Symlinking: /home/michele/michele_try_ws/fishingrod_ws/install/fishingrod_description/share/fishingrod_description/local_setup.zsh
[0.589s] -- Symlinking: /home/michele/michele_try_ws/fishingrod_ws/install/fishingrod_description/share/fishingrod_description/local_setup.dsv
[0.595s] -- Symlinking: /home/michele/michele_try_ws/fishingrod_ws/install/fishingrod_description/share/fishingrod_description/package.dsv
[0.603s] -- Symlinking: /home/michele/michele_try_ws/fishingrod_ws/install/fishingrod_description/share/ament_index/resource_index/packages/fishingrod_description
[0.610s] -- Symlinking: /home/michele/michele_try_ws/fishingrod_ws/install/fishingrod_description/share/fishingrod_description/cmake/fishingrod_descriptionConfig.cmake
[0.615s] -- Symlinking: /home/michele/michele_try_ws/fishingrod_ws/install/fishingrod_description/share/fishingrod_description/cmake/fishingrod_descriptionConfig-version.cmake
[0.621s] -- Symlinking: /home/michele/michele_try_ws/fishingrod_ws/install/fishingrod_description/share/fishingrod_description/package.xml
[0.629s] Invoked command in '/home/michele/michele_try_ws/fishingrod_ws/build/fishingrod_description' returned '0': CMAKE_PREFIX_PATH=${CMAKE_PREFIX_PATH}:/home/michele/michele_try_ws/fishingrod_ws/install/throw_experiments:/home/michele/michele_try_ws/fishingrod_ws/install/test_experiments:/home/michele/michele_try_ws/fishingrod_ws/install/rlg_quad_controller:/home/michele/michele_try_ws/fishingrod_ws/install/jumping_experiments:/opt/ros/humble /usr/bin/cmake --install /home/michele/michele_try_ws/fishingrod_ws/build/fishingrod_description
