[0.007s] Invoking command in '/home/michele/michele_try_ws/fishingrod_ws/build/fishingrod_gazebo': CMAKE_PREFIX_PATH=/home/michele/michele_try_ws/fishingrod_ws/install/fishingrod_description:/home/michele/michele_try_ws/fishingrod_ws/install/sea_plugin_package:/home/michele/michele_try_ws/fishingrod_ws/install/rbt_pd_cnt:/home/michele/michele_try_ws/fishingrod_ws/install/pi3hat_moteus_int_msgs:/home/michele/michele_try_ws/fishingrod_ws/install/fishingrod_gazebo:/opt/openrobots:/opt/openrobots:/home/michele/michele_try_ws/fishingrod_ws/install/throw_experiments:/home/michele/michele_try_ws/fishingrod_ws/install/test_experiments:/home/michele/michele_try_ws/fishingrod_ws/install/rlg_quad_controller:/home/michele/michele_try_ws/fishingrod_ws/install/jumping_experiments:/opt/ros/humble /usr/bin/cmake /home/michele/michele_try_ws/fishingrod_ws/src/fishingrod_gazebo -DAMENT_CMAKE_SYMLINK_INSTALL=1 -DCMAKE_INSTALL_PREFIX=/home/michele/michele_try_ws/fishingrod_ws/install/fishingrod_gazebo
[0.043s] -- The C compiler identification is GNU 11.4.0
[0.080s] -- The CXX compiler identification is GNU 11.4.0
[0.084s] -- Detecting C compiler ABI info
[0.125s] -- Detecting C compiler ABI info - done
[0.129s] -- Check for working C compiler: /usr/bin/gcc - skipped
[0.129s] -- Detecting C compile features
[0.129s] -- Detecting C compile features - done
[0.131s] -- Detecting CXX compiler ABI info
[0.178s] -- Detecting CXX compiler ABI info - done
[0.183s] -- Check for working CXX compiler: /usr/bin/g++ - skipped
[0.183s] -- Detecting CXX compile features
[0.184s] -- Detecting CXX compile features - done
[0.185s] -- Found ament_cmake: 1.3.10 (/opt/ros/humble/share/ament_cmake/cmake)
[0.318s] -- Found Python3: /usr/bin/python3 (found version "3.10.12") found components: Interpreter 
[0.363s] -- Override CMake install command with custom implementation using symlinks instead of copying resources
[0.378s] -- Found ament_lint_auto: 0.12.11 (/opt/ros/humble/share/ament_lint_auto/cmake)
[0.431s] -- Added test 'flake8' to check Python code syntax and style conventions
[0.432s] -- Added test 'lint_cmake' to check CMake code style
[0.432s] -- Added test 'pep257' to check Python code against some of the docstring style conventions in PEP 257
[0.433s] -- Added test 'xmllint' to check XML markup files
[0.433s] -- Configuring done
[0.435s] -- Generating done
[0.435s] -- Build files have been written to: /home/michele/michele_try_ws/fishingrod_ws/build/fishingrod_gazebo
[0.438s] Invoked command in '/home/michele/michele_try_ws/fishingrod_ws/build/fishingrod_gazebo' returned '0': CMAKE_PREFIX_PATH=/home/michele/michele_try_ws/fishingrod_ws/install/fishingrod_description:/home/michele/michele_try_ws/fishingrod_ws/install/sea_plugin_package:/home/michele/michele_try_ws/fishingrod_ws/install/rbt_pd_cnt:/home/michele/michele_try_ws/fishingrod_ws/install/pi3hat_moteus_int_msgs:/home/michele/michele_try_ws/fishingrod_ws/install/fishingrod_gazebo:/opt/openrobots:/opt/openrobots:/home/michele/michele_try_ws/fishingrod_ws/install/throw_experiments:/home/michele/michele_try_ws/fishingrod_ws/install/test_experiments:/home/michele/michele_try_ws/fishingrod_ws/install/rlg_quad_controller:/home/michele/michele_try_ws/fishingrod_ws/install/jumping_experiments:/opt/ros/humble /usr/bin/cmake /home/michele/michele_try_ws/fishingrod_ws/src/fishingrod_gazebo -DAMENT_CMAKE_SYMLINK_INSTALL=1 -DCMAKE_INSTALL_PREFIX=/home/michele/michele_try_ws/fishingrod_ws/install/fishingrod_gazebo
[0.439s] Invoking command in '/home/michele/michele_try_ws/fishingrod_ws/build/fishingrod_gazebo': CMAKE_PREFIX_PATH=/home/michele/michele_try_ws/fishingrod_ws/install/fishingrod_description:/home/michele/michele_try_ws/fishingrod_ws/install/sea_plugin_package:/home/michele/michele_try_ws/fishingrod_ws/install/rbt_pd_cnt:/home/michele/michele_try_ws/fishingrod_ws/install/pi3hat_moteus_int_msgs:/home/michele/michele_try_ws/fishingrod_ws/install/fishingrod_gazebo:/opt/openrobots:/opt/openrobots:/home/michele/michele_try_ws/fishingrod_ws/install/throw_experiments:/home/michele/michele_try_ws/fishingrod_ws/install/test_experiments:/home/michele/michele_try_ws/fishingrod_ws/install/rlg_quad_controller:/home/michele/michele_try_ws/fishingrod_ws/install/jumping_experiments:/opt/ros/humble /usr/bin/cmake --build /home/michele/michele_try_ws/fishingrod_ws/build/fishingrod_gazebo -- -j20 -l20
[0.462s] Invoked command in '/home/michele/michele_try_ws/fishingrod_ws/build/fishingrod_gazebo' returned '0': CMAKE_PREFIX_PATH=/home/michele/michele_try_ws/fishingrod_ws/install/fishingrod_description:/home/michele/michele_try_ws/fishingrod_ws/install/sea_plugin_package:/home/michele/michele_try_ws/fishingrod_ws/install/rbt_pd_cnt:/home/michele/michele_try_ws/fishingrod_ws/install/pi3hat_moteus_int_msgs:/home/michele/michele_try_ws/fishingrod_ws/install/fishingrod_gazebo:/opt/openrobots:/opt/openrobots:/home/michele/michele_try_ws/fishingrod_ws/install/throw_experiments:/home/michele/michele_try_ws/fishingrod_ws/install/test_experiments:/home/michele/michele_try_ws/fishingrod_ws/install/rlg_quad_controller:/home/michele/michele_try_ws/fishingrod_ws/install/jumping_experiments:/opt/ros/humble /usr/bin/cmake --build /home/michele/michele_try_ws/fishingrod_ws/build/fishingrod_gazebo -- -j20 -l20
[0.476s] Invoking command in '/home/michele/michele_try_ws/fishingrod_ws/build/fishingrod_gazebo': CMAKE_PREFIX_PATH=/home/michele/michele_try_ws/fishingrod_ws/install/fishingrod_description:/home/michele/michele_try_ws/fishingrod_ws/install/sea_plugin_package:/home/michele/michele_try_ws/fishingrod_ws/install/rbt_pd_cnt:/home/michele/michele_try_ws/fishingrod_ws/install/pi3hat_moteus_int_msgs:/home/michele/michele_try_ws/fishingrod_ws/install/fishingrod_gazebo:/opt/openrobots:/opt/openrobots:/home/michele/michele_try_ws/fishingrod_ws/install/throw_experiments:/home/michele/michele_try_ws/fishingrod_ws/install/test_experiments:/home/michele/michele_try_ws/fishingrod_ws/install/rlg_quad_controller:/home/michele/michele_try_ws/fishingrod_ws/install/jumping_experiments:/opt/ros/humble /usr/bin/cmake --install /home/michele/michele_try_ws/fishingrod_ws/build/fishingrod_gazebo
[0.480s] -- Install configuration: ""
[0.480s] -- Execute custom install script
[0.481s] -- Symlinking: /home/michele/michele_try_ws/fishingrod_ws/install/fishingrod_gazebo/share/fishingrod_gazebo/launch/sim.launch.py
[0.486s] -- Symlinking: /home/michele/michele_try_ws/fishingrod_ws/install/fishingrod_gazebo/share/fishingrod_gazebo/config/fishingrod_gazebo_sim_jnt_PD.yaml
[0.491s] -- Symlinking: /home/michele/michele_try_ws/fishingrod_ws/install/fishingrod_gazebo/share/ament_index/resource_index/package_run_dependencies/fishingrod_gazebo
[0.497s] -- Symlinking: /home/michele/michele_try_ws/fishingrod_ws/install/fishingrod_gazebo/share/ament_index/resource_index/parent_prefix_path/fishingrod_gazebo
[0.502s] -- Symlinking: /home/michele/michele_try_ws/fishingrod_ws/install/fishingrod_gazebo/share/fishingrod_gazebo/environment/ament_prefix_path.sh
[0.507s] -- Symlinking: /home/michele/michele_try_ws/fishingrod_ws/install/fishingrod_gazebo/share/fishingrod_gazebo/environment/ament_prefix_path.dsv
[0.512s] -- Symlinking: /home/michele/michele_try_ws/fishingrod_ws/install/fishingrod_gazebo/share/fishingrod_gazebo/environment/path.sh
[0.517s] -- Symlinking: /home/michele/michele_try_ws/fishingrod_ws/install/fishingrod_gazebo/share/fishingrod_gazebo/environment/path.dsv
[0.522s] -- Symlinking: /home/michele/michele_try_ws/fishingrod_ws/install/fishingrod_gazebo/share/fishingrod_gazebo/local_setup.bash
[0.527s] -- Symlinking: /home/michele/michele_try_ws/fishingrod_ws/install/fishingrod_gazebo/share/fishingrod_gazebo/local_setup.sh
[0.532s] -- Symlinking: /home/michele/michele_try_ws/fishingrod_ws/install/fishingrod_gazebo/share/fishingrod_gazebo/local_setup.zsh
[0.537s] -- Symlinking: /home/michele/michele_try_ws/fishingrod_ws/install/fishingrod_gazebo/share/fishingrod_gazebo/local_setup.dsv
[0.542s] -- Symlinking: /home/michele/michele_try_ws/fishingrod_ws/install/fishingrod_gazebo/share/fishingrod_gazebo/package.dsv
[0.547s] -- Symlinking: /home/michele/michele_try_ws/fishingrod_ws/install/fishingrod_gazebo/share/ament_index/resource_index/packages/fishingrod_gazebo
[0.552s] -- Symlinking: /home/michele/michele_try_ws/fishingrod_ws/install/fishingrod_gazebo/share/fishingrod_gazebo/cmake/fishingrod_gazeboConfig.cmake
[0.557s] -- Symlinking: /home/michele/michele_try_ws/fishingrod_ws/install/fishingrod_gazebo/share/fishingrod_gazebo/cmake/fishingrod_gazeboConfig-version.cmake
[0.562s] -- Symlinking: /home/michele/michele_try_ws/fishingrod_ws/install/fishingrod_gazebo/share/fishingrod_gazebo/package.xml
[0.569s] Invoked command in '/home/michele/michele_try_ws/fishingrod_ws/build/fishingrod_gazebo' returned '0': CMAKE_PREFIX_PATH=/home/michele/michele_try_ws/fishingrod_ws/install/fishingrod_description:/home/michele/michele_try_ws/fishingrod_ws/install/sea_plugin_package:/home/michele/michele_try_ws/fishingrod_ws/install/rbt_pd_cnt:/home/michele/michele_try_ws/fishingrod_ws/install/pi3hat_moteus_int_msgs:/home/michele/michele_try_ws/fishingrod_ws/install/fishingrod_gazebo:/opt/openrobots:/opt/openrobots:/home/michele/michele_try_ws/fishingrod_ws/install/throw_experiments:/home/michele/michele_try_ws/fishingrod_ws/install/test_experiments:/home/michele/michele_try_ws/fishingrod_ws/install/rlg_quad_controller:/home/michele/michele_try_ws/fishingrod_ws/install/jumping_experiments:/opt/ros/humble /usr/bin/cmake --install /home/michele/michele_try_ws/fishingrod_ws/build/fishingrod_gazebo
