-- The C compiler identification is GNU 11.4.0
-- The CXX compiler identification is GNU 11.4.0
-- Detecting C compiler ABI info
-- Detecting C compiler ABI info - done
-- Check for working C compiler: /usr/bin/gcc - skipped
-- Detecting C compile features
-- Detecting C compile features - done
-- Detecting CXX compiler ABI info
-- Detecting CXX compiler ABI info - done
-- Check for working CXX compiler: /usr/bin/g++ - skipped
-- Detecting CXX compile features
-- Detecting CXX compile features - done
-- Found ament_cmake: 1.3.10 (/opt/ros/humble/share/ament_cmake/cmake)
-- Found Python3: /usr/bin/python3 (found version "3.10.12") found components: Interpreter 
-- Override CMake install command with custom implementation using symlinks instead of copying resources
-- Found ament_lint_auto: 0.12.11 (/opt/ros/humble/share/ament_lint_auto/cmake)
-- Added test 'flake8' to check Python code syntax and style conventions
-- Added test 'lint_cmake' to check CMake code style
-- Added test 'pep257' to check Python code against some of the docstring style conventions in PEP 257
-- Added test 'xmllint' to check XML markup files
-- Configuring done
-- Generating done
-- Build files have been written to: /home/michele/michele_try_ws/fishingrod_ws/build/fishingrod_gazebo
-- Install configuration: ""
-- Execute custom install script
-- Symlinking: /home/michele/michele_try_ws/fishingrod_ws/install/fishingrod_gazebo/share/fishingrod_gazebo/launch/sim.launch.py
-- Symlinking: /home/michele/michele_try_ws/fishingrod_ws/install/fishingrod_gazebo/share/fishingrod_gazebo/config/fishingrod_gazebo_sim_jnt_PD.yaml
-- Symlinking: /home/michele/michele_try_ws/fishingrod_ws/install/fishingrod_gazebo/share/ament_index/resource_index/package_run_dependencies/fishingrod_gazebo
-- Symlinking: /home/michele/michele_try_ws/fishingrod_ws/install/fishingrod_gazebo/share/ament_index/resource_index/parent_prefix_path/fishingrod_gazebo
-- Symlinking: /home/michele/michele_try_ws/fishingrod_ws/install/fishingrod_gazebo/share/fishingrod_gazebo/environment/ament_prefix_path.sh
-- Symlinking: /home/michele/michele_try_ws/fishingrod_ws/install/fishingrod_gazebo/share/fishingrod_gazebo/environment/ament_prefix_path.dsv
-- Symlinking: /home/michele/michele_try_ws/fishingrod_ws/install/fishingrod_gazebo/share/fishingrod_gazebo/environment/path.sh
-- Symlinking: /home/michele/michele_try_ws/fishingrod_ws/install/fishingrod_gazebo/share/fishingrod_gazebo/environment/path.dsv
-- Symlinking: /home/michele/michele_try_ws/fishingrod_ws/install/fishingrod_gazebo/share/fishingrod_gazebo/local_setup.bash
-- Symlinking: /home/michele/michele_try_ws/fishingrod_ws/install/fishingrod_gazebo/share/fishingrod_gazebo/local_setup.sh
-- Symlinking: /home/michele/michele_try_ws/fishingrod_ws/install/fishingrod_gazebo/share/fishingrod_gazebo/local_setup.zsh
-- Symlinking: /home/michele/michele_try_ws/fishingrod_ws/install/fishingrod_gazebo/share/fishingrod_gazebo/local_setup.dsv
-- Symlinking: /home/michele/michele_try_ws/fishingrod_ws/install/fishingrod_gazebo/share/fishingrod_gazebo/package.dsv
-- Symlinking: /home/michele/michele_try_ws/fishingrod_ws/install/fishingrod_gazebo/share/ament_index/resource_index/packages/fishingrod_gazebo
-- Symlinking: /home/michele/michele_try_ws/fishingrod_ws/install/fishingrod_gazebo/share/fishingrod_gazebo/cmake/fishingrod_gazeboConfig.cmake
-- Symlinking: /home/michele/michele_try_ws/fishingrod_ws/install/fishingrod_gazebo/share/fishingrod_gazebo/cmake/fishingrod_gazeboConfig-version.cmake
-- Symlinking: /home/michele/michele_try_ws/fishingrod_ws/install/fishingrod_gazebo/share/fishingrod_gazebo/package.xml
