[0.012s] Invoking command in '/home/michele/michele_try_ws/fishingrod_ws/build/sea_plugin_package': CMAKE_PREFIX_PATH=${CMAKE_PREFIX_PATH}:/home/michele/michele_try_ws/fishingrod_ws/install/throw_experiments:/home/michele/michele_try_ws/fishingrod_ws/install/test_experiments:/home/michele/michele_try_ws/fishingrod_ws/install/rlg_quad_controller:/home/michele/michele_try_ws/fishingrod_ws/install/jumping_experiments:/opt/ros/humble /usr/bin/cmake /home/michele/michele_try_ws/fishingrod_ws/src/sea_plugin_package -DAMENT_CMAKE_SYMLINK_INSTALL=1 -DCMAKE_INSTALL_PREFIX=/home/michele/michele_try_ws/fishingrod_ws/install/sea_plugin_package
[0.206s] -- The C compiler identification is GNU 11.4.0
[0.207s] -- The CXX compiler identification is GNU 11.4.0
[0.207s] -- Detecting C compiler ABI info
[0.207s] -- Detecting C compiler ABI info - done
[0.207s] -- Check for working C compiler: /usr/bin/gcc - skipped
[0.207s] -- Detecting C compile features
[0.207s] -- Detecting C compile features - done
[0.207s] -- Detecting CXX compiler ABI info
[0.207s] -- Detecting CXX compiler ABI info - done
[0.207s] -- Check for working CXX compiler: /usr/bin/g++ - skipped
[0.207s] -- Detecting CXX compile features
[0.207s] -- Detecting CXX compile features - done
[0.207s] -- Found ament_cmake: 1.3.10 (/opt/ros/humble/share/ament_cmake/cmake)
[0.312s] -- Found Python3: /usr/bin/python3 (found version "3.10.12") found components: Interpreter 
[0.355s] -- Override CMake install command with custom implementation using symlinks instead of copying resources
[0.372s] -- Found rclcpp: 16.0.9 (/opt/ros/humble/share/rclcpp/cmake)
[0.401s] -- Found rosidl_generator_c: 3.1.5 (/opt/ros/humble/share/rosidl_generator_c/cmake)
[0.404s] -- Found rosidl_adapter: 3.1.5 (/opt/ros/humble/share/rosidl_adapter/cmake)
[0.409s] -- Found rosidl_generator_cpp: 3.1.5 (/opt/ros/humble/share/rosidl_generator_cpp/cmake)
[0.418s] -- Using all available rosidl_typesupport_c: rosidl_typesupport_fastrtps_c;rosidl_typesupport_introspection_c
[0.430s] -- Using all available rosidl_typesupport_cpp: rosidl_typesupport_fastrtps_cpp;rosidl_typesupport_introspection_cpp
[0.475s] -- Found rmw_implementation_cmake: 6.1.2 (/opt/ros/humble/share/rmw_implementation_cmake/cmake)
[0.477s] -- Found rmw_fastrtps_cpp: 6.2.6 (/opt/ros/humble/share/rmw_fastrtps_cpp/cmake)
[0.536s] -- Found OpenSSL: /usr/lib/x86_64-linux-gnu/libcrypto.so (found version "3.0.2")  
[0.549s] -- Found FastRTPS: /opt/ros/humble/include  
[0.570s] -- Using RMW implementation 'rmw_fastrtps_cpp' as default
[0.580s] -- Looking for pthread.h
[0.625s] -- Looking for pthread.h - found
[0.625s] -- Performing Test CMAKE_HAVE_LIBC_PTHREAD
[0.672s] -- Performing Test CMAKE_HAVE_LIBC_PTHREAD - Success
[0.673s] -- Found Threads: TRUE  
[0.786s] -- Found gazebo_dev: 3.7.0 (/opt/ros/humble/share/gazebo_dev/cmake)
[0.790s] -- Found PkgConfig: /usr/bin/pkg-config (found version "0.29.2") 
[0.791s] -- Checking for module 'bullet>=2.82'
[0.800s] --   Found bullet, version 3.05
[0.872s] -- Found fcl: /usr/include (found suitable version "0.7.0", minimum required is "0.5.0") 
[0.902s] -- Found assimp: /usr/include (found version "5.2.0") 
[0.922s] -- Found DART: /usr/include (Required is at least version "6.6") found components: dart 
[0.945s] -- Found Boost: /usr/lib/x86_64-linux-gnu/cmake/Boost-1.74.0/BoostConfig.cmake (found suitable version "1.74.0", minimum required is "1.40.0") found components: thread system filesystem program_options regex iostreams date_time 
[0.955s] -- Found Protobuf: /usr/lib/x86_64-linux-gnu/libprotobuf.so (found version "3.12.4") 
[0.959s] -- Looking for ignition-math6 -- found version 6.15.1
[0.963s] -- Searching for dependencies of ignition-math6
[0.964s] -- Looking for OGRE...
[0.964s] -- OGRE_PREFIX_WATCH changed.
[0.968s] -- Checking for module 'OGRE'
[0.976s] --   Found OGRE, version 1.9.0
[0.997s] -- Found Ogre Ghadamon (1.9.0)
[1.002s] -- Found OGRE: optimized;/usr/lib/x86_64-linux-gnu/libOgreMain.so;debug;/usr/lib/x86_64-linux-gnu/libOgreMain.so
[1.009s] -- Looking for OGRE_Paging...
[1.014s] -- Found OGRE_Paging: optimized;/usr/lib/x86_64-linux-gnu/libOgrePaging.so;debug;/usr/lib/x86_64-linux-gnu/libOgrePaging.so
[1.014s] -- Looking for OGRE_Terrain...
[1.019s] -- Found OGRE_Terrain: optimized;/usr/lib/x86_64-linux-gnu/libOgreTerrain.so;debug;/usr/lib/x86_64-linux-gnu/libOgreTerrain.so
[1.019s] -- Looking for OGRE_Property...
[1.022s] -- Found OGRE_Property: optimized;/usr/lib/x86_64-linux-gnu/libOgreProperty.so;debug;/usr/lib/x86_64-linux-gnu/libOgreProperty.so
[1.022s] -- Looking for OGRE_RTShaderSystem...
[1.027s] -- Found OGRE_RTShaderSystem: optimized;/usr/lib/x86_64-linux-gnu/libOgreRTShaderSystem.so;debug;/usr/lib/x86_64-linux-gnu/libOgreRTShaderSystem.so
[1.027s] -- Looking for OGRE_Volume...
[1.031s] -- Found OGRE_Volume: optimized;/usr/lib/x86_64-linux-gnu/libOgreVolume.so;debug;/usr/lib/x86_64-linux-gnu/libOgreVolume.so
[1.031s] -- Looking for OGRE_Overlay...
[1.036s] -- Found OGRE_Overlay: optimized;/usr/lib/x86_64-linux-gnu/libOgreOverlay.so;debug;/usr/lib/x86_64-linux-gnu/libOgreOverlay.so
[1.122s] -- Looking for ignition-math6 -- found version 6.15.1
[1.123s] -- Looking for ignition-transport8 -- found version 8.2.1
[1.123s] -- Searching for dependencies of ignition-transport8
[1.135s] -- Found Protobuf: /usr/lib/x86_64-linux-gnu/libprotobuf.so (found suitable version "3.12.4", minimum required is "3") 
[1.142s] -- Config-file not installed for ZeroMQ -- checking for pkg-config
[1.146s] -- Checking for module 'libzmq >= 4'
[1.153s] --   Found libzmq , version 4.3.4
[1.175s] -- Found ZeroMQ: TRUE (Required is at least version "4") 
[1.179s] -- Checking for module 'uuid'
[1.187s] --   Found uuid, version 2.37.2
[1.207s] -- Found UUID: TRUE  
[1.208s] -- Looking for ignition-msgs5 -- found version 5.8.1
[1.208s] -- Searching for dependencies of ignition-msgs5
[1.221s] -- Looking for ignition-math6 -- found version 6.15.1
[1.224s] -- Checking for module 'tinyxml2'
[1.232s] --   Found tinyxml2, version 9.0.0
[1.255s] -- Looking for ignition-msgs5 -- found version 5.8.1
[1.258s] -- Looking for ignition-common3 -- found version 3.14.0
[1.259s] -- Searching for dependencies of ignition-common3
[1.259s] -- Looking for dlfcn.h - found
[1.260s] -- Looking for libdl - found
[1.261s] -- Found DL: TRUE  
[1.270s] -- Found tinyobjloader: /usr/lib/x86_64-linux-gnu/cmake/tinyobjloader/tinyobjloader-config.cmake (found version "2.0.0") 
[1.270s] -- Searching for <ignition-common3> component [graphics]
[1.272s] -- Looking for ignition-common3-graphics -- found version 3.14.0
[1.272s] -- Searching for dependencies of ignition-common3-graphics
[1.273s] -- Looking for ignition-math6 -- found version 6.15.1
[1.274s] -- Looking for ignition-fuel_tools4 -- found version 4.4.0
[1.274s] -- Searching for dependencies of ignition-fuel_tools4
[1.330s] -- Found CURL: /usr/lib/x86_64-linux-gnu/libcurl.so (found version "7.81.0")  
[1.336s] -- Checking for module 'jsoncpp'
[1.345s] --   Found jsoncpp, version 1.9.5
[1.368s] -- Found JSONCPP: TRUE  
[1.372s] -- Checking for module 'libzip'
[1.381s] --   Found libzip, version 1.7.3
[1.403s] -- Found ZIP: TRUE  
[1.403s] -- Looking for ignition-common3 -- found version 3.14.0
[1.404s] -- Looking for ignition-math6 -- found version 6.15.1
[1.404s] -- Looking for ignition-msgs5 -- found version 5.8.1
[1.406s] -- Gazebo version: 11.10
[1.407s] -- Checking for module 'tbb'
[1.418s] --   Found tbb, version 2021.5.0
[1.442s] -- Found gazebo_ros: 3.7.0 (/opt/ros/humble/share/gazebo_ros/cmake)
[1.472s] -- Found ament_lint_auto: 0.12.11 (/opt/ros/humble/share/ament_lint_auto/cmake)
[1.539s] -- Added test 'copyright' to check source files copyright and LICENSE
[1.542s] -- Added test 'cppcheck' to perform static code analysis on C / C++ code
[1.543s] -- Configured cppcheck include dirs: /home/michele/michele_try_ws/fishingrod_ws/src/sea_plugin_package/include
[1.543s] -- Configured cppcheck exclude dirs and/or files: 
[1.546s] -- Added test 'cpplint' to check C / C++ code against the Google style
[1.546s] -- Configured cpplint exclude dirs and/or files: 
[1.548s] -- Added test 'lint_cmake' to check CMake code style
[1.551s] -- Added test 'uncrustify' to check C / C++ code style
[1.551s] -- Configured uncrustify additional arguments: 
[1.552s] -- Added test 'xmllint' to check XML markup files
[1.553s] -- Configuring done
[1.569s] -- Generating done
[1.571s] -- Build files have been written to: /home/michele/michele_try_ws/fishingrod_ws/build/sea_plugin_package
[1.580s] Invoked command in '/home/michele/michele_try_ws/fishingrod_ws/build/sea_plugin_package' returned '0': CMAKE_PREFIX_PATH=${CMAKE_PREFIX_PATH}:/home/michele/michele_try_ws/fishingrod_ws/install/throw_experiments:/home/michele/michele_try_ws/fishingrod_ws/install/test_experiments:/home/michele/michele_try_ws/fishingrod_ws/install/rlg_quad_controller:/home/michele/michele_try_ws/fishingrod_ws/install/jumping_experiments:/opt/ros/humble /usr/bin/cmake /home/michele/michele_try_ws/fishingrod_ws/src/sea_plugin_package -DAMENT_CMAKE_SYMLINK_INSTALL=1 -DCMAKE_INSTALL_PREFIX=/home/michele/michele_try_ws/fishingrod_ws/install/sea_plugin_package
[1.581s] Invoking command in '/home/michele/michele_try_ws/fishingrod_ws/build/sea_plugin_package': CMAKE_PREFIX_PATH=${CMAKE_PREFIX_PATH}:/home/michele/michele_try_ws/fishingrod_ws/install/throw_experiments:/home/michele/michele_try_ws/fishingrod_ws/install/test_experiments:/home/michele/michele_try_ws/fishingrod_ws/install/rlg_quad_controller:/home/michele/michele_try_ws/fishingrod_ws/install/jumping_experiments:/opt/ros/humble /usr/bin/cmake --build /home/michele/michele_try_ws/fishingrod_ws/build/sea_plugin_package -- -j20 -l20
[1.619s] [ 25%] [32mBuilding CXX object CMakeFiles/SerialElasticPlugin.dir/src/SerialElasticPlugin.cc.o[0m
[1.625s] [ 50%] [32mBuilding CXX object CMakeFiles/SerialElasticPluginTri.dir/src/SerialElasticPluginTri.cc.o[0m
[7.195s] [ 75%] [32m[1mLinking CXX shared library libSerialElasticPlugin.so[0m
[7.277s] [100%] [32m[1mLinking CXX shared library libSerialElasticPluginTri.so[0m
[7.423s] [100%] Built target SerialElasticPlugin
[7.507s] [100%] Built target SerialElasticPluginTri
[7.516s] Invoked command in '/home/michele/michele_try_ws/fishingrod_ws/build/sea_plugin_package' returned '0': CMAKE_PREFIX_PATH=${CMAKE_PREFIX_PATH}:/home/michele/michele_try_ws/fishingrod_ws/install/throw_experiments:/home/michele/michele_try_ws/fishingrod_ws/install/test_experiments:/home/michele/michele_try_ws/fishingrod_ws/install/rlg_quad_controller:/home/michele/michele_try_ws/fishingrod_ws/install/jumping_experiments:/opt/ros/humble /usr/bin/cmake --build /home/michele/michele_try_ws/fishingrod_ws/build/sea_plugin_package -- -j20 -l20
[7.534s] Invoking command in '/home/michele/michele_try_ws/fishingrod_ws/build/sea_plugin_package': CMAKE_PREFIX_PATH=${CMAKE_PREFIX_PATH}:/home/michele/michele_try_ws/fishingrod_ws/install/throw_experiments:/home/michele/michele_try_ws/fishingrod_ws/install/test_experiments:/home/michele/michele_try_ws/fishingrod_ws/install/rlg_quad_controller:/home/michele/michele_try_ws/fishingrod_ws/install/jumping_experiments:/opt/ros/humble /usr/bin/cmake --install /home/michele/michele_try_ws/fishingrod_ws/build/sea_plugin_package
[7.539s] -- Install configuration: ""
[7.540s] -- Execute custom install script
[7.540s] -- Symlinking: /home/michele/michele_try_ws/fishingrod_ws/install/sea_plugin_package/lib/libSerialElasticPlugin.so
[7.547s] -- Symlinking: /home/michele/michele_try_ws/fishingrod_ws/install/sea_plugin_package/lib/libSerialElasticPluginTri.so
[7.554s] -- Symlinking: /home/michele/michele_try_ws/fishingrod_ws/install/sea_plugin_package/share/ament_index/resource_index/package_run_dependencies/sea_plugin_package
[7.560s] -- Symlinking: /home/michele/michele_try_ws/fishingrod_ws/install/sea_plugin_package/share/ament_index/resource_index/parent_prefix_path/sea_plugin_package
[7.566s] -- Symlinking: /home/michele/michele_try_ws/fishingrod_ws/install/sea_plugin_package/share/sea_plugin_package/environment/ament_prefix_path.sh
[7.575s] -- Symlinking: /home/michele/michele_try_ws/fishingrod_ws/install/sea_plugin_package/share/sea_plugin_package/environment/ament_prefix_path.dsv
[7.582s] -- Symlinking: /home/michele/michele_try_ws/fishingrod_ws/install/sea_plugin_package/share/sea_plugin_package/environment/path.sh
[7.588s] -- Symlinking: /home/michele/michele_try_ws/fishingrod_ws/install/sea_plugin_package/share/sea_plugin_package/environment/path.dsv
[7.594s] -- Symlinking: /home/michele/michele_try_ws/fishingrod_ws/install/sea_plugin_package/share/sea_plugin_package/local_setup.bash
[7.600s] -- Symlinking: /home/michele/michele_try_ws/fishingrod_ws/install/sea_plugin_package/share/sea_plugin_package/local_setup.sh
[7.606s] -- Symlinking: /home/michele/michele_try_ws/fishingrod_ws/install/sea_plugin_package/share/sea_plugin_package/local_setup.zsh
[7.613s] -- Symlinking: /home/michele/michele_try_ws/fishingrod_ws/install/sea_plugin_package/share/sea_plugin_package/local_setup.dsv
[7.619s] -- Symlinking: /home/michele/michele_try_ws/fishingrod_ws/install/sea_plugin_package/share/sea_plugin_package/package.dsv
[7.625s] -- Symlinking: /home/michele/michele_try_ws/fishingrod_ws/install/sea_plugin_package/share/ament_index/resource_index/packages/sea_plugin_package
[7.632s] -- Symlinking: /home/michele/michele_try_ws/fishingrod_ws/install/sea_plugin_package/share/sea_plugin_package/cmake/sea_plugin_packageConfig.cmake
[7.640s] -- Symlinking: /home/michele/michele_try_ws/fishingrod_ws/install/sea_plugin_package/share/sea_plugin_package/cmake/sea_plugin_packageConfig-version.cmake
[7.646s] -- Symlinking: /home/michele/michele_try_ws/fishingrod_ws/install/sea_plugin_package/share/sea_plugin_package/package.xml
[7.655s] Invoked command in '/home/michele/michele_try_ws/fishingrod_ws/build/sea_plugin_package' returned '0': CMAKE_PREFIX_PATH=${CMAKE_PREFIX_PATH}:/home/michele/michele_try_ws/fishingrod_ws/install/throw_experiments:/home/michele/michele_try_ws/fishingrod_ws/install/test_experiments:/home/michele/michele_try_ws/fishingrod_ws/install/rlg_quad_controller:/home/michele/michele_try_ws/fishingrod_ws/install/jumping_experiments:/opt/ros/humble /usr/bin/cmake --install /home/michele/michele_try_ws/fishingrod_ws/build/sea_plugin_package
