[0.142s] DEBUG:colcon:Command line arguments: ['/usr/bin/colcon', 'build', '--packages-select', 'sea_plugin_package/']
[0.142s] DEBUG:colcon:Parsed command line arguments: Namespace(log_base=None, log_level=None, verb_name='build', build_base='build', install_base='install', merge_install=False, symlink_install=False, test_result_base=None, continue_on_error=False, executor='parallel', parallel_workers=20, event_handlers=None, ignore_user_meta=False, metas=['./colcon.meta'], base_paths=['.'], packages_ignore=None, packages_ignore_regex=None, paths=None, packages_up_to=None, packages_up_to_regex=None, packages_above=None, packages_above_and_dependencies=None, packages_above_depth=None, packages_select_by_dep=None, packages_skip_by_dep=None, packages_skip_up_to=None, packages_select_build_failed=False, packages_skip_build_finished=False, packages_select_test_failures=False, packages_skip_test_passed=False, packages_select=['sea_plugin_package/'], packages_skip=None, packages_select_regex=None, packages_skip_regex=None, packages_start=None, packages_end=None, allow_overriding=[], cmake_args=None, cmake_target=None, cmake_target_skip_unavailable=False, cmake_clean_cache=False, cmake_clean_first=False, cmake_force_configure=False, ament_cmake_args=None, catkin_cmake_args=None, catkin_skip_building_tests=False, mixin_files=None, mixin=None, verb_parser=<colcon_mixin.mixin.mixin_argument.MixinArgumentDecorator object at 0x7d1989399bd0>, verb_extension=<colcon_core.verb.build.BuildVerb object at 0x7d1989399660>, main=<bound method BuildVerb.main of <colcon_core.verb.build.BuildVerb object at 0x7d1989399660>>, mixin_verb=('build',))
[0.252s] Level 1:colcon.colcon_core.package_discovery:discover_packages(colcon_meta) check parameters
[0.252s] Level 1:colcon.colcon_core.package_discovery:discover_packages(recursive) check parameters
[0.252s] Level 1:colcon.colcon_core.package_discovery:discover_packages(ignore) check parameters
[0.252s] Level 1:colcon.colcon_core.package_discovery:discover_packages(path) check parameters
[0.252s] Level 1:colcon.colcon_core.package_discovery:discover_packages(colcon_meta) discover
[0.252s] Level 1:colcon.colcon_core.package_discovery:discover_packages(recursive) discover
[0.252s] INFO:colcon.colcon_core.package_discovery:Crawling recursively for packages in '/home/michele/michele_try_ws/fishingrod_ws/src'
[0.252s] Level 1:colcon.colcon_core.package_identification:_identify(.) by extensions ['ignore', 'ignore_ament_install']
[0.252s] Level 1:colcon.colcon_core.package_identification:_identify(.) by extension 'ignore'
[0.252s] Level 1:colcon.colcon_core.package_identification:_identify(.) by extension 'ignore_ament_install'
[0.252s] Level 1:colcon.colcon_core.package_identification:_identify(.) by extensions ['colcon_pkg']
[0.252s] Level 1:colcon.colcon_core.package_identification:_identify(.) by extension 'colcon_pkg'
[0.252s] Level 1:colcon.colcon_core.package_identification:_identify(.) by extensions ['colcon_meta']
[0.252s] Level 1:colcon.colcon_core.package_identification:_identify(.) by extension 'colcon_meta'
[0.252s] Level 1:colcon.colcon_core.package_identification:_identify(.) by extensions ['ros']
[0.252s] Level 1:colcon.colcon_core.package_identification:_identify(.) by extension 'ros'
[0.263s] Level 1:colcon.colcon_core.package_identification:_identify(.) by extensions ['cmake', 'python']
[0.263s] Level 1:colcon.colcon_core.package_identification:_identify(.) by extension 'cmake'
[0.263s] Level 1:colcon.colcon_core.package_identification:_identify(.) by extension 'python'
[0.263s] Level 1:colcon.colcon_core.package_identification:_identify(.) by extensions ['python_setup_py']
[0.263s] Level 1:colcon.colcon_core.package_identification:_identify(.) by extension 'python_setup_py'
[0.263s] Level 1:colcon.colcon_core.package_identification:_identify(build) by extensions ['ignore', 'ignore_ament_install']
[0.263s] Level 1:colcon.colcon_core.package_identification:_identify(build) by extension 'ignore'
[0.263s] Level 1:colcon.colcon_core.package_identification:_identify(build) ignored
[0.263s] Level 1:colcon.colcon_core.package_identification:_identify(fishingrod_description) by extensions ['ignore', 'ignore_ament_install']
[0.263s] Level 1:colcon.colcon_core.package_identification:_identify(fishingrod_description) by extension 'ignore'
[0.263s] Level 1:colcon.colcon_core.package_identification:_identify(fishingrod_description) by extension 'ignore_ament_install'
[0.263s] Level 1:colcon.colcon_core.package_identification:_identify(fishingrod_description) by extensions ['colcon_pkg']
[0.263s] Level 1:colcon.colcon_core.package_identification:_identify(fishingrod_description) by extension 'colcon_pkg'
[0.263s] Level 1:colcon.colcon_core.package_identification:_identify(fishingrod_description) by extensions ['colcon_meta']
[0.263s] Level 1:colcon.colcon_core.package_identification:_identify(fishingrod_description) by extension 'colcon_meta'
[0.263s] Level 1:colcon.colcon_core.package_identification:_identify(fishingrod_description) by extensions ['ros']
[0.263s] Level 1:colcon.colcon_core.package_identification:_identify(fishingrod_description) by extension 'ros'
[0.264s] DEBUG:colcon.colcon_core.package_identification:Package 'fishingrod_description' with type 'ros.ament_cmake' and name 'fishingrod_description'
[0.264s] Level 1:colcon.colcon_core.package_identification:_identify(fishingrod_gazebo) by extensions ['ignore', 'ignore_ament_install']
[0.264s] Level 1:colcon.colcon_core.package_identification:_identify(fishingrod_gazebo) by extension 'ignore'
[0.264s] Level 1:colcon.colcon_core.package_identification:_identify(fishingrod_gazebo) by extension 'ignore_ament_install'
[0.264s] Level 1:colcon.colcon_core.package_identification:_identify(fishingrod_gazebo) by extensions ['colcon_pkg']
[0.264s] Level 1:colcon.colcon_core.package_identification:_identify(fishingrod_gazebo) by extension 'colcon_pkg'
[0.264s] Level 1:colcon.colcon_core.package_identification:_identify(fishingrod_gazebo) by extensions ['colcon_meta']
[0.264s] Level 1:colcon.colcon_core.package_identification:_identify(fishingrod_gazebo) by extension 'colcon_meta'
[0.264s] Level 1:colcon.colcon_core.package_identification:_identify(fishingrod_gazebo) by extensions ['ros']
[0.264s] Level 1:colcon.colcon_core.package_identification:_identify(fishingrod_gazebo) by extension 'ros'
[0.265s] DEBUG:colcon.colcon_core.package_identification:Package 'fishingrod_gazebo' with type 'ros.ament_cmake' and name 'fishingrod_gazebo'
[0.265s] Level 1:colcon.colcon_core.package_identification:_identify(install) by extensions ['ignore', 'ignore_ament_install']
[0.265s] Level 1:colcon.colcon_core.package_identification:_identify(install) by extension 'ignore'
[0.265s] Level 1:colcon.colcon_core.package_identification:_identify(install) ignored
[0.265s] Level 1:colcon.colcon_core.package_identification:_identify(log) by extensions ['ignore', 'ignore_ament_install']
[0.265s] Level 1:colcon.colcon_core.package_identification:_identify(log) by extension 'ignore'
[0.265s] Level 1:colcon.colcon_core.package_identification:_identify(log) ignored
[0.265s] Level 1:colcon.colcon_core.package_identification:_identify(pi3hat_moteus_int_msgs) by extensions ['ignore', 'ignore_ament_install']
[0.265s] Level 1:colcon.colcon_core.package_identification:_identify(pi3hat_moteus_int_msgs) by extension 'ignore'
[0.265s] Level 1:colcon.colcon_core.package_identification:_identify(pi3hat_moteus_int_msgs) by extension 'ignore_ament_install'
[0.265s] Level 1:colcon.colcon_core.package_identification:_identify(pi3hat_moteus_int_msgs) by extensions ['colcon_pkg']
[0.265s] Level 1:colcon.colcon_core.package_identification:_identify(pi3hat_moteus_int_msgs) by extension 'colcon_pkg'
[0.265s] Level 1:colcon.colcon_core.package_identification:_identify(pi3hat_moteus_int_msgs) by extensions ['colcon_meta']
[0.265s] Level 1:colcon.colcon_core.package_identification:_identify(pi3hat_moteus_int_msgs) by extension 'colcon_meta'
[0.265s] Level 1:colcon.colcon_core.package_identification:_identify(pi3hat_moteus_int_msgs) by extensions ['ros']
[0.265s] Level 1:colcon.colcon_core.package_identification:_identify(pi3hat_moteus_int_msgs) by extension 'ros'
[0.266s] DEBUG:colcon.colcon_core.package_identification:Package 'pi3hat_moteus_int_msgs' with type 'ros.ament_cmake' and name 'pi3hat_moteus_int_msgs'
[0.266s] Level 1:colcon.colcon_core.package_identification:_identify(rbt_pd_cnt) by extensions ['ignore', 'ignore_ament_install']
[0.266s] Level 1:colcon.colcon_core.package_identification:_identify(rbt_pd_cnt) by extension 'ignore'
[0.266s] Level 1:colcon.colcon_core.package_identification:_identify(rbt_pd_cnt) by extension 'ignore_ament_install'
[0.266s] Level 1:colcon.colcon_core.package_identification:_identify(rbt_pd_cnt) by extensions ['colcon_pkg']
[0.266s] Level 1:colcon.colcon_core.package_identification:_identify(rbt_pd_cnt) by extension 'colcon_pkg'
[0.266s] Level 1:colcon.colcon_core.package_identification:_identify(rbt_pd_cnt) by extensions ['colcon_meta']
[0.266s] Level 1:colcon.colcon_core.package_identification:_identify(rbt_pd_cnt) by extension 'colcon_meta'
[0.266s] Level 1:colcon.colcon_core.package_identification:_identify(rbt_pd_cnt) by extensions ['ros']
[0.266s] Level 1:colcon.colcon_core.package_identification:_identify(rbt_pd_cnt) by extension 'ros'
[0.266s] DEBUG:colcon.colcon_core.package_identification:Package 'rbt_pd_cnt' with type 'ros.ament_cmake' and name 'rbt_pd_cnt'
[0.266s] Level 1:colcon.colcon_core.package_identification:_identify(rlg_quad_controller) by extensions ['ignore', 'ignore_ament_install']
[0.266s] Level 1:colcon.colcon_core.package_identification:_identify(rlg_quad_controller) by extension 'ignore'
[0.266s] Level 1:colcon.colcon_core.package_identification:_identify(rlg_quad_controller) by extension 'ignore_ament_install'
[0.266s] Level 1:colcon.colcon_core.package_identification:_identify(rlg_quad_controller) by extensions ['colcon_pkg']
[0.266s] Level 1:colcon.colcon_core.package_identification:_identify(rlg_quad_controller) by extension 'colcon_pkg'
[0.267s] Level 1:colcon.colcon_core.package_identification:_identify(rlg_quad_controller) by extensions ['colcon_meta']
[0.267s] Level 1:colcon.colcon_core.package_identification:_identify(rlg_quad_controller) by extension 'colcon_meta'
[0.267s] Level 1:colcon.colcon_core.package_identification:_identify(rlg_quad_controller) by extensions ['ros']
[0.267s] Level 1:colcon.colcon_core.package_identification:_identify(rlg_quad_controller) by extension 'ros'
[0.267s] DEBUG:colcon.colcon_core.package_identification:Package 'rlg_quad_controller' with type 'ros.ament_python' and name 'rlg_quad_controller'
[0.267s] Level 1:colcon.colcon_core.package_identification:_identify(sea_plugin_package) by extensions ['ignore', 'ignore_ament_install']
[0.267s] Level 1:colcon.colcon_core.package_identification:_identify(sea_plugin_package) by extension 'ignore'
[0.267s] Level 1:colcon.colcon_core.package_identification:_identify(sea_plugin_package) by extension 'ignore_ament_install'
[0.267s] Level 1:colcon.colcon_core.package_identification:_identify(sea_plugin_package) by extensions ['colcon_pkg']
[0.267s] Level 1:colcon.colcon_core.package_identification:_identify(sea_plugin_package) by extension 'colcon_pkg'
[0.267s] Level 1:colcon.colcon_core.package_identification:_identify(sea_plugin_package) by extensions ['colcon_meta']
[0.267s] Level 1:colcon.colcon_core.package_identification:_identify(sea_plugin_package) by extension 'colcon_meta'
[0.267s] Level 1:colcon.colcon_core.package_identification:_identify(sea_plugin_package) by extensions ['ros']
[0.267s] Level 1:colcon.colcon_core.package_identification:_identify(sea_plugin_package) by extension 'ros'
[0.267s] DEBUG:colcon.colcon_core.package_identification:Package 'sea_plugin_package' with type 'ros.ament_cmake' and name 'sea_plugin_package'
[0.267s] Level 1:colcon.colcon_core.package_identification:_identify(throw_experiments) by extensions ['ignore', 'ignore_ament_install']
[0.267s] Level 1:colcon.colcon_core.package_identification:_identify(throw_experiments) by extension 'ignore'
[0.267s] Level 1:colcon.colcon_core.package_identification:_identify(throw_experiments) by extension 'ignore_ament_install'
[0.268s] Level 1:colcon.colcon_core.package_identification:_identify(throw_experiments) by extensions ['colcon_pkg']
[0.268s] Level 1:colcon.colcon_core.package_identification:_identify(throw_experiments) by extension 'colcon_pkg'
[0.268s] Level 1:colcon.colcon_core.package_identification:_identify(throw_experiments) by extensions ['colcon_meta']
[0.268s] Level 1:colcon.colcon_core.package_identification:_identify(throw_experiments) by extension 'colcon_meta'
[0.268s] Level 1:colcon.colcon_core.package_identification:_identify(throw_experiments) by extensions ['ros']
[0.268s] Level 1:colcon.colcon_core.package_identification:_identify(throw_experiments) by extension 'ros'
[0.268s] DEBUG:colcon.colcon_core.package_identification:Package 'throw_experiments' with type 'ros.ament_python' and name 'jumping_experiments'
[0.268s] Level 1:colcon.colcon_core.package_discovery:discover_packages(recursive) using defaults
[0.268s] Level 1:colcon.colcon_core.package_discovery:discover_packages(ignore) discover
[0.268s] Level 1:colcon.colcon_core.package_discovery:discover_packages(ignore) using defaults
[0.268s] Level 1:colcon.colcon_core.package_discovery:discover_packages(path) discover
[0.268s] Level 1:colcon.colcon_core.package_discovery:discover_packages(path) using defaults
[0.268s] WARNING:colcon.colcon_core.package_selection:ignoring unknown package 'sea_plugin_package/' in --packages-select
[0.279s] INFO:colcon.colcon_core.package_selection:Skipping not selected package 'fishingrod_description' in 'fishingrod_description'
[0.279s] INFO:colcon.colcon_core.package_selection:Skipping not selected package 'jumping_experiments' in 'throw_experiments'
[0.279s] INFO:colcon.colcon_core.package_selection:Skipping not selected package 'pi3hat_moteus_int_msgs' in 'pi3hat_moteus_int_msgs'
[0.279s] INFO:colcon.colcon_core.package_selection:Skipping not selected package 'rbt_pd_cnt' in 'rbt_pd_cnt'
[0.279s] INFO:colcon.colcon_core.package_selection:Skipping not selected package 'sea_plugin_package' in 'sea_plugin_package'
[0.279s] INFO:colcon.colcon_core.package_selection:Skipping not selected package 'fishingrod_gazebo' in 'fishingrod_gazebo'
[0.279s] INFO:colcon.colcon_core.package_selection:Skipping not selected package 'rlg_quad_controller' in 'rlg_quad_controller'
[0.280s] Level 1:colcon.colcon_core.package_discovery:discover_packages(prefix_path) check parameters
[0.280s] Level 1:colcon.colcon_core.package_discovery:discover_packages(prefix_path) discover
[0.281s] DEBUG:colcon.colcon_installed_package_information.package_discovery:Found 339 installed packages in /opt/ros/humble
[0.282s] Level 1:colcon.colcon_core.package_discovery:discover_packages(prefix_path) using defaults
[0.301s] INFO:colcon.colcon_core.executor:Executing jobs using 'parallel' executor
[0.302s] DEBUG:colcon.colcon_parallel_executor.executor.parallel:run_until_complete
[0.302s] DEBUG:colcon.colcon_parallel_executor.executor.parallel:closing loop
[0.302s] DEBUG:colcon.colcon_parallel_executor.executor.parallel:loop closed
[0.302s] DEBUG:colcon.colcon_parallel_executor.executor.parallel:run_until_complete finished with '0'
[0.302s] DEBUG:colcon.colcon_core.event_reactor:joining thread
[0.305s] INFO:colcon.colcon_core.plugin_system:Skipping extension 'colcon_notification.desktop_notification.terminal_notifier': Not used on non-Darwin systems
[0.305s] INFO:colcon.colcon_core.plugin_system:Skipping extension 'colcon_notification.desktop_notification.win32': Not used on non-Windows systems
[0.305s] INFO:colcon.colcon_notification.desktop_notification:Sending desktop notification using 'notify2'
[0.314s] DEBUG:colcon.colcon_core.event_reactor:joined thread
[0.316s] INFO:colcon.colcon_core.plugin_system:Skipping extension 'colcon_core.shell.bat': Not used on non-Windows systems
[0.316s] INFO:colcon.colcon_core.shell:Creating prefix script '/home/michele/michele_try_ws/fishingrod_ws/src/install/local_setup.ps1'
[0.316s] INFO:colcon.colcon_core.shell:Creating prefix util module '/home/michele/michele_try_ws/fishingrod_ws/src/install/_local_setup_util_ps1.py'
[0.317s] INFO:colcon.colcon_core.shell:Creating prefix chain script '/home/michele/michele_try_ws/fishingrod_ws/src/install/setup.ps1'
[0.317s] INFO:colcon.colcon_core.shell:Creating prefix script '/home/michele/michele_try_ws/fishingrod_ws/src/install/local_setup.sh'
[0.318s] INFO:colcon.colcon_core.shell:Creating prefix util module '/home/michele/michele_try_ws/fishingrod_ws/src/install/_local_setup_util_sh.py'
[0.318s] INFO:colcon.colcon_core.shell:Creating prefix chain script '/home/michele/michele_try_ws/fishingrod_ws/src/install/setup.sh'
[0.318s] INFO:colcon.colcon_core.shell:Creating prefix script '/home/michele/michele_try_ws/fishingrod_ws/src/install/local_setup.bash'
[0.319s] INFO:colcon.colcon_core.shell:Creating prefix chain script '/home/michele/michele_try_ws/fishingrod_ws/src/install/setup.bash'
[0.319s] INFO:colcon.colcon_core.shell:Creating prefix script '/home/michele/michele_try_ws/fishingrod_ws/src/install/local_setup.zsh'
[0.319s] INFO:colcon.colcon_core.shell:Creating prefix chain script '/home/michele/michele_try_ws/fishingrod_ws/src/install/setup.zsh'
