[0.013s] Invoking command in '/home/michele/michele_try_ws/fishingrod_ws/build/sea_plugin_package': CMAKE_PREFIX_PATH=${CMAKE_PREFIX_PATH}:/home/michele/michele_try_ws/fishingrod_ws/install/throw_experiments:/home/michele/michele_try_ws/fishingrod_ws/install/test_experiments:/home/michele/michele_try_ws/fishingrod_ws/install/rlg_quad_controller:/home/michele/michele_try_ws/fishingrod_ws/install/jumping_experiments:/opt/ros/humble /usr/bin/cmake /home/michele/michele_try_ws/fishingrod_ws/src/sea_plugin_package -DAMENT_CMAKE_SYMLINK_INSTALL=1 -DCMAKE_INSTALL_PREFIX=/home/michele/michele_try_ws/fishingrod_ws/install/sea_plugin_package
[0.279s] -- The C compiler identification is GNU 11.4.0
[0.279s] -- The CXX compiler identification is GNU 11.4.0
[0.279s] -- Detecting C compiler ABI info
[0.279s] -- Detecting C compiler ABI info - done
[0.279s] -- Check for working C compiler: /usr/bin/gcc - skipped
[0.279s] -- Detecting C compile features
[0.279s] -- Detecting C compile features - done
[0.280s] -- Detecting CXX compiler ABI info
[0.280s] -- Detecting CXX compiler ABI info - done
[0.280s] -- Check for working CXX compiler: /usr/bin/g++ - skipped
[0.280s] -- Detecting CXX compile features
[0.280s] -- Detecting CXX compile features - done
[0.280s] -- Found ament_cmake: 1.3.10 (/opt/ros/humble/share/ament_cmake/cmake)
[0.376s] -- Found Python3: /usr/bin/python3 (found version "3.10.12") found components: Interpreter 
[0.417s] -- Override CMake install command with custom implementation using symlinks instead of copying resources
[0.436s] -- Found rclcpp: 16.0.9 (/opt/ros/humble/share/rclcpp/cmake)
[0.465s] -- Found rosidl_generator_c: 3.1.5 (/opt/ros/humble/share/rosidl_generator_c/cmake)
[0.468s] -- Found rosidl_adapter: 3.1.5 (/opt/ros/humble/share/rosidl_adapter/cmake)
[0.474s] -- Found rosidl_generator_cpp: 3.1.5 (/opt/ros/humble/share/rosidl_generator_cpp/cmake)
[0.482s] -- Using all available rosidl_typesupport_c: rosidl_typesupport_fastrtps_c;rosidl_typesupport_introspection_c
[0.495s] -- Using all available rosidl_typesupport_cpp: rosidl_typesupport_fastrtps_cpp;rosidl_typesupport_introspection_cpp
[0.541s] -- Found rmw_implementation_cmake: 6.1.2 (/opt/ros/humble/share/rmw_implementation_cmake/cmake)
[0.543s] -- Found rmw_fastrtps_cpp: 6.2.6 (/opt/ros/humble/share/rmw_fastrtps_cpp/cmake)
[0.606s] -- Found OpenSSL: /usr/lib/x86_64-linux-gnu/libcrypto.so (found version "3.0.2")  
[0.621s] -- Found FastRTPS: /opt/ros/humble/include  
[0.640s] -- Using RMW implementation 'rmw_fastrtps_cpp' as default
[0.647s] -- Looking for pthread.h
[0.691s] -- Looking for pthread.h - found
[0.691s] -- Performing Test CMAKE_HAVE_LIBC_PTHREAD
[0.739s] -- Performing Test CMAKE_HAVE_LIBC_PTHREAD - Success
[0.739s] -- Found Threads: TRUE  
[0.842s] -- Found gazebo_dev: 3.7.0 (/opt/ros/humble/share/gazebo_dev/cmake)
[0.847s] -- Found PkgConfig: /usr/bin/pkg-config (found version "0.29.2") 
[0.847s] -- Checking for module 'bullet>=2.82'
[0.855s] --   Found bullet, version 3.05
[0.921s] -- Found fcl: /usr/include (found suitable version "0.7.0", minimum required is "0.5.0") 
[0.955s] -- Found assimp: /usr/include (found version "5.2.0") 
[0.970s] -- Found DART: /usr/include (Required is at least version "6.6") found components: dart 
[0.990s] -- Found Boost: /usr/lib/x86_64-linux-gnu/cmake/Boost-1.74.0/BoostConfig.cmake (found suitable version "1.74.0", minimum required is "1.40.0") found components: thread system filesystem program_options regex iostreams date_time 
[1.001s] -- Found Protobuf: /usr/lib/x86_64-linux-gnu/libprotobuf.so (found version "3.12.4") 
[1.004s] -- Looking for ignition-math6 -- found version 6.15.1
[1.008s] -- Searching for dependencies of ignition-math6
[1.009s] -- Looking for OGRE...
[1.009s] -- OGRE_PREFIX_WATCH changed.
[1.013s] -- Checking for module 'OGRE'
[1.022s] --   Found OGRE, version 1.9.0
[1.045s] -- Found Ogre Ghadamon (1.9.0)
[1.052s] -- Found OGRE: optimized;/usr/lib/x86_64-linux-gnu/libOgreMain.so;debug;/usr/lib/x86_64-linux-gnu/libOgreMain.so
[1.060s] -- Looking for OGRE_Paging...
[1.065s] -- Found OGRE_Paging: optimized;/usr/lib/x86_64-linux-gnu/libOgrePaging.so;debug;/usr/lib/x86_64-linux-gnu/libOgrePaging.so
[1.065s] -- Looking for OGRE_Terrain...
[1.069s] -- Found OGRE_Terrain: optimized;/usr/lib/x86_64-linux-gnu/libOgreTerrain.so;debug;/usr/lib/x86_64-linux-gnu/libOgreTerrain.so
[1.069s] -- Looking for OGRE_Property...
[1.073s] -- Found OGRE_Property: optimized;/usr/lib/x86_64-linux-gnu/libOgreProperty.so;debug;/usr/lib/x86_64-linux-gnu/libOgreProperty.so
[1.074s] -- Looking for OGRE_RTShaderSystem...
[1.078s] -- Found OGRE_RTShaderSystem: optimized;/usr/lib/x86_64-linux-gnu/libOgreRTShaderSystem.so;debug;/usr/lib/x86_64-linux-gnu/libOgreRTShaderSystem.so
[1.078s] -- Looking for OGRE_Volume...
[1.082s] -- Found OGRE_Volume: optimized;/usr/lib/x86_64-linux-gnu/libOgreVolume.so;debug;/usr/lib/x86_64-linux-gnu/libOgreVolume.so
[1.083s] -- Looking for OGRE_Overlay...
[1.087s] -- Found OGRE_Overlay: optimized;/usr/lib/x86_64-linux-gnu/libOgreOverlay.so;debug;/usr/lib/x86_64-linux-gnu/libOgreOverlay.so
[1.166s] -- Looking for ignition-math6 -- found version 6.15.1
[1.168s] -- Looking for ignition-transport8 -- found version 8.2.1
[1.168s] -- Searching for dependencies of ignition-transport8
[1.179s] -- Found Protobuf: /usr/lib/x86_64-linux-gnu/libprotobuf.so (found suitable version "3.12.4", minimum required is "3") 
[1.185s] -- Config-file not installed for ZeroMQ -- checking for pkg-config
[1.189s] -- Checking for module 'libzmq >= 4'
[1.196s] --   Found libzmq , version 4.3.4
[1.217s] -- Found ZeroMQ: TRUE (Required is at least version "4") 
[1.220s] -- Checking for module 'uuid'
[1.228s] --   Found uuid, version 2.37.2
[1.247s] -- Found UUID: TRUE  
[1.248s] -- Looking for ignition-msgs5 -- found version 5.8.1
[1.248s] -- Searching for dependencies of ignition-msgs5
[1.260s] -- Looking for ignition-math6 -- found version 6.15.1
[1.263s] -- Checking for module 'tinyxml2'
[1.270s] --   Found tinyxml2, version 9.0.0
[1.288s] -- Looking for ignition-msgs5 -- found version 5.8.1
[1.290s] -- Looking for ignition-common3 -- found version 3.14.0
[1.290s] -- Searching for dependencies of ignition-common3
[1.290s] -- Looking for dlfcn.h - found
[1.291s] -- Looking for libdl - found
[1.292s] -- Found DL: TRUE  
[1.299s] -- Found tinyobjloader: /usr/lib/x86_64-linux-gnu/cmake/tinyobjloader/tinyobjloader-config.cmake (found version "2.0.0") 
[1.300s] -- Searching for <ignition-common3> component [graphics]
[1.301s] -- Looking for ignition-common3-graphics -- found version 3.14.0
[1.301s] -- Searching for dependencies of ignition-common3-graphics
[1.301s] -- Looking for ignition-math6 -- found version 6.15.1
[1.303s] -- Looking for ignition-fuel_tools4 -- found version 4.4.0
[1.303s] -- Searching for dependencies of ignition-fuel_tools4
[1.356s] -- Found CURL: /usr/lib/x86_64-linux-gnu/libcurl.so (found version "7.81.0")  
[1.362s] -- Checking for module 'jsoncpp'
[1.371s] --   Found jsoncpp, version 1.9.5
[1.394s] -- Found JSONCPP: TRUE  
[1.398s] -- Checking for module 'libzip'
[1.407s] --   Found libzip, version 1.7.3
[1.434s] -- Found ZIP: TRUE  
[1.434s] -- Looking for ignition-common3 -- found version 3.14.0
[1.435s] -- Looking for ignition-math6 -- found version 6.15.1
[1.435s] -- Looking for ignition-msgs5 -- found version 5.8.1
[1.439s] -- Gazebo version: 11.10
[1.439s] -- Checking for module 'tbb'
[1.451s] --   Found tbb, version 2021.5.0
[1.479s] -- Found gazebo_ros: 3.7.0 (/opt/ros/humble/share/gazebo_ros/cmake)
[1.509s] -- Found ament_lint_auto: 0.12.11 (/opt/ros/humble/share/ament_lint_auto/cmake)
[1.585s] -- Added test 'copyright' to check source files copyright and LICENSE
[1.589s] -- Added test 'cppcheck' to perform static code analysis on C / C++ code
[1.589s] -- Configured cppcheck include dirs: /home/michele/michele_try_ws/fishingrod_ws/src/sea_plugin_package/include
[1.589s] -- Configured cppcheck exclude dirs and/or files: 
[1.594s] -- Added test 'cpplint' to check C / C++ code against the Google style
[1.594s] -- Configured cpplint exclude dirs and/or files: 
[1.596s] -- Added test 'lint_cmake' to check CMake code style
[1.602s] -- Added test 'uncrustify' to check C / C++ code style
[1.602s] -- Configured uncrustify additional arguments: 
[1.603s] -- Added test 'xmllint' to check XML markup files
[1.605s] -- Configuring done
[1.633s] -- Generating done
[1.635s] -- Build files have been written to: /home/michele/michele_try_ws/fishingrod_ws/build/sea_plugin_package
[1.652s] Invoked command in '/home/michele/michele_try_ws/fishingrod_ws/build/sea_plugin_package' returned '0': CMAKE_PREFIX_PATH=${CMAKE_PREFIX_PATH}:/home/michele/michele_try_ws/fishingrod_ws/install/throw_experiments:/home/michele/michele_try_ws/fishingrod_ws/install/test_experiments:/home/michele/michele_try_ws/fishingrod_ws/install/rlg_quad_controller:/home/michele/michele_try_ws/fishingrod_ws/install/jumping_experiments:/opt/ros/humble /usr/bin/cmake /home/michele/michele_try_ws/fishingrod_ws/src/sea_plugin_package -DAMENT_CMAKE_SYMLINK_INSTALL=1 -DCMAKE_INSTALL_PREFIX=/home/michele/michele_try_ws/fishingrod_ws/install/sea_plugin_package
[1.653s] Invoking command in '/home/michele/michele_try_ws/fishingrod_ws/build/sea_plugin_package': CMAKE_PREFIX_PATH=${CMAKE_PREFIX_PATH}:/home/michele/michele_try_ws/fishingrod_ws/install/throw_experiments:/home/michele/michele_try_ws/fishingrod_ws/install/test_experiments:/home/michele/michele_try_ws/fishingrod_ws/install/rlg_quad_controller:/home/michele/michele_try_ws/fishingrod_ws/install/jumping_experiments:/opt/ros/humble /usr/bin/cmake --build /home/michele/michele_try_ws/fishingrod_ws/build/sea_plugin_package -- -j20 -l20
[1.690s] [ 50%] [32mBuilding CXX object CMakeFiles/SerialElasticPluginTri.dir/src/SerialElasticPluginTri.cc.o[0m
[1.690s] [ 50%] [32mBuilding CXX object CMakeFiles/SerialElasticPlugin.dir/src/SerialElasticPlugin.cc.o[0m
[7.038s] [ 75%] [32m[1mLinking CXX shared library libSerialElasticPlugin.so[0m
[7.071s] [100%] [32m[1mLinking CXX shared library libSerialElasticPluginTri.so[0m
[7.266s] [100%] Built target SerialElasticPlugin
[7.303s] [100%] Built target SerialElasticPluginTri
[7.310s] Invoked command in '/home/michele/michele_try_ws/fishingrod_ws/build/sea_plugin_package' returned '0': CMAKE_PREFIX_PATH=${CMAKE_PREFIX_PATH}:/home/michele/michele_try_ws/fishingrod_ws/install/throw_experiments:/home/michele/michele_try_ws/fishingrod_ws/install/test_experiments:/home/michele/michele_try_ws/fishingrod_ws/install/rlg_quad_controller:/home/michele/michele_try_ws/fishingrod_ws/install/jumping_experiments:/opt/ros/humble /usr/bin/cmake --build /home/michele/michele_try_ws/fishingrod_ws/build/sea_plugin_package -- -j20 -l20
[7.328s] Invoking command in '/home/michele/michele_try_ws/fishingrod_ws/build/sea_plugin_package': CMAKE_PREFIX_PATH=${CMAKE_PREFIX_PATH}:/home/michele/michele_try_ws/fishingrod_ws/install/throw_experiments:/home/michele/michele_try_ws/fishingrod_ws/install/test_experiments:/home/michele/michele_try_ws/fishingrod_ws/install/rlg_quad_controller:/home/michele/michele_try_ws/fishingrod_ws/install/jumping_experiments:/opt/ros/humble /usr/bin/cmake --install /home/michele/michele_try_ws/fishingrod_ws/build/sea_plugin_package
[7.333s] -- Install configuration: ""
[7.333s] -- Execute custom install script
[7.334s] -- Symlinking: /home/michele/michele_try_ws/fishingrod_ws/install/sea_plugin_package/lib/libSerialElasticPlugin.so
[7.341s] -- Symlinking: /home/michele/michele_try_ws/fishingrod_ws/install/sea_plugin_package/lib/libSerialElasticPluginTri.so
[7.346s] -- Symlinking: /home/michele/michele_try_ws/fishingrod_ws/install/sea_plugin_package/share/ament_index/resource_index/package_run_dependencies/sea_plugin_package
[7.352s] -- Symlinking: /home/michele/michele_try_ws/fishingrod_ws/install/sea_plugin_package/share/ament_index/resource_index/parent_prefix_path/sea_plugin_package
[7.357s] -- Symlinking: /home/michele/michele_try_ws/fishingrod_ws/install/sea_plugin_package/share/sea_plugin_package/environment/ament_prefix_path.sh
[7.363s] -- Symlinking: /home/michele/michele_try_ws/fishingrod_ws/install/sea_plugin_package/share/sea_plugin_package/environment/ament_prefix_path.dsv
[7.368s] -- Symlinking: /home/michele/michele_try_ws/fishingrod_ws/install/sea_plugin_package/share/sea_plugin_package/environment/path.sh
[7.373s] -- Symlinking: /home/michele/michele_try_ws/fishingrod_ws/install/sea_plugin_package/share/sea_plugin_package/environment/path.dsv
[7.378s] -- Symlinking: /home/michele/michele_try_ws/fishingrod_ws/install/sea_plugin_package/share/sea_plugin_package/local_setup.bash
[7.385s] -- Symlinking: /home/michele/michele_try_ws/fishingrod_ws/install/sea_plugin_package/share/sea_plugin_package/local_setup.sh
[7.396s] -- Symlinking: /home/michele/michele_try_ws/fishingrod_ws/install/sea_plugin_package/share/sea_plugin_package/local_setup.zsh
[7.407s] -- Symlinking: /home/michele/michele_try_ws/fishingrod_ws/install/sea_plugin_package/share/sea_plugin_package/local_setup.dsv
[7.420s] -- Symlinking: /home/michele/michele_try_ws/fishingrod_ws/install/sea_plugin_package/share/sea_plugin_package/package.dsv
[7.431s] -- Symlinking: /home/michele/michele_try_ws/fishingrod_ws/install/sea_plugin_package/share/ament_index/resource_index/packages/sea_plugin_package
[7.443s] -- Symlinking: /home/michele/michele_try_ws/fishingrod_ws/install/sea_plugin_package/share/sea_plugin_package/cmake/sea_plugin_packageConfig.cmake
[7.456s] -- Symlinking: /home/michele/michele_try_ws/fishingrod_ws/install/sea_plugin_package/share/sea_plugin_package/cmake/sea_plugin_packageConfig-version.cmake
[7.467s] -- Symlinking: /home/michele/michele_try_ws/fishingrod_ws/install/sea_plugin_package/share/sea_plugin_package/package.xml
[7.482s] Invoked command in '/home/michele/michele_try_ws/fishingrod_ws/build/sea_plugin_package' returned '0': CMAKE_PREFIX_PATH=${CMAKE_PREFIX_PATH}:/home/michele/michele_try_ws/fishingrod_ws/install/throw_experiments:/home/michele/michele_try_ws/fishingrod_ws/install/test_experiments:/home/michele/michele_try_ws/fishingrod_ws/install/rlg_quad_controller:/home/michele/michele_try_ws/fishingrod_ws/install/jumping_experiments:/opt/ros/humble /usr/bin/cmake --install /home/michele/michele_try_ws/fishingrod_ws/build/sea_plugin_package
