[0.014s] Invoking command in '/home/michele/michele_try_ws/fishingrod_ws/build/fishingrod_description': CMAKE_PREFIX_PATH=${CMAKE_PREFIX_PATH}:/home/michele/michele_try_ws/fishingrod_ws/install/throw_experiments:/home/michele/michele_try_ws/fishingrod_ws/install/test_experiments:/home/michele/michele_try_ws/fishingrod_ws/install/rlg_quad_controller:/home/michele/michele_try_ws/fishingrod_ws/install/jumping_experiments:/opt/ros/humble /usr/bin/cmake /home/michele/michele_try_ws/fishingrod_ws/src/fishingrod_description -DAMENT_CMAKE_SYMLINK_INSTALL=1 -DCMAKE_INSTALL_PREFIX=/home/michele/michele_try_ws/fishingrod_ws/install/fishingrod_description
[0.210s] -- The C compiler identification is GNU 11.4.0
[0.210s] -- The CXX compiler identification is GNU 11.4.0
[0.210s] -- Detecting C compiler ABI info
[0.210s] -- Detecting C compiler ABI info - done
[0.211s] -- Check for working C compiler: /usr/bin/gcc - skipped
[0.211s] -- Detecting C compile features
[0.211s] -- Detecting C compile features - done
[0.211s] -- Detecting CXX compiler ABI info
[0.211s] -- Detecting CXX compiler ABI info - done
[0.211s] -- Check for working CXX compiler: /usr/bin/g++ - skipped
[0.211s] -- Detecting CXX compile features
[0.211s] -- Detecting CXX compile features - done
[0.211s] -- Found ament_cmake: 1.3.10 (/opt/ros/humble/share/ament_cmake/cmake)
[0.322s] -- Found Python3: /usr/bin/python3 (found version "3.10.12") found components: Interpreter 
[0.364s] -- Override CMake install command with custom implementation using symlinks instead of copying resources
[0.381s] -- Found ament_lint_auto: 0.12.11 (/opt/ros/humble/share/ament_lint_auto/cmake)
[0.435s] -- Added test 'flake8' to check Python code syntax and style conventions
[0.435s] -- Added test 'lint_cmake' to check CMake code style
[0.435s] -- Added test 'pep257' to check Python code against some of the docstring style conventions in PEP 257
[0.436s] -- Added test 'xmllint' to check XML markup files
[0.437s] -- Configuring done
[0.438s] -- Generating done
[0.439s] -- Build files have been written to: /home/michele/michele_try_ws/fishingrod_ws/build/fishingrod_description
[0.442s] Invoked command in '/home/michele/michele_try_ws/fishingrod_ws/build/fishingrod_description' returned '0': CMAKE_PREFIX_PATH=${CMAKE_PREFIX_PATH}:/home/michele/michele_try_ws/fishingrod_ws/install/throw_experiments:/home/michele/michele_try_ws/fishingrod_ws/install/test_experiments:/home/michele/michele_try_ws/fishingrod_ws/install/rlg_quad_controller:/home/michele/michele_try_ws/fishingrod_ws/install/jumping_experiments:/opt/ros/humble /usr/bin/cmake /home/michele/michele_try_ws/fishingrod_ws/src/fishingrod_description -DAMENT_CMAKE_SYMLINK_INSTALL=1 -DCMAKE_INSTALL_PREFIX=/home/michele/michele_try_ws/fishingrod_ws/install/fishingrod_description
[0.443s] Invoking command in '/home/michele/michele_try_ws/fishingrod_ws/build/fishingrod_description': CMAKE_PREFIX_PATH=${CMAKE_PREFIX_PATH}:/home/michele/michele_try_ws/fishingrod_ws/install/throw_experiments:/home/michele/michele_try_ws/fishingrod_ws/install/test_experiments:/home/michele/michele_try_ws/fishingrod_ws/install/rlg_quad_controller:/home/michele/michele_try_ws/fishingrod_ws/install/jumping_experiments:/opt/ros/humble /usr/bin/cmake --build /home/michele/michele_try_ws/fishingrod_ws/build/fishingrod_description -- -j20 -l20
[0.467s] Invoked command in '/home/michele/michele_try_ws/fishingrod_ws/build/fishingrod_description' returned '0': CMAKE_PREFIX_PATH=${CMAKE_PREFIX_PATH}:/home/michele/michele_try_ws/fishingrod_ws/install/throw_experiments:/home/michele/michele_try_ws/fishingrod_ws/install/test_experiments:/home/michele/michele_try_ws/fishingrod_ws/install/rlg_quad_controller:/home/michele/michele_try_ws/fishingrod_ws/install/jumping_experiments:/opt/ros/humble /usr/bin/cmake --build /home/michele/michele_try_ws/fishingrod_ws/build/fishingrod_description -- -j20 -l20
[0.486s] Invoking command in '/home/michele/michele_try_ws/fishingrod_ws/build/fishingrod_description': CMAKE_PREFIX_PATH=${CMAKE_PREFIX_PATH}:/home/michele/michele_try_ws/fishingrod_ws/install/throw_experiments:/home/michele/michele_try_ws/fishingrod_ws/install/test_experiments:/home/michele/michele_try_ws/fishingrod_ws/install/rlg_quad_controller:/home/michele/michele_try_ws/fishingrod_ws/install/jumping_experiments:/opt/ros/humble /usr/bin/cmake --install /home/michele/michele_try_ws/fishingrod_ws/build/fishingrod_description
[0.492s] -- Install configuration: ""
[0.493s] -- Execute custom install script
[0.493s] -- Symlinking: /home/michele/michele_try_ws/fishingrod_ws/install/fishingrod_description/share/fishingrod_description/urdf/fishingrod.urdf
[0.501s] -- Symlinking: /home/michele/michele_try_ws/fishingrod_ws/install/fishingrod_description/share/fishingrod_description/urdf/fishingrod.xacro
[0.506s] -- Symlinking: /home/michele/michele_try_ws/fishingrod_ws/install/fishingrod_description/share/fishingrod_description/urdf/fishingrod_old_.urdf
[0.512s] -- Symlinking: /home/michele/michele_try_ws/fishingrod_ws/install/fishingrod_description/share/fishingrod_description/urdf/fishingrod_tri.urdf
[0.518s] -- Symlinking: /home/michele/michele_try_ws/fishingrod_ws/install/fishingrod_description/share/fishingrod_description/launch/display_fishingrod.launch.py
[0.523s] -- Symlinking: /home/michele/michele_try_ws/fishingrod_ws/install/fishingrod_description/share/fishingrod_description/launch/gazebo_fishingrod.launch.py
[0.528s] -- Symlinking: /home/michele/michele_try_ws/fishingrod_ws/install/fishingrod_description/share/fishingrod_description/rviz/config.rviz
[0.534s] -- Symlinking: /home/michele/michele_try_ws/fishingrod_ws/install/fishingrod_description/share/ament_index/resource_index/package_run_dependencies/fishingrod_description
[0.540s] -- Symlinking: /home/michele/michele_try_ws/fishingrod_ws/install/fishingrod_description/share/ament_index/resource_index/parent_prefix_path/fishingrod_description
[0.545s] -- Symlinking: /home/michele/michele_try_ws/fishingrod_ws/install/fishingrod_description/share/fishingrod_description/environment/ament_prefix_path.sh
[0.551s] -- Symlinking: /home/michele/michele_try_ws/fishingrod_ws/install/fishingrod_description/share/fishingrod_description/environment/ament_prefix_path.dsv
[0.556s] -- Symlinking: /home/michele/michele_try_ws/fishingrod_ws/install/fishingrod_description/share/fishingrod_description/environment/path.sh
[0.563s] -- Symlinking: /home/michele/michele_try_ws/fishingrod_ws/install/fishingrod_description/share/fishingrod_description/environment/path.dsv
[0.568s] -- Symlinking: /home/michele/michele_try_ws/fishingrod_ws/install/fishingrod_description/share/fishingrod_description/local_setup.bash
[0.576s] -- Symlinking: /home/michele/michele_try_ws/fishingrod_ws/install/fishingrod_description/share/fishingrod_description/local_setup.sh
[0.582s] -- Symlinking: /home/michele/michele_try_ws/fishingrod_ws/install/fishingrod_description/share/fishingrod_description/local_setup.zsh
[0.588s] -- Symlinking: /home/michele/michele_try_ws/fishingrod_ws/install/fishingrod_description/share/fishingrod_description/local_setup.dsv
[0.596s] -- Symlinking: /home/michele/michele_try_ws/fishingrod_ws/install/fishingrod_description/share/fishingrod_description/package.dsv
[0.601s] -- Symlinking: /home/michele/michele_try_ws/fishingrod_ws/install/fishingrod_description/share/ament_index/resource_index/packages/fishingrod_description
[0.608s] -- Symlinking: /home/michele/michele_try_ws/fishingrod_ws/install/fishingrod_description/share/fishingrod_description/cmake/fishingrod_descriptionConfig.cmake
[0.613s] -- Symlinking: /home/michele/michele_try_ws/fishingrod_ws/install/fishingrod_description/share/fishingrod_description/cmake/fishingrod_descriptionConfig-version.cmake
[0.619s] -- Symlinking: /home/michele/michele_try_ws/fishingrod_ws/install/fishingrod_description/share/fishingrod_description/package.xml
[0.626s] Invoked command in '/home/michele/michele_try_ws/fishingrod_ws/build/fishingrod_description' returned '0': CMAKE_PREFIX_PATH=${CMAKE_PREFIX_PATH}:/home/michele/michele_try_ws/fishingrod_ws/install/throw_experiments:/home/michele/michele_try_ws/fishingrod_ws/install/test_experiments:/home/michele/michele_try_ws/fishingrod_ws/install/rlg_quad_controller:/home/michele/michele_try_ws/fishingrod_ws/install/jumping_experiments:/opt/ros/humble /usr/bin/cmake --install /home/michele/michele_try_ws/fishingrod_ws/build/fishingrod_description
