[0.016s] Invoking command in '/home/michele/michele_try_ws/fishingrod_ws/build/fishingrod_description': CMAKE_PREFIX_PATH=${CMAKE_PREFIX_PATH}:/home/michele/michele_try_ws/fishingrod_ws/install/throw_experiments:/home/michele/michele_try_ws/fishingrod_ws/install/test_experiments:/home/michele/michele_try_ws/fishingrod_ws/install/rlg_quad_controller:/home/michele/michele_try_ws/fishingrod_ws/install/jumping_experiments:/opt/ros/humble /usr/bin/cmake /home/michele/michele_try_ws/fishingrod_ws/src/fishingrod_description -DAMENT_CMAKE_SYMLINK_INSTALL=1 -DCMAKE_INSTALL_PREFIX=/home/michele/michele_try_ws/fishingrod_ws/install/fishingrod_description
[0.283s] -- The C compiler identification is GNU 11.4.0
[0.283s] -- The CXX compiler identification is GNU 11.4.0
[0.283s] -- Detecting C compiler ABI info
[0.284s] -- Detecting C compiler ABI info - done
[0.284s] -- Check for working C compiler: /usr/bin/gcc - skipped
[0.284s] -- Detecting C compile features
[0.284s] -- Detecting C compile features - done
[0.284s] -- Detecting CXX compiler ABI info
[0.284s] -- Detecting CXX compiler ABI info - done
[0.284s] -- Check for working CXX compiler: /usr/bin/g++ - skipped
[0.284s] -- Detecting CXX compile features
[0.284s] -- Detecting CXX compile features - done
[0.284s] -- Found ament_cmake: 1.3.10 (/opt/ros/humble/share/ament_cmake/cmake)
[0.383s] -- Found Python3: /usr/bin/python3 (found version "3.10.12") found components: Interpreter 
[0.424s] -- Override CMake install command with custom implementation using symlinks instead of copying resources
[0.450s] -- Found ament_lint_auto: 0.12.11 (/opt/ros/humble/share/ament_lint_auto/cmake)
[0.515s] -- Added test 'flake8' to check Python code syntax and style conventions
[0.515s] -- Added test 'lint_cmake' to check CMake code style
[0.516s] -- Added test 'pep257' to check Python code against some of the docstring style conventions in PEP 257
[0.517s] -- Added test 'xmllint' to check XML markup files
[0.519s] -- Configuring done
[0.521s] -- Generating done
[0.522s] -- Build files have been written to: /home/michele/michele_try_ws/fishingrod_ws/build/fishingrod_description
[0.526s] Invoked command in '/home/michele/michele_try_ws/fishingrod_ws/build/fishingrod_description' returned '0': CMAKE_PREFIX_PATH=${CMAKE_PREFIX_PATH}:/home/michele/michele_try_ws/fishingrod_ws/install/throw_experiments:/home/michele/michele_try_ws/fishingrod_ws/install/test_experiments:/home/michele/michele_try_ws/fishingrod_ws/install/rlg_quad_controller:/home/michele/michele_try_ws/fishingrod_ws/install/jumping_experiments:/opt/ros/humble /usr/bin/cmake /home/michele/michele_try_ws/fishingrod_ws/src/fishingrod_description -DAMENT_CMAKE_SYMLINK_INSTALL=1 -DCMAKE_INSTALL_PREFIX=/home/michele/michele_try_ws/fishingrod_ws/install/fishingrod_description
[0.528s] Invoking command in '/home/michele/michele_try_ws/fishingrod_ws/build/fishingrod_description': CMAKE_PREFIX_PATH=${CMAKE_PREFIX_PATH}:/home/michele/michele_try_ws/fishingrod_ws/install/throw_experiments:/home/michele/michele_try_ws/fishingrod_ws/install/test_experiments:/home/michele/michele_try_ws/fishingrod_ws/install/rlg_quad_controller:/home/michele/michele_try_ws/fishingrod_ws/install/jumping_experiments:/opt/ros/humble /usr/bin/cmake --build /home/michele/michele_try_ws/fishingrod_ws/build/fishingrod_description -- -j20 -l20
[0.559s] Invoked command in '/home/michele/michele_try_ws/fishingrod_ws/build/fishingrod_description' returned '0': CMAKE_PREFIX_PATH=${CMAKE_PREFIX_PATH}:/home/michele/michele_try_ws/fishingrod_ws/install/throw_experiments:/home/michele/michele_try_ws/fishingrod_ws/install/test_experiments:/home/michele/michele_try_ws/fishingrod_ws/install/rlg_quad_controller:/home/michele/michele_try_ws/fishingrod_ws/install/jumping_experiments:/opt/ros/humble /usr/bin/cmake --build /home/michele/michele_try_ws/fishingrod_ws/build/fishingrod_description -- -j20 -l20
[0.581s] Invoking command in '/home/michele/michele_try_ws/fishingrod_ws/build/fishingrod_description': CMAKE_PREFIX_PATH=${CMAKE_PREFIX_PATH}:/home/michele/michele_try_ws/fishingrod_ws/install/throw_experiments:/home/michele/michele_try_ws/fishingrod_ws/install/test_experiments:/home/michele/michele_try_ws/fishingrod_ws/install/rlg_quad_controller:/home/michele/michele_try_ws/fishingrod_ws/install/jumping_experiments:/opt/ros/humble /usr/bin/cmake --install /home/michele/michele_try_ws/fishingrod_ws/build/fishingrod_description
[0.587s] -- Install configuration: ""
[0.587s] -- Execute custom install script
[0.587s] -- Symlinking: /home/michele/michele_try_ws/fishingrod_ws/install/fishingrod_description/share/fishingrod_description/urdf/fishingrod.urdf
[0.593s] -- Symlinking: /home/michele/michele_try_ws/fishingrod_ws/install/fishingrod_description/share/fishingrod_description/urdf/fishingrod.xacro
[0.599s] -- Symlinking: /home/michele/michele_try_ws/fishingrod_ws/install/fishingrod_description/share/fishingrod_description/urdf/fishingrod_old_.urdf
[0.605s] -- Symlinking: /home/michele/michele_try_ws/fishingrod_ws/install/fishingrod_description/share/fishingrod_description/urdf/fishingrod_tri.urdf
[0.610s] -- Symlinking: /home/michele/michele_try_ws/fishingrod_ws/install/fishingrod_description/share/fishingrod_description/launch/display_fishingrod.launch.py
[0.616s] -- Symlinking: /home/michele/michele_try_ws/fishingrod_ws/install/fishingrod_description/share/fishingrod_description/launch/gazebo_fishingrod.launch.py
[0.622s] -- Symlinking: /home/michele/michele_try_ws/fishingrod_ws/install/fishingrod_description/share/fishingrod_description/rviz/config.rviz
[0.628s] -- Symlinking: /home/michele/michele_try_ws/fishingrod_ws/install/fishingrod_description/share/ament_index/resource_index/package_run_dependencies/fishingrod_description
[0.633s] -- Symlinking: /home/michele/michele_try_ws/fishingrod_ws/install/fishingrod_description/share/ament_index/resource_index/parent_prefix_path/fishingrod_description
[0.639s] -- Symlinking: /home/michele/michele_try_ws/fishingrod_ws/install/fishingrod_description/share/fishingrod_description/environment/ament_prefix_path.sh
[0.645s] -- Symlinking: /home/michele/michele_try_ws/fishingrod_ws/install/fishingrod_description/share/fishingrod_description/environment/ament_prefix_path.dsv
[0.651s] -- Symlinking: /home/michele/michele_try_ws/fishingrod_ws/install/fishingrod_description/share/fishingrod_description/environment/path.sh
[0.657s] -- Symlinking: /home/michele/michele_try_ws/fishingrod_ws/install/fishingrod_description/share/fishingrod_description/environment/path.dsv
[0.663s] -- Symlinking: /home/michele/michele_try_ws/fishingrod_ws/install/fishingrod_description/share/fishingrod_description/local_setup.bash
[0.671s] -- Symlinking: /home/michele/michele_try_ws/fishingrod_ws/install/fishingrod_description/share/fishingrod_description/local_setup.sh
[0.676s] -- Symlinking: /home/michele/michele_try_ws/fishingrod_ws/install/fishingrod_description/share/fishingrod_description/local_setup.zsh
[0.682s] -- Symlinking: /home/michele/michele_try_ws/fishingrod_ws/install/fishingrod_description/share/fishingrod_description/local_setup.dsv
[0.687s] -- Symlinking: /home/michele/michele_try_ws/fishingrod_ws/install/fishingrod_description/share/fishingrod_description/package.dsv
[0.693s] -- Symlinking: /home/michele/michele_try_ws/fishingrod_ws/install/fishingrod_description/share/ament_index/resource_index/packages/fishingrod_description
[0.699s] -- Symlinking: /home/michele/michele_try_ws/fishingrod_ws/install/fishingrod_description/share/fishingrod_description/cmake/fishingrod_descriptionConfig.cmake
[0.705s] -- Symlinking: /home/michele/michele_try_ws/fishingrod_ws/install/fishingrod_description/share/fishingrod_description/cmake/fishingrod_descriptionConfig-version.cmake
[0.711s] -- Symlinking: /home/michele/michele_try_ws/fishingrod_ws/install/fishingrod_description/share/fishingrod_description/package.xml
[0.718s] Invoked command in '/home/michele/michele_try_ws/fishingrod_ws/build/fishingrod_description' returned '0': CMAKE_PREFIX_PATH=${CMAKE_PREFIX_PATH}:/home/michele/michele_try_ws/fishingrod_ws/install/throw_experiments:/home/michele/michele_try_ws/fishingrod_ws/install/test_experiments:/home/michele/michele_try_ws/fishingrod_ws/install/rlg_quad_controller:/home/michele/michele_try_ws/fishingrod_ws/install/jumping_experiments:/opt/ros/humble /usr/bin/cmake --install /home/michele/michele_try_ws/fishingrod_ws/build/fishingrod_description
