[0.739s] Invoking command in '/home/michele/michele_try_ws/fishingrod_ws/build/throw_experiments': PYTHONPATH=/home/michele/michele_try_ws/fishingrod_ws/build/throw_experiments/prefix_override:/usr/lib/python3/dist-packages/colcon_core/task/python/colcon_distutils_commands:/home/michele/michele_try_ws/fishingrod_ws/install/throw_experiments/lib/python3.10/site-packages:${PYTHONPATH} /usr/bin/python3 -W ignore:setup.py install is deprecated setup.py develop --editable --build-directory /home/michele/michele_try_ws/fishingrod_ws/build/throw_experiments/build --no-deps symlink_data
[0.930s] running develop
[0.930s] /usr/lib/python3/dist-packages/setuptools/command/easy_install.py:158: EasyInstallDeprecationWarning: easy_install command is deprecated. Use build and pip and other standards-based tools.
[0.931s]   warnings.warn(
[1.073s] running egg_info
[1.073s] creating throw_experiments.egg-info
[1.073s] writing throw_experiments.egg-info/PKG-INFO
[1.073s] writing dependency_links to throw_experiments.egg-info/dependency_links.txt
[1.073s] writing entry points to throw_experiments.egg-info/entry_points.txt
[1.073s] writing requirements to throw_experiments.egg-info/requires.txt
[1.073s] writing top-level names to throw_experiments.egg-info/top_level.txt
[1.074s] writing manifest file 'throw_experiments.egg-info/SOURCES.txt'
[1.075s] reading manifest file 'throw_experiments.egg-info/SOURCES.txt'
[1.075s] writing manifest file 'throw_experiments.egg-info/SOURCES.txt'
[1.076s] running build_ext
[1.076s] Creating /home/michele/michele_try_ws/fishingrod_ws/install/throw_experiments/lib/python3.10/site-packages/throw-experiments.egg-link (link to .)
[1.077s] Installing getup script to /home/michele/michele_try_ws/fishingrod_ws/install/throw_experiments/lib/jumping_experiments
[1.077s] Installing throw_node script to /home/michele/michele_try_ws/fishingrod_ws/install/throw_experiments/lib/jumping_experiments
[1.077s] 
[1.077s] Installed /home/michele/michele_try_ws/fishingrod_ws/build/throw_experiments
[1.077s] running symlink_data
[1.077s] creating /home/michele/michele_try_ws/fishingrod_ws/install/throw_experiments/share/ament_index
[1.077s] creating /home/michele/michele_try_ws/fishingrod_ws/install/throw_experiments/share/ament_index/resource_index
[1.078s] creating /home/michele/michele_try_ws/fishingrod_ws/install/throw_experiments/share/ament_index/resource_index/packages
[1.078s] symbolically linking /home/michele/michele_try_ws/fishingrod_ws/build/throw_experiments/resource/throw_experiments -> /home/michele/michele_try_ws/fishingrod_ws/install/throw_experiments/share/ament_index/resource_index/packages
[1.078s] symbolically linking /home/michele/michele_try_ws/fishingrod_ws/build/throw_experiments/package.xml -> /home/michele/michele_try_ws/fishingrod_ws/install/throw_experiments/share/throw_experiments
[1.078s] creating /home/michele/michele_try_ws/fishingrod_ws/install/throw_experiments/share/throw_experiments/launch
[1.078s] symbolically linking /home/michele/michele_try_ws/fishingrod_ws/build/throw_experiments/launch/experiment_simulation.launch.py -> /home/michele/michele_try_ws/fishingrod_ws/install/throw_experiments/share/throw_experiments/launch
[1.078s] symbolically linking /home/michele/michele_try_ws/fishingrod_ws/build/throw_experiments/launch/controller_start.launch.py -> /home/michele/michele_try_ws/fishingrod_ws/install/throw_experiments/share/throw_experiments/launch
[1.078s] symbolically linking /home/michele/michele_try_ws/fishingrod_ws/build/throw_experiments/launch/experiment.launch.py -> /home/michele/michele_try_ws/fishingrod_ws/install/throw_experiments/share/throw_experiments/launch
[1.100s] Invoked command in '/home/michele/michele_try_ws/fishingrod_ws/build/throw_experiments' returned '0': PYTHONPATH=/home/michele/michele_try_ws/fishingrod_ws/build/throw_experiments/prefix_override:/usr/lib/python3/dist-packages/colcon_core/task/python/colcon_distutils_commands:/home/michele/michele_try_ws/fishingrod_ws/install/throw_experiments/lib/python3.10/site-packages:${PYTHONPATH} /usr/bin/python3 -W ignore:setup.py install is deprecated setup.py develop --editable --build-directory /home/michele/michele_try_ws/fishingrod_ws/build/throw_experiments/build --no-deps symlink_data
