[0.012s] Invoking command in '/home/michele/michele_try_ws/fishingrod_ws/build/pi3hat_moteus_int_msgs': CMAKE_PREFIX_PATH=${CMAKE_PREFIX_PATH}:/home/michele/michele_try_ws/fishingrod_ws/install/throw_experiments:/home/michele/michele_try_ws/fishingrod_ws/install/test_experiments:/home/michele/michele_try_ws/fishingrod_ws/install/rlg_quad_controller:/home/michele/michele_try_ws/fishingrod_ws/install/jumping_experiments:/opt/ros/humble /usr/bin/cmake /home/michele/michele_try_ws/fishingrod_ws/src/pi3hat_moteus_int_msgs -DAMENT_CMAKE_SYMLINK_INSTALL=1 -DCMAKE_INSTALL_PREFIX=/home/michele/michele_try_ws/fishingrod_ws/install/pi3hat_moteus_int_msgs
[0.209s] -- The C compiler identification is GNU 11.4.0
[0.209s] -- The CXX compiler identification is GNU 11.4.0
[0.209s] -- Detecting C compiler ABI info
[0.209s] -- Detecting C compiler ABI info - done
[0.209s] -- Check for working C compiler: /usr/bin/gcc - skipped
[0.209s] -- Detecting C compile features
[0.209s] -- Detecting C compile features - done
[0.209s] -- Detecting CXX compiler ABI info
[0.210s] -- Detecting CXX compiler ABI info - done
[0.210s] -- Check for working CXX compiler: /usr/bin/g++ - skipped
[0.210s] -- Detecting CXX compile features
[0.210s] -- Detecting CXX compile features - done
[0.210s] -- Found ament_cmake: 1.3.10 (/opt/ros/humble/share/ament_cmake/cmake)
[0.316s] -- Found Python3: /usr/bin/python3 (found version "3.10.12") found components: Interpreter 
[0.358s] -- Override CMake install command with custom implementation using symlinks instead of copying resources
[0.375s] -- Found builtin_interfaces: 1.2.1 (/opt/ros/humble/share/builtin_interfaces/cmake)
[0.399s] -- Found rosidl_generator_c: 3.1.5 (/opt/ros/humble/share/rosidl_generator_c/cmake)
[0.402s] -- Found rosidl_adapter: 3.1.5 (/opt/ros/humble/share/rosidl_adapter/cmake)
[0.407s] -- Found rosidl_generator_cpp: 3.1.5 (/opt/ros/humble/share/rosidl_generator_cpp/cmake)
[0.416s] -- Using all available rosidl_typesupport_c: rosidl_typesupport_fastrtps_c;rosidl_typesupport_introspection_c
[0.428s] -- Using all available rosidl_typesupport_cpp: rosidl_typesupport_fastrtps_cpp;rosidl_typesupport_introspection_cpp
[0.441s] -- Found rosidl_default_generators: 1.2.0 (/opt/ros/humble/share/rosidl_default_generators/cmake)
[0.446s] -- Found std_msgs: 4.2.4 (/opt/ros/humble/share/std_msgs/cmake)
[0.672s] -- Found ament_cmake_cppcheck: 0.12.11 (/opt/ros/humble/share/ament_cmake_cppcheck/cmake)
[0.673s] -- Found ament_cmake_cpplint: 0.12.11 (/opt/ros/humble/share/ament_cmake_cpplint/cmake)
[0.675s] -- Found ament_cmake_uncrustify: 0.12.11 (/opt/ros/humble/share/ament_cmake_uncrustify/cmake)
[0.677s] -- Found ament_cmake_ros: 0.10.0 (/opt/ros/humble/share/ament_cmake_ros/cmake)
[0.987s] -- Using all available rosidl_typesupport_c: rosidl_typesupport_fastrtps_c;rosidl_typesupport_introspection_c
[1.107s] -- Using all available rosidl_typesupport_cpp: rosidl_typesupport_fastrtps_cpp;rosidl_typesupport_introspection_cpp
[1.129s] -- Found PythonInterp: /usr/bin/python3 (found suitable version "3.10.12", minimum required is "3.6") 
[1.131s] -- Found python_cmake_module: 0.10.0 (/opt/ros/humble/share/python_cmake_module/cmake)
[1.153s] -- Found PythonLibs: /usr/lib/x86_64-linux-gnu/libpython3.10.so (found suitable version "3.10.12", minimum required is "3.5") 
[1.154s] -- Using PYTHON_EXECUTABLE: /usr/bin/python3
[1.154s] -- Using PYTHON_INCLUDE_DIRS: /usr/include/python3.10
[1.154s] -- Using PYTHON_LIBRARIES: /usr/lib/x86_64-linux-gnu/libpython3.10.so
[1.173s] -- Found PythonExtra: .so  
[1.211s] -- Found ament_cmake_flake8: 0.12.11 (/opt/ros/humble/share/ament_cmake_flake8/cmake)
[1.213s] -- Found ament_cmake_pep257: 0.12.11 (/opt/ros/humble/share/ament_cmake_pep257/cmake)
[1.218s] -- Configuring done
[1.237s] -- Generating done
[1.239s] -- Build files have been written to: /home/michele/michele_try_ws/fishingrod_ws/build/pi3hat_moteus_int_msgs
[1.243s] Invoked command in '/home/michele/michele_try_ws/fishingrod_ws/build/pi3hat_moteus_int_msgs' returned '0': CMAKE_PREFIX_PATH=${CMAKE_PREFIX_PATH}:/home/michele/michele_try_ws/fishingrod_ws/install/throw_experiments:/home/michele/michele_try_ws/fishingrod_ws/install/test_experiments:/home/michele/michele_try_ws/fishingrod_ws/install/rlg_quad_controller:/home/michele/michele_try_ws/fishingrod_ws/install/jumping_experiments:/opt/ros/humble /usr/bin/cmake /home/michele/michele_try_ws/fishingrod_ws/src/pi3hat_moteus_int_msgs -DAMENT_CMAKE_SYMLINK_INSTALL=1 -DCMAKE_INSTALL_PREFIX=/home/michele/michele_try_ws/fishingrod_ws/install/pi3hat_moteus_int_msgs
[1.245s] Invoking command in '/home/michele/michele_try_ws/fishingrod_ws/build/pi3hat_moteus_int_msgs': CMAKE_PREFIX_PATH=${CMAKE_PREFIX_PATH}:/home/michele/michele_try_ws/fishingrod_ws/install/throw_experiments:/home/michele/michele_try_ws/fishingrod_ws/install/test_experiments:/home/michele/michele_try_ws/fishingrod_ws/install/rlg_quad_controller:/home/michele/michele_try_ws/fishingrod_ws/install/jumping_experiments:/opt/ros/humble /usr/bin/cmake --build /home/michele/michele_try_ws/fishingrod_ws/build/pi3hat_moteus_int_msgs -- -j20 -l20
[1.268s] [  2%] [34m[1mGenerating C code for ROS interfaces[0m
[1.274s] [  4%] [34m[1mGenerating C++ code for ROS interfaces[0m
[1.279s] [  4%] Built target ament_cmake_python_symlink_pi3hat_moteus_int_msgs
[1.464s] running egg_info
[1.465s] creating pi3hat_moteus_int_msgs.egg-info
[1.465s] writing pi3hat_moteus_int_msgs.egg-info/PKG-INFO
[1.465s] writing dependency_links to pi3hat_moteus_int_msgs.egg-info/dependency_links.txt
[1.465s] writing top-level names to pi3hat_moteus_int_msgs.egg-info/top_level.txt
[1.466s] writing manifest file 'pi3hat_moteus_int_msgs.egg-info/SOURCES.txt'
[1.468s] reading manifest file 'pi3hat_moteus_int_msgs.egg-info/SOURCES.txt'
[1.468s] writing manifest file 'pi3hat_moteus_int_msgs.egg-info/SOURCES.txt'
[1.486s] [  4%] Built target ament_cmake_python_build_pi3hat_moteus_int_msgs_egg
[1.526s] [  8%] [32mBuilding C object CMakeFiles/pi3hat_moteus_int_msgs__rosidl_generator_c.dir/rosidl_generator_c/pi3hat_moteus_int_msgs/msg/detail/joints_command__functions.c.o[0m
[1.526s] [  8%] [32mBuilding C object CMakeFiles/pi3hat_moteus_int_msgs__rosidl_generator_c.dir/rosidl_generator_c/pi3hat_moteus_int_msgs/msg/detail/packet_pass__functions.c.o[0m
[1.526s] [  8%] Built target pi3hat_moteus_int_msgs__cpp
[1.527s] [ 10%] [32mBuilding C object CMakeFiles/pi3hat_moteus_int_msgs__rosidl_generator_c.dir/rosidl_generator_c/pi3hat_moteus_int_msgs/msg/detail/joints_states__functions.c.o[0m
[1.532s] [ 12%] [34m[1mGenerating C++ type support dispatch for ROS interfaces[0m
[1.533s] [ 14%] [34m[1mGenerating C++ type support for eProsima Fast-RTPS[0m
[1.535s] [ 17%] [34m[1mGenerating C++ introspection for ROS interfaces[0m
[1.574s] [ 19%] [32m[1mLinking C shared library libpi3hat_moteus_int_msgs__rosidl_generator_c.so[0m
[1.600s] [ 19%] Built target pi3hat_moteus_int_msgs__rosidl_generator_c
[1.607s] [ 21%] [34m[1mGenerating C type support for eProsima Fast-RTPS[0m
[1.608s] [ 23%] [34m[1mGenerating C introspection for ROS interfaces[0m
[1.609s] [ 25%] [34m[1mGenerating C type support dispatch for ROS interfaces[0m
[1.749s] [ 27%] [32mBuilding CXX object CMakeFiles/pi3hat_moteus_int_msgs__rosidl_typesupport_cpp.dir/rosidl_typesupport_cpp/pi3hat_moteus_int_msgs/msg/joints_states__type_support.cpp.o[0m
[1.750s] [ 29%] [32mBuilding CXX object CMakeFiles/pi3hat_moteus_int_msgs__rosidl_typesupport_cpp.dir/rosidl_typesupport_cpp/pi3hat_moteus_int_msgs/msg/packet_pass__type_support.cpp.o[0m
[1.751s] [ 31%] [32mBuilding CXX object CMakeFiles/pi3hat_moteus_int_msgs__rosidl_typesupport_cpp.dir/rosidl_typesupport_cpp/pi3hat_moteus_int_msgs/msg/joints_command__type_support.cpp.o[0m
[1.798s] [ 34%] [32mBuilding CXX object CMakeFiles/pi3hat_moteus_int_msgs__rosidl_typesupport_introspection_cpp.dir/rosidl_typesupport_introspection_cpp/pi3hat_moteus_int_msgs/msg/detail/packet_pass__type_support.cpp.o[0m
[1.800s] [ 36%] [32mBuilding CXX object CMakeFiles/pi3hat_moteus_int_msgs__rosidl_typesupport_introspection_cpp.dir/rosidl_typesupport_introspection_cpp/pi3hat_moteus_int_msgs/msg/detail/joints_command__type_support.cpp.o[0m
[1.806s] [ 38%] [32mBuilding CXX object CMakeFiles/pi3hat_moteus_int_msgs__rosidl_typesupport_introspection_cpp.dir/rosidl_typesupport_introspection_cpp/pi3hat_moteus_int_msgs/msg/detail/joints_states__type_support.cpp.o[0m
[1.826s] [ 42%] [32mBuilding CXX object CMakeFiles/pi3hat_moteus_int_msgs__rosidl_typesupport_fastrtps_cpp.dir/rosidl_typesupport_fastrtps_cpp/pi3hat_moteus_int_msgs/msg/detail/dds_fastrtps/joints_states__type_support.cpp.o[0m
[1.826s] [ 44%] [32mBuilding CXX object CMakeFiles/pi3hat_moteus_int_msgs__rosidl_typesupport_fastrtps_cpp.dir/rosidl_typesupport_fastrtps_cpp/pi3hat_moteus_int_msgs/msg/detail/dds_fastrtps/joints_command__type_support.cpp.o[0m
[1.826s] [ 42%] [32mBuilding CXX object CMakeFiles/pi3hat_moteus_int_msgs__rosidl_typesupport_fastrtps_cpp.dir/rosidl_typesupport_fastrtps_cpp/pi3hat_moteus_int_msgs/msg/detail/dds_fastrtps/packet_pass__type_support.cpp.o[0m
[1.951s] [ 46%] [32mBuilding CXX object CMakeFiles/pi3hat_moteus_int_msgs__rosidl_typesupport_fastrtps_c.dir/rosidl_typesupport_fastrtps_c/pi3hat_moteus_int_msgs/msg/detail/joints_states__type_support_c.cpp.o[0m
[1.951s] [ 48%] [32mBuilding CXX object CMakeFiles/pi3hat_moteus_int_msgs__rosidl_typesupport_fastrtps_c.dir/rosidl_typesupport_fastrtps_c/pi3hat_moteus_int_msgs/msg/detail/packet_pass__type_support_c.cpp.o[0m
[1.951s] [ 51%] [32mBuilding CXX object CMakeFiles/pi3hat_moteus_int_msgs__rosidl_typesupport_fastrtps_c.dir/rosidl_typesupport_fastrtps_c/pi3hat_moteus_int_msgs/msg/detail/joints_command__type_support_c.cpp.o[0m
[1.975s] [ 55%] [32mBuilding CXX object CMakeFiles/pi3hat_moteus_int_msgs__rosidl_typesupport_c.dir/rosidl_typesupport_c/pi3hat_moteus_int_msgs/msg/joints_states__type_support.cpp.o[0m
[1.975s] [ 55%] [32mBuilding CXX object CMakeFiles/pi3hat_moteus_int_msgs__rosidl_typesupport_c.dir/rosidl_typesupport_c/pi3hat_moteus_int_msgs/msg/packet_pass__type_support.cpp.o[0m
[1.993s] [ 57%] [32mBuilding CXX object CMakeFiles/pi3hat_moteus_int_msgs__rosidl_typesupport_c.dir/rosidl_typesupport_c/pi3hat_moteus_int_msgs/msg/joints_command__type_support.cpp.o[0m
[2.032s] [ 59%] [32m[1mLinking CXX shared library libpi3hat_moteus_int_msgs__rosidl_typesupport_c.so[0m
[2.049s] [ 61%] [32mBuilding C object CMakeFiles/pi3hat_moteus_int_msgs__rosidl_typesupport_introspection_c.dir/rosidl_typesupport_introspection_c/pi3hat_moteus_int_msgs/msg/detail/packet_pass__type_support.c.o[0m
[2.049s] [ 63%] [32mBuilding C object CMakeFiles/pi3hat_moteus_int_msgs__rosidl_typesupport_introspection_c.dir/rosidl_typesupport_introspection_c/pi3hat_moteus_int_msgs/msg/detail/joints_states__type_support.c.o[0m
[2.049s] [ 65%] [32mBuilding C object CMakeFiles/pi3hat_moteus_int_msgs__rosidl_typesupport_introspection_c.dir/rosidl_typesupport_introspection_c/pi3hat_moteus_int_msgs/msg/detail/joints_command__type_support.c.o[0m
[2.083s] [ 65%] Built target pi3hat_moteus_int_msgs__rosidl_typesupport_c
[2.094s] [ 68%] [32m[1mLinking CXX shared library libpi3hat_moteus_int_msgs__rosidl_typesupport_cpp.so[0m
[2.107s] [ 70%] [32m[1mLinking C shared library libpi3hat_moteus_int_msgs__rosidl_typesupport_introspection_c.so[0m
[2.141s] [ 70%] Built target pi3hat_moteus_int_msgs__rosidl_typesupport_cpp
[2.141s] [ 70%] Built target pi3hat_moteus_int_msgs__rosidl_typesupport_introspection_c
[2.212s] [ 72%] [32m[1mLinking CXX shared library libpi3hat_moteus_int_msgs__rosidl_typesupport_introspection_cpp.so[0m
[2.267s] [ 72%] Built target pi3hat_moteus_int_msgs__rosidl_typesupport_introspection_cpp
[2.308s] [ 74%] [32m[1mLinking CXX shared library libpi3hat_moteus_int_msgs__rosidl_typesupport_fastrtps_c.so[0m
[2.343s] [ 76%] [32m[1mLinking CXX shared library libpi3hat_moteus_int_msgs__rosidl_typesupport_fastrtps_cpp.so[0m
[2.359s] [ 76%] Built target pi3hat_moteus_int_msgs__rosidl_typesupport_fastrtps_c
[2.402s] [ 76%] Built target pi3hat_moteus_int_msgs__rosidl_typesupport_fastrtps_cpp
[2.417s] [ 76%] Built target pi3hat_moteus_int_msgs
[2.431s] [ 78%] [34m[1mGenerating Python code for ROS interfaces[0m
[2.792s] [ 78%] Built target pi3hat_moteus_int_msgs__py
[2.806s] [ 85%] [32mBuilding C object CMakeFiles/pi3hat_moteus_int_msgs__rosidl_generator_py.dir/rosidl_generator_py/pi3hat_moteus_int_msgs/msg/_packet_pass_s.c.o[0m
[2.806s] [ 85%] [32mBuilding C object CMakeFiles/pi3hat_moteus_int_msgs__rosidl_generator_py.dir/rosidl_generator_py/pi3hat_moteus_int_msgs/msg/_joints_states_s.c.o[0m
[2.806s] [ 85%] [32mBuilding C object CMakeFiles/pi3hat_moteus_int_msgs__rosidl_generator_py.dir/rosidl_generator_py/pi3hat_moteus_int_msgs/msg/_joints_command_s.c.o[0m
[2.903s] [ 87%] [32m[1mLinking C shared library rosidl_generator_py/pi3hat_moteus_int_msgs/libpi3hat_moteus_int_msgs__rosidl_generator_py.so[0m
[2.930s] [ 87%] Built target pi3hat_moteus_int_msgs__rosidl_generator_py
[2.942s] [ 93%] [32mBuilding C object CMakeFiles/pi3hat_moteus_int_msgs__rosidl_typesupport_introspection_c__pyext.dir/rosidl_generator_py/pi3hat_moteus_int_msgs/_pi3hat_moteus_int_msgs_s.ep.rosidl_typesupport_introspection_c.c.o[0m
[2.943s] [ 93%] [32mBuilding C object CMakeFiles/pi3hat_moteus_int_msgs__rosidl_typesupport_fastrtps_c__pyext.dir/rosidl_generator_py/pi3hat_moteus_int_msgs/_pi3hat_moteus_int_msgs_s.ep.rosidl_typesupport_fastrtps_c.c.o[0m
[2.943s] [ 93%] [32mBuilding C object CMakeFiles/pi3hat_moteus_int_msgs__rosidl_typesupport_c__pyext.dir/rosidl_generator_py/pi3hat_moteus_int_msgs/_pi3hat_moteus_int_msgs_s.ep.rosidl_typesupport_c.c.o[0m
[3.002s] [100%] [32m[1mLinking C shared library rosidl_generator_py/pi3hat_moteus_int_msgs/pi3hat_moteus_int_msgs_s__rosidl_typesupport_introspection_c.cpython-310-x86_64-linux-gnu.so[0m
[3.002s] [100%] [32m[1mLinking C shared library rosidl_generator_py/pi3hat_moteus_int_msgs/pi3hat_moteus_int_msgs_s__rosidl_typesupport_fastrtps_c.cpython-310-x86_64-linux-gnu.so[0m
[3.002s] [100%] [32m[1mLinking C shared library rosidl_generator_py/pi3hat_moteus_int_msgs/pi3hat_moteus_int_msgs_s__rosidl_typesupport_c.cpython-310-x86_64-linux-gnu.so[0m
[3.026s] [100%] Built target pi3hat_moteus_int_msgs__rosidl_typesupport_introspection_c__pyext
[3.026s] [100%] Built target pi3hat_moteus_int_msgs__rosidl_typesupport_fastrtps_c__pyext
[3.026s] [100%] Built target pi3hat_moteus_int_msgs__rosidl_typesupport_c__pyext
[3.035s] Invoked command in '/home/michele/michele_try_ws/fishingrod_ws/build/pi3hat_moteus_int_msgs' returned '0': CMAKE_PREFIX_PATH=${CMAKE_PREFIX_PATH}:/home/michele/michele_try_ws/fishingrod_ws/install/throw_experiments:/home/michele/michele_try_ws/fishingrod_ws/install/test_experiments:/home/michele/michele_try_ws/fishingrod_ws/install/rlg_quad_controller:/home/michele/michele_try_ws/fishingrod_ws/install/jumping_experiments:/opt/ros/humble /usr/bin/cmake --build /home/michele/michele_try_ws/fishingrod_ws/build/pi3hat_moteus_int_msgs -- -j20 -l20
[3.091s] Invoking command in '/home/michele/michele_try_ws/fishingrod_ws/build/pi3hat_moteus_int_msgs': CMAKE_PREFIX_PATH=${CMAKE_PREFIX_PATH}:/home/michele/michele_try_ws/fishingrod_ws/install/throw_experiments:/home/michele/michele_try_ws/fishingrod_ws/install/test_experiments:/home/michele/michele_try_ws/fishingrod_ws/install/rlg_quad_controller:/home/michele/michele_try_ws/fishingrod_ws/install/jumping_experiments:/opt/ros/humble /usr/bin/cmake --install /home/michele/michele_try_ws/fishingrod_ws/build/pi3hat_moteus_int_msgs
[3.095s] -- Install configuration: ""
[3.096s] -- Execute custom install script
[3.096s] -- Symlinking: /home/michele/michele_try_ws/fishingrod_ws/install/pi3hat_moteus_int_msgs/share/ament_index/resource_index/rosidl_interfaces/pi3hat_moteus_int_msgs
[3.101s] -- Symlinking: /home/michele/michele_try_ws/fishingrod_ws/install/pi3hat_moteus_int_msgs/include/pi3hat_moteus_int_msgs/pi3hat_moteus_int_msgs/msg/detail/joints_command__functions.h
[3.106s] -- Symlinking: /home/michele/michele_try_ws/fishingrod_ws/install/pi3hat_moteus_int_msgs/include/pi3hat_moteus_int_msgs/pi3hat_moteus_int_msgs/msg/detail/joints_command__struct.h
[3.111s] -- Symlinking: /home/michele/michele_try_ws/fishingrod_ws/install/pi3hat_moteus_int_msgs/include/pi3hat_moteus_int_msgs/pi3hat_moteus_int_msgs/msg/detail/joints_command__type_support.h
[3.117s] -- Symlinking: /home/michele/michele_try_ws/fishingrod_ws/install/pi3hat_moteus_int_msgs/include/pi3hat_moteus_int_msgs/pi3hat_moteus_int_msgs/msg/detail/joints_states__functions.h
[3.122s] -- Symlinking: /home/michele/michele_try_ws/fishingrod_ws/install/pi3hat_moteus_int_msgs/include/pi3hat_moteus_int_msgs/pi3hat_moteus_int_msgs/msg/detail/joints_states__struct.h
[3.127s] -- Symlinking: /home/michele/michele_try_ws/fishingrod_ws/install/pi3hat_moteus_int_msgs/include/pi3hat_moteus_int_msgs/pi3hat_moteus_int_msgs/msg/detail/joints_states__type_support.h
[3.133s] -- Symlinking: /home/michele/michele_try_ws/fishingrod_ws/install/pi3hat_moteus_int_msgs/include/pi3hat_moteus_int_msgs/pi3hat_moteus_int_msgs/msg/detail/packet_pass__functions.h
[3.138s] -- Symlinking: /home/michele/michele_try_ws/fishingrod_ws/install/pi3hat_moteus_int_msgs/include/pi3hat_moteus_int_msgs/pi3hat_moteus_int_msgs/msg/detail/packet_pass__struct.h
[3.143s] -- Symlinking: /home/michele/michele_try_ws/fishingrod_ws/install/pi3hat_moteus_int_msgs/include/pi3hat_moteus_int_msgs/pi3hat_moteus_int_msgs/msg/detail/packet_pass__type_support.h
[3.148s] -- Symlinking: /home/michele/michele_try_ws/fishingrod_ws/install/pi3hat_moteus_int_msgs/include/pi3hat_moteus_int_msgs/pi3hat_moteus_int_msgs/msg/joints_command.h
[3.153s] -- Symlinking: /home/michele/michele_try_ws/fishingrod_ws/install/pi3hat_moteus_int_msgs/include/pi3hat_moteus_int_msgs/pi3hat_moteus_int_msgs/msg/joints_states.h
[3.159s] -- Symlinking: /home/michele/michele_try_ws/fishingrod_ws/install/pi3hat_moteus_int_msgs/include/pi3hat_moteus_int_msgs/pi3hat_moteus_int_msgs/msg/packet_pass.h
[3.164s] -- Symlinking: /home/michele/michele_try_ws/fishingrod_ws/install/pi3hat_moteus_int_msgs/include/pi3hat_moteus_int_msgs/pi3hat_moteus_int_msgs/msg/rosidl_generator_c__visibility_control.h
[3.169s] -- Symlinking: /home/michele/michele_try_ws/fishingrod_ws/install/pi3hat_moteus_int_msgs/share/pi3hat_moteus_int_msgs/environment/library_path.sh
[3.175s] -- Symlinking: /home/michele/michele_try_ws/fishingrod_ws/install/pi3hat_moteus_int_msgs/share/pi3hat_moteus_int_msgs/environment/library_path.dsv
[3.181s] -- Symlinking: /home/michele/michele_try_ws/fishingrod_ws/install/pi3hat_moteus_int_msgs/include/pi3hat_moteus_int_msgs/pi3hat_moteus_int_msgs/msg/detail/joints_command__rosidl_typesupport_fastrtps_c.h
[3.187s] -- Symlinking: /home/michele/michele_try_ws/fishingrod_ws/install/pi3hat_moteus_int_msgs/include/pi3hat_moteus_int_msgs/pi3hat_moteus_int_msgs/msg/detail/joints_states__rosidl_typesupport_fastrtps_c.h
[3.192s] -- Symlinking: /home/michele/michele_try_ws/fishingrod_ws/install/pi3hat_moteus_int_msgs/include/pi3hat_moteus_int_msgs/pi3hat_moteus_int_msgs/msg/detail/packet_pass__rosidl_typesupport_fastrtps_c.h
[3.197s] -- Symlinking: /home/michele/michele_try_ws/fishingrod_ws/install/pi3hat_moteus_int_msgs/include/pi3hat_moteus_int_msgs/pi3hat_moteus_int_msgs/msg/rosidl_typesupport_fastrtps_c__visibility_control.h
[3.203s] -- Symlinking: /home/michele/michele_try_ws/fishingrod_ws/install/pi3hat_moteus_int_msgs/include/pi3hat_moteus_int_msgs/pi3hat_moteus_int_msgs/msg/detail/joints_command__builder.hpp
[3.209s] -- Symlinking: /home/michele/michele_try_ws/fishingrod_ws/install/pi3hat_moteus_int_msgs/include/pi3hat_moteus_int_msgs/pi3hat_moteus_int_msgs/msg/detail/joints_command__struct.hpp
[3.214s] -- Symlinking: /home/michele/michele_try_ws/fishingrod_ws/install/pi3hat_moteus_int_msgs/include/pi3hat_moteus_int_msgs/pi3hat_moteus_int_msgs/msg/detail/joints_command__traits.hpp
[3.219s] -- Symlinking: /home/michele/michele_try_ws/fishingrod_ws/install/pi3hat_moteus_int_msgs/include/pi3hat_moteus_int_msgs/pi3hat_moteus_int_msgs/msg/detail/joints_states__builder.hpp
[3.225s] -- Symlinking: /home/michele/michele_try_ws/fishingrod_ws/install/pi3hat_moteus_int_msgs/include/pi3hat_moteus_int_msgs/pi3hat_moteus_int_msgs/msg/detail/joints_states__struct.hpp
[3.230s] -- Symlinking: /home/michele/michele_try_ws/fishingrod_ws/install/pi3hat_moteus_int_msgs/include/pi3hat_moteus_int_msgs/pi3hat_moteus_int_msgs/msg/detail/joints_states__traits.hpp
[3.235s] -- Symlinking: /home/michele/michele_try_ws/fishingrod_ws/install/pi3hat_moteus_int_msgs/include/pi3hat_moteus_int_msgs/pi3hat_moteus_int_msgs/msg/detail/packet_pass__builder.hpp
[3.241s] -- Symlinking: /home/michele/michele_try_ws/fishingrod_ws/install/pi3hat_moteus_int_msgs/include/pi3hat_moteus_int_msgs/pi3hat_moteus_int_msgs/msg/detail/packet_pass__struct.hpp
[3.246s] -- Symlinking: /home/michele/michele_try_ws/fishingrod_ws/install/pi3hat_moteus_int_msgs/include/pi3hat_moteus_int_msgs/pi3hat_moteus_int_msgs/msg/detail/packet_pass__traits.hpp
[3.251s] -- Symlinking: /home/michele/michele_try_ws/fishingrod_ws/install/pi3hat_moteus_int_msgs/include/pi3hat_moteus_int_msgs/pi3hat_moteus_int_msgs/msg/joints_command.hpp
[3.256s] -- Symlinking: /home/michele/michele_try_ws/fishingrod_ws/install/pi3hat_moteus_int_msgs/include/pi3hat_moteus_int_msgs/pi3hat_moteus_int_msgs/msg/joints_states.hpp
[3.261s] -- Symlinking: /home/michele/michele_try_ws/fishingrod_ws/install/pi3hat_moteus_int_msgs/include/pi3hat_moteus_int_msgs/pi3hat_moteus_int_msgs/msg/packet_pass.hpp
[3.266s] -- Symlinking: /home/michele/michele_try_ws/fishingrod_ws/install/pi3hat_moteus_int_msgs/include/pi3hat_moteus_int_msgs/pi3hat_moteus_int_msgs/msg/detail/joints_command__rosidl_typesupport_fastrtps_cpp.hpp
[3.271s] -- Symlinking: /home/michele/michele_try_ws/fishingrod_ws/install/pi3hat_moteus_int_msgs/include/pi3hat_moteus_int_msgs/pi3hat_moteus_int_msgs/msg/detail/joints_states__rosidl_typesupport_fastrtps_cpp.hpp
[3.276s] -- Symlinking: /home/michele/michele_try_ws/fishingrod_ws/install/pi3hat_moteus_int_msgs/include/pi3hat_moteus_int_msgs/pi3hat_moteus_int_msgs/msg/detail/packet_pass__rosidl_typesupport_fastrtps_cpp.hpp
[3.282s] -- Symlinking: /home/michele/michele_try_ws/fishingrod_ws/install/pi3hat_moteus_int_msgs/include/pi3hat_moteus_int_msgs/pi3hat_moteus_int_msgs/msg/rosidl_typesupport_fastrtps_cpp__visibility_control.h
[3.287s] -- Symlinking: /home/michele/michele_try_ws/fishingrod_ws/install/pi3hat_moteus_int_msgs/include/pi3hat_moteus_int_msgs/pi3hat_moteus_int_msgs/msg/detail/joints_command__rosidl_typesupport_introspection_c.h
[3.292s] -- Symlinking: /home/michele/michele_try_ws/fishingrod_ws/install/pi3hat_moteus_int_msgs/include/pi3hat_moteus_int_msgs/pi3hat_moteus_int_msgs/msg/detail/joints_states__rosidl_typesupport_introspection_c.h
[3.298s] -- Symlinking: /home/michele/michele_try_ws/fishingrod_ws/install/pi3hat_moteus_int_msgs/include/pi3hat_moteus_int_msgs/pi3hat_moteus_int_msgs/msg/detail/packet_pass__rosidl_typesupport_introspection_c.h
[3.303s] -- Symlinking: /home/michele/michele_try_ws/fishingrod_ws/install/pi3hat_moteus_int_msgs/include/pi3hat_moteus_int_msgs/pi3hat_moteus_int_msgs/msg/rosidl_typesupport_introspection_c__visibility_control.h
[3.309s] -- Symlinking: /home/michele/michele_try_ws/fishingrod_ws/install/pi3hat_moteus_int_msgs/include/pi3hat_moteus_int_msgs/pi3hat_moteus_int_msgs/msg/detail/joints_command__rosidl_typesupport_introspection_cpp.hpp
[3.314s] -- Symlinking: /home/michele/michele_try_ws/fishingrod_ws/install/pi3hat_moteus_int_msgs/include/pi3hat_moteus_int_msgs/pi3hat_moteus_int_msgs/msg/detail/joints_states__rosidl_typesupport_introspection_cpp.hpp
[3.319s] -- Symlinking: /home/michele/michele_try_ws/fishingrod_ws/install/pi3hat_moteus_int_msgs/include/pi3hat_moteus_int_msgs/pi3hat_moteus_int_msgs/msg/detail/packet_pass__rosidl_typesupport_introspection_cpp.hpp
[3.324s] -- Symlinking: /home/michele/michele_try_ws/fishingrod_ws/install/pi3hat_moteus_int_msgs/share/pi3hat_moteus_int_msgs/environment/pythonpath.sh
[3.330s] -- Symlinking: /home/michele/michele_try_ws/fishingrod_ws/install/pi3hat_moteus_int_msgs/share/pi3hat_moteus_int_msgs/environment/pythonpath.dsv
[3.336s] -- Symlinking: /home/michele/michele_try_ws/fishingrod_ws/install/pi3hat_moteus_int_msgs/local/lib/python3.10/dist-packages/pi3hat_moteus_int_msgs-0.0.0-py3.10.egg-info/PKG-INFO
[3.341s] -- Symlinking: /home/michele/michele_try_ws/fishingrod_ws/install/pi3hat_moteus_int_msgs/local/lib/python3.10/dist-packages/pi3hat_moteus_int_msgs-0.0.0-py3.10.egg-info/SOURCES.txt
[3.346s] -- Symlinking: /home/michele/michele_try_ws/fishingrod_ws/install/pi3hat_moteus_int_msgs/local/lib/python3.10/dist-packages/pi3hat_moteus_int_msgs-0.0.0-py3.10.egg-info/dependency_links.txt
[3.351s] -- Symlinking: /home/michele/michele_try_ws/fishingrod_ws/install/pi3hat_moteus_int_msgs/local/lib/python3.10/dist-packages/pi3hat_moteus_int_msgs-0.0.0-py3.10.egg-info/top_level.txt
[3.357s] -- Symlinking: /home/michele/michele_try_ws/fishingrod_ws/install/pi3hat_moteus_int_msgs/local/lib/python3.10/dist-packages/pi3hat_moteus_int_msgs/__init__.py
[3.362s] -- Symlinking: /home/michele/michele_try_ws/fishingrod_ws/install/pi3hat_moteus_int_msgs/local/lib/python3.10/dist-packages/pi3hat_moteus_int_msgs/_pi3hat_moteus_int_msgs_s.ep.rosidl_typesupport_c.c
[3.368s] -- Symlinking: /home/michele/michele_try_ws/fishingrod_ws/install/pi3hat_moteus_int_msgs/local/lib/python3.10/dist-packages/pi3hat_moteus_int_msgs/_pi3hat_moteus_int_msgs_s.ep.rosidl_typesupport_fastrtps_c.c
[3.373s] -- Symlinking: /home/michele/michele_try_ws/fishingrod_ws/install/pi3hat_moteus_int_msgs/local/lib/python3.10/dist-packages/pi3hat_moteus_int_msgs/_pi3hat_moteus_int_msgs_s.ep.rosidl_typesupport_introspection_c.c
[3.378s] -- Symlinking: /home/michele/michele_try_ws/fishingrod_ws/install/pi3hat_moteus_int_msgs/local/lib/python3.10/dist-packages/pi3hat_moteus_int_msgs/libpi3hat_moteus_int_msgs__rosidl_generator_py.so
[3.383s] -- Symlinking: /home/michele/michele_try_ws/fishingrod_ws/install/pi3hat_moteus_int_msgs/local/lib/python3.10/dist-packages/pi3hat_moteus_int_msgs/msg/__init__.py
[3.389s] -- Symlinking: /home/michele/michele_try_ws/fishingrod_ws/install/pi3hat_moteus_int_msgs/local/lib/python3.10/dist-packages/pi3hat_moteus_int_msgs/msg/_joints_command.py
[3.394s] -- Symlinking: /home/michele/michele_try_ws/fishingrod_ws/install/pi3hat_moteus_int_msgs/local/lib/python3.10/dist-packages/pi3hat_moteus_int_msgs/msg/_joints_command_s.c
[3.399s] -- Symlinking: /home/michele/michele_try_ws/fishingrod_ws/install/pi3hat_moteus_int_msgs/local/lib/python3.10/dist-packages/pi3hat_moteus_int_msgs/msg/_joints_states.py
[3.405s] -- Symlinking: /home/michele/michele_try_ws/fishingrod_ws/install/pi3hat_moteus_int_msgs/local/lib/python3.10/dist-packages/pi3hat_moteus_int_msgs/msg/_joints_states_s.c
[3.410s] -- Symlinking: /home/michele/michele_try_ws/fishingrod_ws/install/pi3hat_moteus_int_msgs/local/lib/python3.10/dist-packages/pi3hat_moteus_int_msgs/msg/_packet_pass.py
[3.415s] -- Symlinking: /home/michele/michele_try_ws/fishingrod_ws/install/pi3hat_moteus_int_msgs/local/lib/python3.10/dist-packages/pi3hat_moteus_int_msgs/msg/_packet_pass_s.c
[3.421s] -- Symlinking: /home/michele/michele_try_ws/fishingrod_ws/install/pi3hat_moteus_int_msgs/local/lib/python3.10/dist-packages/pi3hat_moteus_int_msgs/pi3hat_moteus_int_msgs_s__rosidl_typesupport_c.cpython-310-x86_64-linux-gnu.so
[3.426s] -- Symlinking: /home/michele/michele_try_ws/fishingrod_ws/install/pi3hat_moteus_int_msgs/local/lib/python3.10/dist-packages/pi3hat_moteus_int_msgs/pi3hat_moteus_int_msgs_s__rosidl_typesupport_fastrtps_c.cpython-310-x86_64-linux-gnu.so
[3.432s] -- Symlinking: /home/michele/michele_try_ws/fishingrod_ws/install/pi3hat_moteus_int_msgs/local/lib/python3.10/dist-packages/pi3hat_moteus_int_msgs/pi3hat_moteus_int_msgs_s__rosidl_typesupport_introspection_c.cpython-310-x86_64-linux-gnu.so
[3.438s] -- Up-to-date symlink: /home/michele/michele_try_ws/fishingrod_ws/install/pi3hat_moteus_int_msgs/local/lib/python3.10/dist-packages/pi3hat_moteus_int_msgs/pi3hat_moteus_int_msgs_s__rosidl_typesupport_fastrtps_c.cpython-310-x86_64-linux-gnu.so
[3.438s] -- Up-to-date symlink: /home/michele/michele_try_ws/fishingrod_ws/install/pi3hat_moteus_int_msgs/local/lib/python3.10/dist-packages/pi3hat_moteus_int_msgs/pi3hat_moteus_int_msgs_s__rosidl_typesupport_introspection_c.cpython-310-x86_64-linux-gnu.so
[3.438s] -- Up-to-date symlink: /home/michele/michele_try_ws/fishingrod_ws/install/pi3hat_moteus_int_msgs/local/lib/python3.10/dist-packages/pi3hat_moteus_int_msgs/pi3hat_moteus_int_msgs_s__rosidl_typesupport_c.cpython-310-x86_64-linux-gnu.so
[3.438s] -- Symlinking: /home/michele/michele_try_ws/fishingrod_ws/install/pi3hat_moteus_int_msgs/share/pi3hat_moteus_int_msgs/msg/PacketPass.idl
[3.444s] -- Symlinking: /home/michele/michele_try_ws/fishingrod_ws/install/pi3hat_moteus_int_msgs/share/pi3hat_moteus_int_msgs/msg/JointsStates.idl
[3.449s] -- Symlinking: /home/michele/michele_try_ws/fishingrod_ws/install/pi3hat_moteus_int_msgs/share/pi3hat_moteus_int_msgs/msg/JointsCommand.idl
[3.454s] -- Symlinking: /home/michele/michele_try_ws/fishingrod_ws/install/pi3hat_moteus_int_msgs/share/pi3hat_moteus_int_msgs/msg/PacketPass.msg
[3.459s] -- Symlinking: /home/michele/michele_try_ws/fishingrod_ws/install/pi3hat_moteus_int_msgs/share/pi3hat_moteus_int_msgs/msg/JointsStates.msg
[3.464s] -- Symlinking: /home/michele/michele_try_ws/fishingrod_ws/install/pi3hat_moteus_int_msgs/share/pi3hat_moteus_int_msgs/msg/JointsCommand.msg
[3.469s] -- Symlinking: /home/michele/michele_try_ws/fishingrod_ws/install/pi3hat_moteus_int_msgs/share/ament_index/resource_index/package_run_dependencies/pi3hat_moteus_int_msgs
[3.474s] -- Symlinking: /home/michele/michele_try_ws/fishingrod_ws/install/pi3hat_moteus_int_msgs/share/ament_index/resource_index/parent_prefix_path/pi3hat_moteus_int_msgs
[3.480s] -- Symlinking: /home/michele/michele_try_ws/fishingrod_ws/install/pi3hat_moteus_int_msgs/share/pi3hat_moteus_int_msgs/environment/ament_prefix_path.sh
[3.485s] -- Symlinking: /home/michele/michele_try_ws/fishingrod_ws/install/pi3hat_moteus_int_msgs/share/pi3hat_moteus_int_msgs/environment/ament_prefix_path.dsv
[3.490s] -- Symlinking: /home/michele/michele_try_ws/fishingrod_ws/install/pi3hat_moteus_int_msgs/share/pi3hat_moteus_int_msgs/environment/path.sh
[3.495s] -- Symlinking: /home/michele/michele_try_ws/fishingrod_ws/install/pi3hat_moteus_int_msgs/share/pi3hat_moteus_int_msgs/environment/path.dsv
[3.500s] -- Symlinking: /home/michele/michele_try_ws/fishingrod_ws/install/pi3hat_moteus_int_msgs/share/pi3hat_moteus_int_msgs/local_setup.bash
[3.505s] -- Symlinking: /home/michele/michele_try_ws/fishingrod_ws/install/pi3hat_moteus_int_msgs/share/pi3hat_moteus_int_msgs/local_setup.sh
[3.510s] -- Symlinking: /home/michele/michele_try_ws/fishingrod_ws/install/pi3hat_moteus_int_msgs/share/pi3hat_moteus_int_msgs/local_setup.zsh
[3.515s] -- Symlinking: /home/michele/michele_try_ws/fishingrod_ws/install/pi3hat_moteus_int_msgs/share/pi3hat_moteus_int_msgs/local_setup.dsv
[3.520s] -- Symlinking: /home/michele/michele_try_ws/fishingrod_ws/install/pi3hat_moteus_int_msgs/share/pi3hat_moteus_int_msgs/package.dsv
[3.525s] -- Symlinking: /home/michele/michele_try_ws/fishingrod_ws/install/pi3hat_moteus_int_msgs/share/ament_index/resource_index/packages/pi3hat_moteus_int_msgs
[3.532s] -- Symlinking: /home/michele/michele_try_ws/fishingrod_ws/install/pi3hat_moteus_int_msgs/share/pi3hat_moteus_int_msgs/cmake/rosidl_cmake-extras.cmake
[3.537s] -- Symlinking: /home/michele/michele_try_ws/fishingrod_ws/install/pi3hat_moteus_int_msgs/share/pi3hat_moteus_int_msgs/cmake/ament_cmake_export_dependencies-extras.cmake
[3.543s] -- Symlinking: /home/michele/michele_try_ws/fishingrod_ws/install/pi3hat_moteus_int_msgs/share/pi3hat_moteus_int_msgs/cmake/ament_cmake_export_include_directories-extras.cmake
[3.548s] -- Symlinking: /home/michele/michele_try_ws/fishingrod_ws/install/pi3hat_moteus_int_msgs/share/pi3hat_moteus_int_msgs/cmake/ament_cmake_export_libraries-extras.cmake
[3.553s] -- Symlinking: /home/michele/michele_try_ws/fishingrod_ws/install/pi3hat_moteus_int_msgs/share/pi3hat_moteus_int_msgs/cmake/ament_cmake_export_targets-extras.cmake
[3.558s] -- Symlinking: /home/michele/michele_try_ws/fishingrod_ws/install/pi3hat_moteus_int_msgs/share/pi3hat_moteus_int_msgs/cmake/rosidl_cmake_export_typesupport_targets-extras.cmake
[3.564s] -- Symlinking: /home/michele/michele_try_ws/fishingrod_ws/install/pi3hat_moteus_int_msgs/share/pi3hat_moteus_int_msgs/cmake/rosidl_cmake_export_typesupport_libraries-extras.cmake
[3.569s] -- Symlinking: /home/michele/michele_try_ws/fishingrod_ws/install/pi3hat_moteus_int_msgs/share/pi3hat_moteus_int_msgs/cmake/pi3hat_moteus_int_msgsConfig.cmake
[3.574s] -- Symlinking: /home/michele/michele_try_ws/fishingrod_ws/install/pi3hat_moteus_int_msgs/share/pi3hat_moteus_int_msgs/cmake/pi3hat_moteus_int_msgsConfig-version.cmake
[3.579s] -- Symlinking: /home/michele/michele_try_ws/fishingrod_ws/install/pi3hat_moteus_int_msgs/share/pi3hat_moteus_int_msgs/package.xml
[3.584s] -- Installing: /home/michele/michele_try_ws/fishingrod_ws/install/pi3hat_moteus_int_msgs/lib/libpi3hat_moteus_int_msgs__rosidl_generator_c.so
[3.584s] -- Set runtime path of "/home/michele/michele_try_ws/fishingrod_ws/install/pi3hat_moteus_int_msgs/lib/libpi3hat_moteus_int_msgs__rosidl_generator_c.so" to ""
[3.584s] -- Installing: /home/michele/michele_try_ws/fishingrod_ws/install/pi3hat_moteus_int_msgs/lib/libpi3hat_moteus_int_msgs__rosidl_typesupport_fastrtps_c.so
[3.585s] -- Set runtime path of "/home/michele/michele_try_ws/fishingrod_ws/install/pi3hat_moteus_int_msgs/lib/libpi3hat_moteus_int_msgs__rosidl_typesupport_fastrtps_c.so" to ""
[3.585s] -- Installing: /home/michele/michele_try_ws/fishingrod_ws/install/pi3hat_moteus_int_msgs/lib/libpi3hat_moteus_int_msgs__rosidl_typesupport_fastrtps_cpp.so
[3.585s] -- Set runtime path of "/home/michele/michele_try_ws/fishingrod_ws/install/pi3hat_moteus_int_msgs/lib/libpi3hat_moteus_int_msgs__rosidl_typesupport_fastrtps_cpp.so" to ""
[3.585s] -- Installing: /home/michele/michele_try_ws/fishingrod_ws/install/pi3hat_moteus_int_msgs/lib/libpi3hat_moteus_int_msgs__rosidl_typesupport_introspection_c.so
[3.585s] -- Set runtime path of "/home/michele/michele_try_ws/fishingrod_ws/install/pi3hat_moteus_int_msgs/lib/libpi3hat_moteus_int_msgs__rosidl_typesupport_introspection_c.so" to ""
[3.585s] -- Installing: /home/michele/michele_try_ws/fishingrod_ws/install/pi3hat_moteus_int_msgs/lib/libpi3hat_moteus_int_msgs__rosidl_typesupport_c.so
[3.585s] -- Set runtime path of "/home/michele/michele_try_ws/fishingrod_ws/install/pi3hat_moteus_int_msgs/lib/libpi3hat_moteus_int_msgs__rosidl_typesupport_c.so" to ""
[3.585s] -- Installing: /home/michele/michele_try_ws/fishingrod_ws/install/pi3hat_moteus_int_msgs/lib/libpi3hat_moteus_int_msgs__rosidl_typesupport_introspection_cpp.so
[3.585s] -- Set runtime path of "/home/michele/michele_try_ws/fishingrod_ws/install/pi3hat_moteus_int_msgs/lib/libpi3hat_moteus_int_msgs__rosidl_typesupport_introspection_cpp.so" to ""
[3.585s] -- Installing: /home/michele/michele_try_ws/fishingrod_ws/install/pi3hat_moteus_int_msgs/lib/libpi3hat_moteus_int_msgs__rosidl_typesupport_cpp.so
[3.585s] -- Set runtime path of "/home/michele/michele_try_ws/fishingrod_ws/install/pi3hat_moteus_int_msgs/lib/libpi3hat_moteus_int_msgs__rosidl_typesupport_cpp.so" to ""
[3.609s] Listing '/home/michele/michele_try_ws/fishingrod_ws/install/pi3hat_moteus_int_msgs/local/lib/python3.10/dist-packages/pi3hat_moteus_int_msgs'...
[3.609s] Compiling '/home/michele/michele_try_ws/fishingrod_ws/install/pi3hat_moteus_int_msgs/local/lib/python3.10/dist-packages/pi3hat_moteus_int_msgs/__init__.py'...
[3.609s] Listing '/home/michele/michele_try_ws/fishingrod_ws/install/pi3hat_moteus_int_msgs/local/lib/python3.10/dist-packages/pi3hat_moteus_int_msgs/msg'...
[3.609s] Compiling '/home/michele/michele_try_ws/fishingrod_ws/install/pi3hat_moteus_int_msgs/local/lib/python3.10/dist-packages/pi3hat_moteus_int_msgs/msg/__init__.py'...
[3.609s] Compiling '/home/michele/michele_try_ws/fishingrod_ws/install/pi3hat_moteus_int_msgs/local/lib/python3.10/dist-packages/pi3hat_moteus_int_msgs/msg/_joints_command.py'...
[3.609s] Compiling '/home/michele/michele_try_ws/fishingrod_ws/install/pi3hat_moteus_int_msgs/local/lib/python3.10/dist-packages/pi3hat_moteus_int_msgs/msg/_joints_states.py'...
[3.609s] Compiling '/home/michele/michele_try_ws/fishingrod_ws/install/pi3hat_moteus_int_msgs/local/lib/python3.10/dist-packages/pi3hat_moteus_int_msgs/msg/_packet_pass.py'...
[3.612s] -- Installing: /home/michele/michele_try_ws/fishingrod_ws/install/pi3hat_moteus_int_msgs/lib/libpi3hat_moteus_int_msgs__rosidl_generator_py.so
[3.612s] -- Set runtime path of "/home/michele/michele_try_ws/fishingrod_ws/install/pi3hat_moteus_int_msgs/lib/libpi3hat_moteus_int_msgs__rosidl_generator_py.so" to ""
[3.612s] -- Installing: /home/michele/michele_try_ws/fishingrod_ws/install/pi3hat_moteus_int_msgs/share/pi3hat_moteus_int_msgs/cmake/export_pi3hat_moteus_int_msgs__rosidl_generator_cExport.cmake
[3.612s] -- Installing: /home/michele/michele_try_ws/fishingrod_ws/install/pi3hat_moteus_int_msgs/share/pi3hat_moteus_int_msgs/cmake/export_pi3hat_moteus_int_msgs__rosidl_generator_cExport-noconfig.cmake
[3.613s] -- Installing: /home/michele/michele_try_ws/fishingrod_ws/install/pi3hat_moteus_int_msgs/share/pi3hat_moteus_int_msgs/cmake/export_pi3hat_moteus_int_msgs__rosidl_typesupport_fastrtps_cExport.cmake
[3.613s] -- Installing: /home/michele/michele_try_ws/fishingrod_ws/install/pi3hat_moteus_int_msgs/share/pi3hat_moteus_int_msgs/cmake/export_pi3hat_moteus_int_msgs__rosidl_typesupport_fastrtps_cExport-noconfig.cmake
[3.613s] -- Installing: /home/michele/michele_try_ws/fishingrod_ws/install/pi3hat_moteus_int_msgs/share/pi3hat_moteus_int_msgs/cmake/export_pi3hat_moteus_int_msgs__rosidl_generator_cppExport.cmake
[3.613s] -- Installing: /home/michele/michele_try_ws/fishingrod_ws/install/pi3hat_moteus_int_msgs/share/pi3hat_moteus_int_msgs/cmake/export_pi3hat_moteus_int_msgs__rosidl_typesupport_fastrtps_cppExport.cmake
[3.613s] -- Installing: /home/michele/michele_try_ws/fishingrod_ws/install/pi3hat_moteus_int_msgs/share/pi3hat_moteus_int_msgs/cmake/export_pi3hat_moteus_int_msgs__rosidl_typesupport_fastrtps_cppExport-noconfig.cmake
[3.613s] -- Installing: /home/michele/michele_try_ws/fishingrod_ws/install/pi3hat_moteus_int_msgs/share/pi3hat_moteus_int_msgs/cmake/pi3hat_moteus_int_msgs__rosidl_typesupport_introspection_cExport.cmake
[3.613s] -- Installing: /home/michele/michele_try_ws/fishingrod_ws/install/pi3hat_moteus_int_msgs/share/pi3hat_moteus_int_msgs/cmake/pi3hat_moteus_int_msgs__rosidl_typesupport_introspection_cExport-noconfig.cmake
[3.613s] -- Installing: /home/michele/michele_try_ws/fishingrod_ws/install/pi3hat_moteus_int_msgs/share/pi3hat_moteus_int_msgs/cmake/pi3hat_moteus_int_msgs__rosidl_typesupport_cExport.cmake
[3.613s] -- Installing: /home/michele/michele_try_ws/fishingrod_ws/install/pi3hat_moteus_int_msgs/share/pi3hat_moteus_int_msgs/cmake/pi3hat_moteus_int_msgs__rosidl_typesupport_cExport-noconfig.cmake
[3.613s] -- Installing: /home/michele/michele_try_ws/fishingrod_ws/install/pi3hat_moteus_int_msgs/share/pi3hat_moteus_int_msgs/cmake/pi3hat_moteus_int_msgs__rosidl_typesupport_introspection_cppExport.cmake
[3.613s] -- Installing: /home/michele/michele_try_ws/fishingrod_ws/install/pi3hat_moteus_int_msgs/share/pi3hat_moteus_int_msgs/cmake/pi3hat_moteus_int_msgs__rosidl_typesupport_introspection_cppExport-noconfig.cmake
[3.613s] -- Installing: /home/michele/michele_try_ws/fishingrod_ws/install/pi3hat_moteus_int_msgs/share/pi3hat_moteus_int_msgs/cmake/pi3hat_moteus_int_msgs__rosidl_typesupport_cppExport.cmake
[3.613s] -- Installing: /home/michele/michele_try_ws/fishingrod_ws/install/pi3hat_moteus_int_msgs/share/pi3hat_moteus_int_msgs/cmake/pi3hat_moteus_int_msgs__rosidl_typesupport_cppExport-noconfig.cmake
[3.614s] -- Installing: /home/michele/michele_try_ws/fishingrod_ws/install/pi3hat_moteus_int_msgs/share/pi3hat_moteus_int_msgs/cmake/export_pi3hat_moteus_int_msgs__rosidl_generator_pyExport.cmake
[3.614s] -- Installing: /home/michele/michele_try_ws/fishingrod_ws/install/pi3hat_moteus_int_msgs/share/pi3hat_moteus_int_msgs/cmake/export_pi3hat_moteus_int_msgs__rosidl_generator_pyExport-noconfig.cmake
[3.615s] Invoked command in '/home/michele/michele_try_ws/fishingrod_ws/build/pi3hat_moteus_int_msgs' returned '0': CMAKE_PREFIX_PATH=${CMAKE_PREFIX_PATH}:/home/michele/michele_try_ws/fishingrod_ws/install/throw_experiments:/home/michele/michele_try_ws/fishingrod_ws/install/test_experiments:/home/michele/michele_try_ws/fishingrod_ws/install/rlg_quad_controller:/home/michele/michele_try_ws/fishingrod_ws/install/jumping_experiments:/opt/ros/humble /usr/bin/cmake --install /home/michele/michele_try_ws/fishingrod_ws/build/pi3hat_moteus_int_msgs
