[0.012s] Invoking command in '/home/michele/michele_try_ws/fishingrod_ws/build/sea_plugin_package': CMAKE_PREFIX_PATH=${CMAKE_PREFIX_PATH}:/home/michele/michele_try_ws/fishingrod_ws/install/throw_experiments:/home/michele/michele_try_ws/fishingrod_ws/install/test_experiments:/home/michele/michele_try_ws/fishingrod_ws/install/rlg_quad_controller:/home/michele/michele_try_ws/fishingrod_ws/install/jumping_experiments:/opt/ros/humble /usr/bin/cmake /home/michele/michele_try_ws/fishingrod_ws/src/sea_plugin_package -DAMENT_CMAKE_SYMLINK_INSTALL=1 -DCMAKE_INSTALL_PREFIX=/home/michele/michele_try_ws/fishingrod_ws/install/sea_plugin_package
[0.206s] -- The C compiler identification is GNU 11.4.0
[0.206s] -- The CXX compiler identification is GNU 11.4.0
[0.206s] -- Detecting C compiler ABI info
[0.206s] -- Detecting C compiler ABI info - done
[0.206s] -- Check for working C compiler: /usr/bin/gcc - skipped
[0.206s] -- Detecting C compile features
[0.206s] -- Detecting C compile features - done
[0.206s] -- Detecting CXX compiler ABI info
[0.206s] -- Detecting CXX compiler ABI info - done
[0.206s] -- Check for working CXX compiler: /usr/bin/g++ - skipped
[0.206s] -- Detecting CXX compile features
[0.206s] -- Detecting CXX compile features - done
[0.206s] -- Found ament_cmake: 1.3.10 (/opt/ros/humble/share/ament_cmake/cmake)
[0.311s] -- Found Python3: /usr/bin/python3 (found version "3.10.12") found components: Interpreter 
[0.350s] -- Override CMake install command with custom implementation using symlinks instead of copying resources
[0.374s] -- Found rclcpp: 16.0.9 (/opt/ros/humble/share/rclcpp/cmake)
[0.400s] -- Found rosidl_generator_c: 3.1.5 (/opt/ros/humble/share/rosidl_generator_c/cmake)
[0.403s] -- Found rosidl_adapter: 3.1.5 (/opt/ros/humble/share/rosidl_adapter/cmake)
[0.409s] -- Found rosidl_generator_cpp: 3.1.5 (/opt/ros/humble/share/rosidl_generator_cpp/cmake)
[0.417s] -- Using all available rosidl_typesupport_c: rosidl_typesupport_fastrtps_c;rosidl_typesupport_introspection_c
[0.430s] -- Using all available rosidl_typesupport_cpp: rosidl_typesupport_fastrtps_cpp;rosidl_typesupport_introspection_cpp
[0.477s] -- Found rmw_implementation_cmake: 6.1.2 (/opt/ros/humble/share/rmw_implementation_cmake/cmake)
[0.480s] -- Found rmw_fastrtps_cpp: 6.2.6 (/opt/ros/humble/share/rmw_fastrtps_cpp/cmake)
[0.543s] -- Found OpenSSL: /usr/lib/x86_64-linux-gnu/libcrypto.so (found version "3.0.2")  
[0.557s] -- Found FastRTPS: /opt/ros/humble/include  
[0.576s] -- Using RMW implementation 'rmw_fastrtps_cpp' as default
[0.583s] -- Looking for pthread.h
[0.628s] -- Looking for pthread.h - found
[0.629s] -- Performing Test CMAKE_HAVE_LIBC_PTHREAD
[0.674s] -- Performing Test CMAKE_HAVE_LIBC_PTHREAD - Success
[0.675s] -- Found Threads: TRUE  
[0.809s] -- Found gazebo_dev: 3.7.0 (/opt/ros/humble/share/gazebo_dev/cmake)
[0.814s] -- Found PkgConfig: /usr/bin/pkg-config (found version "0.29.2") 
[0.815s] -- Checking for module 'bullet>=2.82'
[0.823s] --   Found bullet, version 3.05
[0.904s] -- Found fcl: /usr/include (found suitable version "0.7.0", minimum required is "0.5.0") 
[0.939s] -- Found assimp: /usr/include (found version "5.2.0") 
[0.954s] -- Found DART: /usr/include (Required is at least version "6.6") found components: dart 
[0.975s] -- Found Boost: /usr/lib/x86_64-linux-gnu/cmake/Boost-1.74.0/BoostConfig.cmake (found suitable version "1.74.0", minimum required is "1.40.0") found components: thread system filesystem program_options regex iostreams date_time 
[0.986s] -- Found Protobuf: /usr/lib/x86_64-linux-gnu/libprotobuf.so (found version "3.12.4") 
[0.990s] -- Looking for ignition-math6 -- found version 6.15.1
[0.995s] -- Searching for dependencies of ignition-math6
[0.995s] -- Looking for OGRE...
[0.995s] -- OGRE_PREFIX_WATCH changed.
[0.999s] -- Checking for module 'OGRE'
[1.008s] --   Found OGRE, version 1.9.0
[1.031s] -- Found Ogre Ghadamon (1.9.0)
[1.036s] -- Found OGRE: optimized;/usr/lib/x86_64-linux-gnu/libOgreMain.so;debug;/usr/lib/x86_64-linux-gnu/libOgreMain.so
[1.042s] -- Looking for OGRE_Paging...
[1.046s] -- Found OGRE_Paging: optimized;/usr/lib/x86_64-linux-gnu/libOgrePaging.so;debug;/usr/lib/x86_64-linux-gnu/libOgrePaging.so
[1.047s] -- Looking for OGRE_Terrain...
[1.050s] -- Found OGRE_Terrain: optimized;/usr/lib/x86_64-linux-gnu/libOgreTerrain.so;debug;/usr/lib/x86_64-linux-gnu/libOgreTerrain.so
[1.050s] -- Looking for OGRE_Property...
[1.054s] -- Found OGRE_Property: optimized;/usr/lib/x86_64-linux-gnu/libOgreProperty.so;debug;/usr/lib/x86_64-linux-gnu/libOgreProperty.so
[1.054s] -- Looking for OGRE_RTShaderSystem...
[1.058s] -- Found OGRE_RTShaderSystem: optimized;/usr/lib/x86_64-linux-gnu/libOgreRTShaderSystem.so;debug;/usr/lib/x86_64-linux-gnu/libOgreRTShaderSystem.so
[1.059s] -- Looking for OGRE_Volume...
[1.063s] -- Found OGRE_Volume: optimized;/usr/lib/x86_64-linux-gnu/libOgreVolume.so;debug;/usr/lib/x86_64-linux-gnu/libOgreVolume.so
[1.063s] -- Looking for OGRE_Overlay...
[1.068s] -- Found OGRE_Overlay: optimized;/usr/lib/x86_64-linux-gnu/libOgreOverlay.so;debug;/usr/lib/x86_64-linux-gnu/libOgreOverlay.so
[1.161s] -- Looking for ignition-math6 -- found version 6.15.1
[1.162s] -- Looking for ignition-transport8 -- found version 8.2.1
[1.162s] -- Searching for dependencies of ignition-transport8
[1.174s] -- Found Protobuf: /usr/lib/x86_64-linux-gnu/libprotobuf.so (found suitable version "3.12.4", minimum required is "3") 
[1.181s] -- Config-file not installed for ZeroMQ -- checking for pkg-config
[1.185s] -- Checking for module 'libzmq >= 4'
[1.193s] --   Found libzmq , version 4.3.4
[1.214s] -- Found ZeroMQ: TRUE (Required is at least version "4") 
[1.217s] -- Checking for module 'uuid'
[1.226s] --   Found uuid, version 2.37.2
[1.248s] -- Found UUID: TRUE  
[1.250s] -- Looking for ignition-msgs5 -- found version 5.8.1
[1.251s] -- Searching for dependencies of ignition-msgs5
[1.269s] -- Looking for ignition-math6 -- found version 6.15.1
[1.273s] -- Checking for module 'tinyxml2'
[1.281s] --   Found tinyxml2, version 9.0.0
[1.304s] -- Looking for ignition-msgs5 -- found version 5.8.1
[1.306s] -- Looking for ignition-common3 -- found version 3.14.0
[1.307s] -- Searching for dependencies of ignition-common3
[1.307s] -- Looking for dlfcn.h - found
[1.308s] -- Looking for libdl - found
[1.309s] -- Found DL: TRUE  
[1.318s] -- Found tinyobjloader: /usr/lib/x86_64-linux-gnu/cmake/tinyobjloader/tinyobjloader-config.cmake (found version "2.0.0") 
[1.318s] -- Searching for <ignition-common3> component [graphics]
[1.320s] -- Looking for ignition-common3-graphics -- found version 3.14.0
[1.320s] -- Searching for dependencies of ignition-common3-graphics
[1.321s] -- Looking for ignition-math6 -- found version 6.15.1
[1.323s] -- Looking for ignition-fuel_tools4 -- found version 4.4.0
[1.323s] -- Searching for dependencies of ignition-fuel_tools4
[1.379s] -- Found CURL: /usr/lib/x86_64-linux-gnu/libcurl.so (found version "7.81.0")  
[1.386s] -- Checking for module 'jsoncpp'
[1.397s] --   Found jsoncpp, version 1.9.5
[1.424s] -- Found JSONCPP: TRUE  
[1.430s] -- Checking for module 'libzip'
[1.441s] --   Found libzip, version 1.7.3
[1.468s] -- Found ZIP: TRUE  
[1.468s] -- Looking for ignition-common3 -- found version 3.14.0
[1.468s] -- Looking for ignition-math6 -- found version 6.15.1
[1.469s] -- Looking for ignition-msgs5 -- found version 5.8.1
[1.473s] -- Gazebo version: 11.10
[1.473s] -- Checking for module 'tbb'
[1.485s] --   Found tbb, version 2021.5.0
[1.510s] -- Found gazebo_ros: 3.7.0 (/opt/ros/humble/share/gazebo_ros/cmake)
[1.555s] -- Found ament_lint_auto: 0.12.11 (/opt/ros/humble/share/ament_lint_auto/cmake)
[1.645s] -- Added test 'copyright' to check source files copyright and LICENSE
[1.648s] -- Added test 'cppcheck' to perform static code analysis on C / C++ code
[1.649s] -- Configured cppcheck include dirs: /home/michele/michele_try_ws/fishingrod_ws/src/sea_plugin_package/include
[1.649s] -- Configured cppcheck exclude dirs and/or files: 
[1.654s] -- Added test 'cpplint' to check C / C++ code against the Google style
[1.654s] -- Configured cpplint exclude dirs and/or files: 
[1.656s] -- Added test 'lint_cmake' to check CMake code style
[1.662s] -- Added test 'uncrustify' to check C / C++ code style
[1.662s] -- Configured uncrustify additional arguments: 
[1.663s] -- Added test 'xmllint' to check XML markup files
[1.664s] -- Configuring done
[1.692s] -- Generating done
[1.695s] -- Build files have been written to: /home/michele/michele_try_ws/fishingrod_ws/build/sea_plugin_package
[1.712s] Invoked command in '/home/michele/michele_try_ws/fishingrod_ws/build/sea_plugin_package' returned '0': CMAKE_PREFIX_PATH=${CMAKE_PREFIX_PATH}:/home/michele/michele_try_ws/fishingrod_ws/install/throw_experiments:/home/michele/michele_try_ws/fishingrod_ws/install/test_experiments:/home/michele/michele_try_ws/fishingrod_ws/install/rlg_quad_controller:/home/michele/michele_try_ws/fishingrod_ws/install/jumping_experiments:/opt/ros/humble /usr/bin/cmake /home/michele/michele_try_ws/fishingrod_ws/src/sea_plugin_package -DAMENT_CMAKE_SYMLINK_INSTALL=1 -DCMAKE_INSTALL_PREFIX=/home/michele/michele_try_ws/fishingrod_ws/install/sea_plugin_package
[1.714s] Invoking command in '/home/michele/michele_try_ws/fishingrod_ws/build/sea_plugin_package': CMAKE_PREFIX_PATH=${CMAKE_PREFIX_PATH}:/home/michele/michele_try_ws/fishingrod_ws/install/throw_experiments:/home/michele/michele_try_ws/fishingrod_ws/install/test_experiments:/home/michele/michele_try_ws/fishingrod_ws/install/rlg_quad_controller:/home/michele/michele_try_ws/fishingrod_ws/install/jumping_experiments:/opt/ros/humble /usr/bin/cmake --build /home/michele/michele_try_ws/fishingrod_ws/build/sea_plugin_package -- -j20 -l20
[1.771s] [ 50%] [32mBuilding CXX object CMakeFiles/SerialElasticPlugin.dir/src/SerialElasticPlugin.cc.o[0m
[1.771s] [ 50%] [32mBuilding CXX object CMakeFiles/SerialElasticPluginTri.dir/src/SerialElasticPluginTri.cc.o[0m
[6.884s] [ 75%] [32m[1mLinking CXX shared library libSerialElasticPlugin.so[0m
[6.892s] [100%] [32m[1mLinking CXX shared library libSerialElasticPluginTri.so[0m
[7.073s] [100%] Built target SerialElasticPlugin
[7.081s] [100%] Built target SerialElasticPluginTri
[7.089s] Invoked command in '/home/michele/michele_try_ws/fishingrod_ws/build/sea_plugin_package' returned '0': CMAKE_PREFIX_PATH=${CMAKE_PREFIX_PATH}:/home/michele/michele_try_ws/fishingrod_ws/install/throw_experiments:/home/michele/michele_try_ws/fishingrod_ws/install/test_experiments:/home/michele/michele_try_ws/fishingrod_ws/install/rlg_quad_controller:/home/michele/michele_try_ws/fishingrod_ws/install/jumping_experiments:/opt/ros/humble /usr/bin/cmake --build /home/michele/michele_try_ws/fishingrod_ws/build/sea_plugin_package -- -j20 -l20
[7.107s] Invoking command in '/home/michele/michele_try_ws/fishingrod_ws/build/sea_plugin_package': CMAKE_PREFIX_PATH=${CMAKE_PREFIX_PATH}:/home/michele/michele_try_ws/fishingrod_ws/install/throw_experiments:/home/michele/michele_try_ws/fishingrod_ws/install/test_experiments:/home/michele/michele_try_ws/fishingrod_ws/install/rlg_quad_controller:/home/michele/michele_try_ws/fishingrod_ws/install/jumping_experiments:/opt/ros/humble /usr/bin/cmake --install /home/michele/michele_try_ws/fishingrod_ws/build/sea_plugin_package
[7.111s] -- Install configuration: ""
[7.111s] -- Execute custom install script
[7.111s] -- Symlinking: /home/michele/michele_try_ws/fishingrod_ws/install/sea_plugin_package/lib/libSerialElasticPlugin.so
[7.117s] -- Symlinking: /home/michele/michele_try_ws/fishingrod_ws/install/sea_plugin_package/lib/libSerialElasticPluginTri.so
[7.122s] -- Symlinking: /home/michele/michele_try_ws/fishingrod_ws/install/sea_plugin_package/share/ament_index/resource_index/package_run_dependencies/sea_plugin_package
[7.126s] -- Symlinking: /home/michele/michele_try_ws/fishingrod_ws/install/sea_plugin_package/share/ament_index/resource_index/parent_prefix_path/sea_plugin_package
[7.131s] -- Symlinking: /home/michele/michele_try_ws/fishingrod_ws/install/sea_plugin_package/share/sea_plugin_package/environment/ament_prefix_path.sh
[7.136s] -- Symlinking: /home/michele/michele_try_ws/fishingrod_ws/install/sea_plugin_package/share/sea_plugin_package/environment/ament_prefix_path.dsv
[7.142s] -- Symlinking: /home/michele/michele_try_ws/fishingrod_ws/install/sea_plugin_package/share/sea_plugin_package/environment/path.sh
[7.152s] -- Symlinking: /home/michele/michele_try_ws/fishingrod_ws/install/sea_plugin_package/share/sea_plugin_package/environment/path.dsv
[7.163s] -- Symlinking: /home/michele/michele_try_ws/fishingrod_ws/install/sea_plugin_package/share/sea_plugin_package/local_setup.bash
[7.176s] -- Symlinking: /home/michele/michele_try_ws/fishingrod_ws/install/sea_plugin_package/share/sea_plugin_package/local_setup.sh
[7.188s] -- Symlinking: /home/michele/michele_try_ws/fishingrod_ws/install/sea_plugin_package/share/sea_plugin_package/local_setup.zsh
[7.199s] -- Symlinking: /home/michele/michele_try_ws/fishingrod_ws/install/sea_plugin_package/share/sea_plugin_package/local_setup.dsv
[7.209s] -- Symlinking: /home/michele/michele_try_ws/fishingrod_ws/install/sea_plugin_package/share/sea_plugin_package/package.dsv
[7.218s] -- Symlinking: /home/michele/michele_try_ws/fishingrod_ws/install/sea_plugin_package/share/ament_index/resource_index/packages/sea_plugin_package
[7.226s] -- Symlinking: /home/michele/michele_try_ws/fishingrod_ws/install/sea_plugin_package/share/sea_plugin_package/cmake/sea_plugin_packageConfig.cmake
[7.233s] -- Symlinking: /home/michele/michele_try_ws/fishingrod_ws/install/sea_plugin_package/share/sea_plugin_package/cmake/sea_plugin_packageConfig-version.cmake
[7.239s] -- Symlinking: /home/michele/michele_try_ws/fishingrod_ws/install/sea_plugin_package/share/sea_plugin_package/package.xml
[7.246s] Invoked command in '/home/michele/michele_try_ws/fishingrod_ws/build/sea_plugin_package' returned '0': CMAKE_PREFIX_PATH=${CMAKE_PREFIX_PATH}:/home/michele/michele_try_ws/fishingrod_ws/install/throw_experiments:/home/michele/michele_try_ws/fishingrod_ws/install/test_experiments:/home/michele/michele_try_ws/fishingrod_ws/install/rlg_quad_controller:/home/michele/michele_try_ws/fishingrod_ws/install/jumping_experiments:/opt/ros/humble /usr/bin/cmake --install /home/michele/michele_try_ws/fishingrod_ws/build/sea_plugin_package
