[0.009s] Invoking command in '/home/michele/michele_try_ws/fishingrod_ws/build/fishingrod_gazebo': CMAKE_PREFIX_PATH=/home/michele/michele_try_ws/fishingrod_ws/install/fishingrod_description:/home/michele/michele_try_ws/fishingrod_ws/install/sea_plugin_package:/home/michele/michele_try_ws/fishingrod_ws/install/rbt_pd_cnt:/home/michele/michele_try_ws/fishingrod_ws/install/pi3hat_moteus_int_msgs:/home/michele/michele_try_ws/fishingrod_ws/install/fishingrod_gazebo:/opt/openrobots:/opt/openrobots:/home/michele/michele_try_ws/fishingrod_ws/install/throw_experiments:/home/michele/michele_try_ws/fishingrod_ws/install/test_experiments:/home/michele/michele_try_ws/fishingrod_ws/install/rlg_quad_controller:/home/michele/michele_try_ws/fishingrod_ws/install/jumping_experiments:/opt/ros/humble /usr/bin/cmake --build /home/michele/michele_try_ws/fishingrod_ws/build/fishingrod_gazebo -- -j20 -l20
[0.050s] Invoked command in '/home/michele/michele_try_ws/fishingrod_ws/build/fishingrod_gazebo' returned '0': CMAKE_PREFIX_PATH=/home/michele/michele_try_ws/fishingrod_ws/install/fishingrod_description:/home/michele/michele_try_ws/fishingrod_ws/install/sea_plugin_package:/home/michele/michele_try_ws/fishingrod_ws/install/rbt_pd_cnt:/home/michele/michele_try_ws/fishingrod_ws/install/pi3hat_moteus_int_msgs:/home/michele/michele_try_ws/fishingrod_ws/install/fishingrod_gazebo:/opt/openrobots:/opt/openrobots:/home/michele/michele_try_ws/fishingrod_ws/install/throw_experiments:/home/michele/michele_try_ws/fishingrod_ws/install/test_experiments:/home/michele/michele_try_ws/fishingrod_ws/install/rlg_quad_controller:/home/michele/michele_try_ws/fishingrod_ws/install/jumping_experiments:/opt/ros/humble /usr/bin/cmake --build /home/michele/michele_try_ws/fishingrod_ws/build/fishingrod_gazebo -- -j20 -l20
[0.072s] Invoking command in '/home/michele/michele_try_ws/fishingrod_ws/build/fishingrod_gazebo': CMAKE_PREFIX_PATH=/home/michele/michele_try_ws/fishingrod_ws/install/fishingrod_description:/home/michele/michele_try_ws/fishingrod_ws/install/sea_plugin_package:/home/michele/michele_try_ws/fishingrod_ws/install/rbt_pd_cnt:/home/michele/michele_try_ws/fishingrod_ws/install/pi3hat_moteus_int_msgs:/home/michele/michele_try_ws/fishingrod_ws/install/fishingrod_gazebo:/opt/openrobots:/opt/openrobots:/home/michele/michele_try_ws/fishingrod_ws/install/throw_experiments:/home/michele/michele_try_ws/fishingrod_ws/install/test_experiments:/home/michele/michele_try_ws/fishingrod_ws/install/rlg_quad_controller:/home/michele/michele_try_ws/fishingrod_ws/install/jumping_experiments:/opt/ros/humble /usr/bin/cmake --install /home/michele/michele_try_ws/fishingrod_ws/build/fishingrod_gazebo
[0.082s] -- Install configuration: ""
[0.082s] -- Execute custom install script
[0.082s] -- Up-to-date symlink: /home/michele/michele_try_ws/fishingrod_ws/install/fishingrod_gazebo/share/fishingrod_gazebo/launch/sim.launch.py
[0.082s] -- Up-to-date symlink: /home/michele/michele_try_ws/fishingrod_ws/install/fishingrod_gazebo/share/fishingrod_gazebo/config/fishingrod_gazebo_sim_jnt_PD.yaml
[0.082s] -- Up-to-date symlink: /home/michele/michele_try_ws/fishingrod_ws/install/fishingrod_gazebo/share/ament_index/resource_index/package_run_dependencies/fishingrod_gazebo
[0.083s] -- Up-to-date symlink: /home/michele/michele_try_ws/fishingrod_ws/install/fishingrod_gazebo/share/ament_index/resource_index/parent_prefix_path/fishingrod_gazebo
[0.083s] -- Up-to-date symlink: /home/michele/michele_try_ws/fishingrod_ws/install/fishingrod_gazebo/share/fishingrod_gazebo/environment/ament_prefix_path.sh
[0.083s] -- Up-to-date symlink: /home/michele/michele_try_ws/fishingrod_ws/install/fishingrod_gazebo/share/fishingrod_gazebo/environment/ament_prefix_path.dsv
[0.083s] -- Up-to-date symlink: /home/michele/michele_try_ws/fishingrod_ws/install/fishingrod_gazebo/share/fishingrod_gazebo/environment/path.sh
[0.083s] -- Up-to-date symlink: /home/michele/michele_try_ws/fishingrod_ws/install/fishingrod_gazebo/share/fishingrod_gazebo/environment/path.dsv
[0.084s] -- Up-to-date symlink: /home/michele/michele_try_ws/fishingrod_ws/install/fishingrod_gazebo/share/fishingrod_gazebo/local_setup.bash
[0.084s] -- Up-to-date symlink: /home/michele/michele_try_ws/fishingrod_ws/install/fishingrod_gazebo/share/fishingrod_gazebo/local_setup.sh
[0.084s] -- Up-to-date symlink: /home/michele/michele_try_ws/fishingrod_ws/install/fishingrod_gazebo/share/fishingrod_gazebo/local_setup.zsh
[0.084s] -- Up-to-date symlink: /home/michele/michele_try_ws/fishingrod_ws/install/fishingrod_gazebo/share/fishingrod_gazebo/local_setup.dsv
[0.084s] -- Symlinking: /home/michele/michele_try_ws/fishingrod_ws/install/fishingrod_gazebo/share/fishingrod_gazebo/package.dsv
[0.093s] -- Up-to-date symlink: /home/michele/michele_try_ws/fishingrod_ws/install/fishingrod_gazebo/share/ament_index/resource_index/packages/fishingrod_gazebo
[0.094s] -- Up-to-date symlink: /home/michele/michele_try_ws/fishingrod_ws/install/fishingrod_gazebo/share/fishingrod_gazebo/cmake/fishingrod_gazeboConfig.cmake
[0.094s] -- Up-to-date symlink: /home/michele/michele_try_ws/fishingrod_ws/install/fishingrod_gazebo/share/fishingrod_gazebo/cmake/fishingrod_gazeboConfig-version.cmake
[0.094s] -- Up-to-date symlink: /home/michele/michele_try_ws/fishingrod_ws/install/fishingrod_gazebo/share/fishingrod_gazebo/package.xml
[0.096s] Invoked command in '/home/michele/michele_try_ws/fishingrod_ws/build/fishingrod_gazebo' returned '0': CMAKE_PREFIX_PATH=/home/michele/michele_try_ws/fishingrod_ws/install/fishingrod_description:/home/michele/michele_try_ws/fishingrod_ws/install/sea_plugin_package:/home/michele/michele_try_ws/fishingrod_ws/install/rbt_pd_cnt:/home/michele/michele_try_ws/fishingrod_ws/install/pi3hat_moteus_int_msgs:/home/michele/michele_try_ws/fishingrod_ws/install/fishingrod_gazebo:/opt/openrobots:/opt/openrobots:/home/michele/michele_try_ws/fishingrod_ws/install/throw_experiments:/home/michele/michele_try_ws/fishingrod_ws/install/test_experiments:/home/michele/michele_try_ws/fishingrod_ws/install/rlg_quad_controller:/home/michele/michele_try_ws/fishingrod_ws/install/jumping_experiments:/opt/ros/humble /usr/bin/cmake --install /home/michele/michele_try_ws/fishingrod_ws/build/fishingrod_gazebo
