[0.021s] Invoking command in '/home/michele/michele_try_ws/fishingrod_ws/build/sea_plugin_package': CMAKE_PREFIX_PATH=${CMAKE_PREFIX_PATH}:/home/michele/michele_try_ws/fishingrod_ws/install/throw_experiments:/home/michele/michele_try_ws/fishingrod_ws/install/test_experiments:/home/michele/michele_try_ws/fishingrod_ws/install/rlg_quad_controller:/home/michele/michele_try_ws/fishingrod_ws/install/jumping_experiments:/opt/ros/humble /usr/bin/cmake --build /home/michele/michele_try_ws/fishingrod_ws/build/sea_plugin_package -- -j20 -l20
[0.370s] [ 25%] [32mBuilding CXX object CMakeFiles/SerialElasticPluginTri.dir/src/SerialElasticPluginTri.cc.o[0m
[0.371s] [ 50%] [32mBuilding CXX object CMakeFiles/SerialElasticPlugin.dir/src/SerialElasticPlugin.cc.o[0m
[5.324s] [32m[1mLinking CXX shared library libSerialElasticPlugin.so[0m
[5.337s] [32m[1mLinking CXX shared library libSerialElasticPluginTri.so[0m
[5.536s] Built target SerialElasticPlugin
[5.559s] Built target SerialElasticPluginTri
[5.566s] Invoked command in '/home/michele/michele_try_ws/fishingrod_ws/build/sea_plugin_package' returned '0': CMAKE_PREFIX_PATH=${CMAKE_PREFIX_PATH}:/home/michele/michele_try_ws/fishingrod_ws/install/throw_experiments:/home/michele/michele_try_ws/fishingrod_ws/install/test_experiments:/home/michele/michele_try_ws/fishingrod_ws/install/rlg_quad_controller:/home/michele/michele_try_ws/fishingrod_ws/install/jumping_experiments:/opt/ros/humble /usr/bin/cmake --build /home/michele/michele_try_ws/fishingrod_ws/build/sea_plugin_package -- -j20 -l20
[5.590s] Invoking command in '/home/michele/michele_try_ws/fishingrod_ws/build/sea_plugin_package': CMAKE_PREFIX_PATH=${CMAKE_PREFIX_PATH}:/home/michele/michele_try_ws/fishingrod_ws/install/throw_experiments:/home/michele/michele_try_ws/fishingrod_ws/install/test_experiments:/home/michele/michele_try_ws/fishingrod_ws/install/rlg_quad_controller:/home/michele/michele_try_ws/fishingrod_ws/install/jumping_experiments:/opt/ros/humble /usr/bin/cmake --install /home/michele/michele_try_ws/fishingrod_ws/build/sea_plugin_package
[5.599s] -- Install configuration: ""
[5.600s] -- Execute custom install script
[5.600s] -- Up-to-date symlink: /home/michele/michele_try_ws/fishingrod_ws/install/sea_plugin_package/lib/libSerialElasticPlugin.so
[5.600s] -- Up-to-date symlink: /home/michele/michele_try_ws/fishingrod_ws/install/sea_plugin_package/lib/libSerialElasticPluginTri.so
[5.600s] -- Up-to-date symlink: /home/michele/michele_try_ws/fishingrod_ws/install/sea_plugin_package/share/ament_index/resource_index/package_run_dependencies/sea_plugin_package
[5.600s] -- Up-to-date symlink: /home/michele/michele_try_ws/fishingrod_ws/install/sea_plugin_package/share/ament_index/resource_index/parent_prefix_path/sea_plugin_package
[5.601s] -- Up-to-date symlink: /home/michele/michele_try_ws/fishingrod_ws/install/sea_plugin_package/share/sea_plugin_package/environment/ament_prefix_path.sh
[5.601s] -- Up-to-date symlink: /home/michele/michele_try_ws/fishingrod_ws/install/sea_plugin_package/share/sea_plugin_package/environment/ament_prefix_path.dsv
[5.601s] -- Up-to-date symlink: /home/michele/michele_try_ws/fishingrod_ws/install/sea_plugin_package/share/sea_plugin_package/environment/path.sh
[5.601s] -- Up-to-date symlink: /home/michele/michele_try_ws/fishingrod_ws/install/sea_plugin_package/share/sea_plugin_package/environment/path.dsv
[5.602s] -- Up-to-date symlink: /home/michele/michele_try_ws/fishingrod_ws/install/sea_plugin_package/share/sea_plugin_package/local_setup.bash
[5.602s] -- Up-to-date symlink: /home/michele/michele_try_ws/fishingrod_ws/install/sea_plugin_package/share/sea_plugin_package/local_setup.sh
[5.602s] -- Up-to-date symlink: /home/michele/michele_try_ws/fishingrod_ws/install/sea_plugin_package/share/sea_plugin_package/local_setup.zsh
[5.602s] -- Up-to-date symlink: /home/michele/michele_try_ws/fishingrod_ws/install/sea_plugin_package/share/sea_plugin_package/local_setup.dsv
[5.602s] -- Symlinking: /home/michele/michele_try_ws/fishingrod_ws/install/sea_plugin_package/share/sea_plugin_package/package.dsv
[5.614s] -- Up-to-date symlink: /home/michele/michele_try_ws/fishingrod_ws/install/sea_plugin_package/share/ament_index/resource_index/packages/sea_plugin_package
[5.614s] -- Up-to-date symlink: /home/michele/michele_try_ws/fishingrod_ws/install/sea_plugin_package/share/sea_plugin_package/cmake/sea_plugin_packageConfig.cmake
[5.614s] -- Up-to-date symlink: /home/michele/michele_try_ws/fishingrod_ws/install/sea_plugin_package/share/sea_plugin_package/cmake/sea_plugin_packageConfig-version.cmake
[5.615s] -- Up-to-date symlink: /home/michele/michele_try_ws/fishingrod_ws/install/sea_plugin_package/share/sea_plugin_package/package.xml
[5.618s] Invoked command in '/home/michele/michele_try_ws/fishingrod_ws/build/sea_plugin_package' returned '0': CMAKE_PREFIX_PATH=${CMAKE_PREFIX_PATH}:/home/michele/michele_try_ws/fishingrod_ws/install/throw_experiments:/home/michele/michele_try_ws/fishingrod_ws/install/test_experiments:/home/michele/michele_try_ws/fishingrod_ws/install/rlg_quad_controller:/home/michele/michele_try_ws/fishingrod_ws/install/jumping_experiments:/opt/ros/humble /usr/bin/cmake --install /home/michele/michele_try_ws/fishingrod_ws/build/sea_plugin_package
