[0.024s] Invoking command in '/home/michele/michele_try_ws/fishingrod_ws/build/pi3hat_moteus_int_msgs': CMAKE_PREFIX_PATH=${CMAKE_PREFIX_PATH}:/home/michele/michele_try_ws/fishingrod_ws/install/throw_experiments:/home/michele/michele_try_ws/fishingrod_ws/install/test_experiments:/home/michele/michele_try_ws/fishingrod_ws/install/rlg_quad_controller:/home/michele/michele_try_ws/fishingrod_ws/install/jumping_experiments:/opt/ros/humble /usr/bin/cmake --build /home/michele/michele_try_ws/fishingrod_ws/build/pi3hat_moteus_int_msgs -- -j20 -l20
[0.373s] [35m[1mConsolidate compiler generated dependencies of target pi3hat_moteus_int_msgs__rosidl_generator_c[0m
[0.373s] [  2%] Built target pi3hat_moteus_int_msgs__cpp
[0.373s] [ 12%] Built target pi3hat_moteus_int_msgs__rosidl_generator_c
[0.373s] [ 12%] Built target ament_cmake_python_symlink_pi3hat_moteus_int_msgs
[0.373s] [35m[1mConsolidate compiler generated dependencies of target pi3hat_moteus_int_msgs__rosidl_typesupport_cpp[0m
[0.373s] [35m[1mConsolidate compiler generated dependencies of target pi3hat_moteus_int_msgs__rosidl_typesupport_introspection_cpp[0m
[0.374s] [35m[1mConsolidate compiler generated dependencies of target pi3hat_moteus_int_msgs__rosidl_typesupport_fastrtps_cpp[0m
[0.374s] [35m[1mConsolidate compiler generated dependencies of target pi3hat_moteus_int_msgs__rosidl_typesupport_fastrtps_c[0m
[0.374s] [35m[1mConsolidate compiler generated dependencies of target pi3hat_moteus_int_msgs__rosidl_typesupport_introspection_c[0m
[0.374s] [35m[1mConsolidate compiler generated dependencies of target pi3hat_moteus_int_msgs__rosidl_typesupport_c[0m
[0.374s] [ 23%] Built target pi3hat_moteus_int_msgs__rosidl_typesupport_cpp
[0.374s] [ 34%] Built target pi3hat_moteus_int_msgs__rosidl_typesupport_c
[0.374s] [ 44%] Built target pi3hat_moteus_int_msgs__rosidl_typesupport_fastrtps_c
[0.374s] [ 59%] Built target pi3hat_moteus_int_msgs__rosidl_typesupport_introspection_cpp
[0.374s] [ 65%] Built target pi3hat_moteus_int_msgs__rosidl_typesupport_introspection_c
[0.374s] [ 76%] Built target pi3hat_moteus_int_msgs__rosidl_typesupport_fastrtps_cpp
[0.375s] [ 76%] Built target pi3hat_moteus_int_msgs
[0.375s] [ 78%] Built target pi3hat_moteus_int_msgs__py
[0.375s] [35m[1mConsolidate compiler generated dependencies of target pi3hat_moteus_int_msgs__rosidl_generator_py[0m
[0.375s] [ 87%] Built target pi3hat_moteus_int_msgs__rosidl_generator_py
[0.375s] [35m[1mConsolidate compiler generated dependencies of target pi3hat_moteus_int_msgs__rosidl_typesupport_c__pyext[0m
[0.375s] [35m[1mConsolidate compiler generated dependencies of target pi3hat_moteus_int_msgs__rosidl_typesupport_introspection_c__pyext[0m
[0.375s] [35m[1mConsolidate compiler generated dependencies of target pi3hat_moteus_int_msgs__rosidl_typesupport_fastrtps_c__pyext[0m
[0.375s] [100%] Built target pi3hat_moteus_int_msgs__rosidl_typesupport_c__pyext
[0.375s] [100%] Built target pi3hat_moteus_int_msgs__rosidl_typesupport_introspection_c__pyext
[0.376s] [100%] Built target pi3hat_moteus_int_msgs__rosidl_typesupport_fastrtps_c__pyext
[0.376s] running egg_info
[0.376s] writing pi3hat_moteus_int_msgs.egg-info/PKG-INFO
[0.376s] writing dependency_links to pi3hat_moteus_int_msgs.egg-info/dependency_links.txt
[0.376s] writing top-level names to pi3hat_moteus_int_msgs.egg-info/top_level.txt
[0.376s] reading manifest file 'pi3hat_moteus_int_msgs.egg-info/SOURCES.txt'
[0.376s] writing manifest file 'pi3hat_moteus_int_msgs.egg-info/SOURCES.txt'
[0.376s] [100%] Built target ament_cmake_python_build_pi3hat_moteus_int_msgs_egg
[0.713s] Invoked command in '/home/michele/michele_try_ws/fishingrod_ws/build/pi3hat_moteus_int_msgs' returned '0': CMAKE_PREFIX_PATH=${CMAKE_PREFIX_PATH}:/home/michele/michele_try_ws/fishingrod_ws/install/throw_experiments:/home/michele/michele_try_ws/fishingrod_ws/install/test_experiments:/home/michele/michele_try_ws/fishingrod_ws/install/rlg_quad_controller:/home/michele/michele_try_ws/fishingrod_ws/install/jumping_experiments:/opt/ros/humble /usr/bin/cmake --build /home/michele/michele_try_ws/fishingrod_ws/build/pi3hat_moteus_int_msgs -- -j20 -l20
[0.807s] Invoking command in '/home/michele/michele_try_ws/fishingrod_ws/build/pi3hat_moteus_int_msgs': CMAKE_PREFIX_PATH=${CMAKE_PREFIX_PATH}:/home/michele/michele_try_ws/fishingrod_ws/install/throw_experiments:/home/michele/michele_try_ws/fishingrod_ws/install/test_experiments:/home/michele/michele_try_ws/fishingrod_ws/install/rlg_quad_controller:/home/michele/michele_try_ws/fishingrod_ws/install/jumping_experiments:/opt/ros/humble /usr/bin/cmake --install /home/michele/michele_try_ws/fishingrod_ws/build/pi3hat_moteus_int_msgs
[0.816s] -- Install configuration: ""
[0.816s] -- Execute custom install script
[0.816s] -- Up-to-date symlink: /home/michele/michele_try_ws/fishingrod_ws/install/pi3hat_moteus_int_msgs/share/ament_index/resource_index/rosidl_interfaces/pi3hat_moteus_int_msgs
[0.817s] -- Up-to-date symlink: /home/michele/michele_try_ws/fishingrod_ws/install/pi3hat_moteus_int_msgs/include/pi3hat_moteus_int_msgs/pi3hat_moteus_int_msgs/msg/detail/joints_command__functions.h
[0.817s] -- Up-to-date symlink: /home/michele/michele_try_ws/fishingrod_ws/install/pi3hat_moteus_int_msgs/include/pi3hat_moteus_int_msgs/pi3hat_moteus_int_msgs/msg/detail/joints_command__struct.h
[0.817s] -- Up-to-date symlink: /home/michele/michele_try_ws/fishingrod_ws/install/pi3hat_moteus_int_msgs/include/pi3hat_moteus_int_msgs/pi3hat_moteus_int_msgs/msg/detail/joints_command__type_support.h
[0.817s] -- Up-to-date symlink: /home/michele/michele_try_ws/fishingrod_ws/install/pi3hat_moteus_int_msgs/include/pi3hat_moteus_int_msgs/pi3hat_moteus_int_msgs/msg/detail/joints_states__functions.h
[0.817s] -- Up-to-date symlink: /home/michele/michele_try_ws/fishingrod_ws/install/pi3hat_moteus_int_msgs/include/pi3hat_moteus_int_msgs/pi3hat_moteus_int_msgs/msg/detail/joints_states__struct.h
[0.817s] -- Up-to-date symlink: /home/michele/michele_try_ws/fishingrod_ws/install/pi3hat_moteus_int_msgs/include/pi3hat_moteus_int_msgs/pi3hat_moteus_int_msgs/msg/detail/joints_states__type_support.h
[0.817s] -- Up-to-date symlink: /home/michele/michele_try_ws/fishingrod_ws/install/pi3hat_moteus_int_msgs/include/pi3hat_moteus_int_msgs/pi3hat_moteus_int_msgs/msg/detail/packet_pass__functions.h
[0.817s] -- Up-to-date symlink: /home/michele/michele_try_ws/fishingrod_ws/install/pi3hat_moteus_int_msgs/include/pi3hat_moteus_int_msgs/pi3hat_moteus_int_msgs/msg/detail/packet_pass__struct.h
[0.817s] -- Up-to-date symlink: /home/michele/michele_try_ws/fishingrod_ws/install/pi3hat_moteus_int_msgs/include/pi3hat_moteus_int_msgs/pi3hat_moteus_int_msgs/msg/detail/packet_pass__type_support.h
[0.818s] -- Up-to-date symlink: /home/michele/michele_try_ws/fishingrod_ws/install/pi3hat_moteus_int_msgs/include/pi3hat_moteus_int_msgs/pi3hat_moteus_int_msgs/msg/joints_command.h
[0.818s] -- Up-to-date symlink: /home/michele/michele_try_ws/fishingrod_ws/install/pi3hat_moteus_int_msgs/include/pi3hat_moteus_int_msgs/pi3hat_moteus_int_msgs/msg/joints_states.h
[0.818s] -- Up-to-date symlink: /home/michele/michele_try_ws/fishingrod_ws/install/pi3hat_moteus_int_msgs/include/pi3hat_moteus_int_msgs/pi3hat_moteus_int_msgs/msg/packet_pass.h
[0.818s] -- Up-to-date symlink: /home/michele/michele_try_ws/fishingrod_ws/install/pi3hat_moteus_int_msgs/include/pi3hat_moteus_int_msgs/pi3hat_moteus_int_msgs/msg/rosidl_generator_c__visibility_control.h
[0.818s] -- Up-to-date symlink: /home/michele/michele_try_ws/fishingrod_ws/install/pi3hat_moteus_int_msgs/share/pi3hat_moteus_int_msgs/environment/library_path.sh
[0.818s] -- Up-to-date symlink: /home/michele/michele_try_ws/fishingrod_ws/install/pi3hat_moteus_int_msgs/share/pi3hat_moteus_int_msgs/environment/library_path.dsv
[0.819s] -- Up-to-date symlink: /home/michele/michele_try_ws/fishingrod_ws/install/pi3hat_moteus_int_msgs/include/pi3hat_moteus_int_msgs/pi3hat_moteus_int_msgs/msg/detail/joints_command__rosidl_typesupport_fastrtps_c.h
[0.819s] -- Up-to-date symlink: /home/michele/michele_try_ws/fishingrod_ws/install/pi3hat_moteus_int_msgs/include/pi3hat_moteus_int_msgs/pi3hat_moteus_int_msgs/msg/detail/joints_states__rosidl_typesupport_fastrtps_c.h
[0.819s] -- Up-to-date symlink: /home/michele/michele_try_ws/fishingrod_ws/install/pi3hat_moteus_int_msgs/include/pi3hat_moteus_int_msgs/pi3hat_moteus_int_msgs/msg/detail/packet_pass__rosidl_typesupport_fastrtps_c.h
[0.819s] -- Up-to-date symlink: /home/michele/michele_try_ws/fishingrod_ws/install/pi3hat_moteus_int_msgs/include/pi3hat_moteus_int_msgs/pi3hat_moteus_int_msgs/msg/rosidl_typesupport_fastrtps_c__visibility_control.h
[0.819s] -- Up-to-date symlink: /home/michele/michele_try_ws/fishingrod_ws/install/pi3hat_moteus_int_msgs/include/pi3hat_moteus_int_msgs/pi3hat_moteus_int_msgs/msg/detail/joints_command__builder.hpp
[0.819s] -- Up-to-date symlink: /home/michele/michele_try_ws/fishingrod_ws/install/pi3hat_moteus_int_msgs/include/pi3hat_moteus_int_msgs/pi3hat_moteus_int_msgs/msg/detail/joints_command__struct.hpp
[0.819s] -- Up-to-date symlink: /home/michele/michele_try_ws/fishingrod_ws/install/pi3hat_moteus_int_msgs/include/pi3hat_moteus_int_msgs/pi3hat_moteus_int_msgs/msg/detail/joints_command__traits.hpp
[0.819s] -- Up-to-date symlink: /home/michele/michele_try_ws/fishingrod_ws/install/pi3hat_moteus_int_msgs/include/pi3hat_moteus_int_msgs/pi3hat_moteus_int_msgs/msg/detail/joints_states__builder.hpp
[0.820s] -- Up-to-date symlink: /home/michele/michele_try_ws/fishingrod_ws/install/pi3hat_moteus_int_msgs/include/pi3hat_moteus_int_msgs/pi3hat_moteus_int_msgs/msg/detail/joints_states__struct.hpp
[0.820s] -- Up-to-date symlink: /home/michele/michele_try_ws/fishingrod_ws/install/pi3hat_moteus_int_msgs/include/pi3hat_moteus_int_msgs/pi3hat_moteus_int_msgs/msg/detail/joints_states__traits.hpp
[0.820s] -- Up-to-date symlink: /home/michele/michele_try_ws/fishingrod_ws/install/pi3hat_moteus_int_msgs/include/pi3hat_moteus_int_msgs/pi3hat_moteus_int_msgs/msg/detail/packet_pass__builder.hpp
[0.820s] -- Up-to-date symlink: /home/michele/michele_try_ws/fishingrod_ws/install/pi3hat_moteus_int_msgs/include/pi3hat_moteus_int_msgs/pi3hat_moteus_int_msgs/msg/detail/packet_pass__struct.hpp
[0.820s] -- Up-to-date symlink: /home/michele/michele_try_ws/fishingrod_ws/install/pi3hat_moteus_int_msgs/include/pi3hat_moteus_int_msgs/pi3hat_moteus_int_msgs/msg/detail/packet_pass__traits.hpp
[0.820s] -- Up-to-date symlink: /home/michele/michele_try_ws/fishingrod_ws/install/pi3hat_moteus_int_msgs/include/pi3hat_moteus_int_msgs/pi3hat_moteus_int_msgs/msg/joints_command.hpp
[0.820s] -- Up-to-date symlink: /home/michele/michele_try_ws/fishingrod_ws/install/pi3hat_moteus_int_msgs/include/pi3hat_moteus_int_msgs/pi3hat_moteus_int_msgs/msg/joints_states.hpp
[0.820s] -- Up-to-date symlink: /home/michele/michele_try_ws/fishingrod_ws/install/pi3hat_moteus_int_msgs/include/pi3hat_moteus_int_msgs/pi3hat_moteus_int_msgs/msg/packet_pass.hpp
[0.821s] -- Up-to-date symlink: /home/michele/michele_try_ws/fishingrod_ws/install/pi3hat_moteus_int_msgs/include/pi3hat_moteus_int_msgs/pi3hat_moteus_int_msgs/msg/detail/joints_command__rosidl_typesupport_fastrtps_cpp.hpp
[0.821s] -- Up-to-date symlink: /home/michele/michele_try_ws/fishingrod_ws/install/pi3hat_moteus_int_msgs/include/pi3hat_moteus_int_msgs/pi3hat_moteus_int_msgs/msg/detail/joints_states__rosidl_typesupport_fastrtps_cpp.hpp
[0.821s] -- Up-to-date symlink: /home/michele/michele_try_ws/fishingrod_ws/install/pi3hat_moteus_int_msgs/include/pi3hat_moteus_int_msgs/pi3hat_moteus_int_msgs/msg/detail/packet_pass__rosidl_typesupport_fastrtps_cpp.hpp
[0.821s] -- Up-to-date symlink: /home/michele/michele_try_ws/fishingrod_ws/install/pi3hat_moteus_int_msgs/include/pi3hat_moteus_int_msgs/pi3hat_moteus_int_msgs/msg/rosidl_typesupport_fastrtps_cpp__visibility_control.h
[0.821s] -- Up-to-date symlink: /home/michele/michele_try_ws/fishingrod_ws/install/pi3hat_moteus_int_msgs/include/pi3hat_moteus_int_msgs/pi3hat_moteus_int_msgs/msg/detail/joints_command__rosidl_typesupport_introspection_c.h
[0.821s] -- Up-to-date symlink: /home/michele/michele_try_ws/fishingrod_ws/install/pi3hat_moteus_int_msgs/include/pi3hat_moteus_int_msgs/pi3hat_moteus_int_msgs/msg/detail/joints_states__rosidl_typesupport_introspection_c.h
[0.821s] -- Up-to-date symlink: /home/michele/michele_try_ws/fishingrod_ws/install/pi3hat_moteus_int_msgs/include/pi3hat_moteus_int_msgs/pi3hat_moteus_int_msgs/msg/detail/packet_pass__rosidl_typesupport_introspection_c.h
[0.822s] -- Up-to-date symlink: /home/michele/michele_try_ws/fishingrod_ws/install/pi3hat_moteus_int_msgs/include/pi3hat_moteus_int_msgs/pi3hat_moteus_int_msgs/msg/rosidl_typesupport_introspection_c__visibility_control.h
[0.822s] -- Up-to-date symlink: /home/michele/michele_try_ws/fishingrod_ws/install/pi3hat_moteus_int_msgs/include/pi3hat_moteus_int_msgs/pi3hat_moteus_int_msgs/msg/detail/joints_command__rosidl_typesupport_introspection_cpp.hpp
[0.822s] -- Up-to-date symlink: /home/michele/michele_try_ws/fishingrod_ws/install/pi3hat_moteus_int_msgs/include/pi3hat_moteus_int_msgs/pi3hat_moteus_int_msgs/msg/detail/joints_states__rosidl_typesupport_introspection_cpp.hpp
[0.822s] -- Up-to-date symlink: /home/michele/michele_try_ws/fishingrod_ws/install/pi3hat_moteus_int_msgs/include/pi3hat_moteus_int_msgs/pi3hat_moteus_int_msgs/msg/detail/packet_pass__rosidl_typesupport_introspection_cpp.hpp
[0.822s] -- Up-to-date symlink: /home/michele/michele_try_ws/fishingrod_ws/install/pi3hat_moteus_int_msgs/share/pi3hat_moteus_int_msgs/environment/pythonpath.sh
[0.822s] -- Up-to-date symlink: /home/michele/michele_try_ws/fishingrod_ws/install/pi3hat_moteus_int_msgs/share/pi3hat_moteus_int_msgs/environment/pythonpath.dsv
[0.822s] -- Up-to-date symlink: /home/michele/michele_try_ws/fishingrod_ws/install/pi3hat_moteus_int_msgs/local/lib/python3.10/dist-packages/pi3hat_moteus_int_msgs-0.0.0-py3.10.egg-info/PKG-INFO
[0.823s] -- Up-to-date symlink: /home/michele/michele_try_ws/fishingrod_ws/install/pi3hat_moteus_int_msgs/local/lib/python3.10/dist-packages/pi3hat_moteus_int_msgs-0.0.0-py3.10.egg-info/SOURCES.txt
[0.823s] -- Up-to-date symlink: /home/michele/michele_try_ws/fishingrod_ws/install/pi3hat_moteus_int_msgs/local/lib/python3.10/dist-packages/pi3hat_moteus_int_msgs-0.0.0-py3.10.egg-info/dependency_links.txt
[0.823s] -- Up-to-date symlink: /home/michele/michele_try_ws/fishingrod_ws/install/pi3hat_moteus_int_msgs/local/lib/python3.10/dist-packages/pi3hat_moteus_int_msgs-0.0.0-py3.10.egg-info/top_level.txt
[0.823s] -- Up-to-date symlink: /home/michele/michele_try_ws/fishingrod_ws/install/pi3hat_moteus_int_msgs/local/lib/python3.10/dist-packages/pi3hat_moteus_int_msgs/__init__.py
[0.823s] -- Up-to-date symlink: /home/michele/michele_try_ws/fishingrod_ws/install/pi3hat_moteus_int_msgs/local/lib/python3.10/dist-packages/pi3hat_moteus_int_msgs/_pi3hat_moteus_int_msgs_s.ep.rosidl_typesupport_c.c
[0.823s] -- Up-to-date symlink: /home/michele/michele_try_ws/fishingrod_ws/install/pi3hat_moteus_int_msgs/local/lib/python3.10/dist-packages/pi3hat_moteus_int_msgs/_pi3hat_moteus_int_msgs_s.ep.rosidl_typesupport_fastrtps_c.c
[0.824s] -- Up-to-date symlink: /home/michele/michele_try_ws/fishingrod_ws/install/pi3hat_moteus_int_msgs/local/lib/python3.10/dist-packages/pi3hat_moteus_int_msgs/_pi3hat_moteus_int_msgs_s.ep.rosidl_typesupport_introspection_c.c
[0.824s] -- Up-to-date symlink: /home/michele/michele_try_ws/fishingrod_ws/install/pi3hat_moteus_int_msgs/local/lib/python3.10/dist-packages/pi3hat_moteus_int_msgs/libpi3hat_moteus_int_msgs__rosidl_generator_py.so
[0.824s] -- Up-to-date symlink: /home/michele/michele_try_ws/fishingrod_ws/install/pi3hat_moteus_int_msgs/local/lib/python3.10/dist-packages/pi3hat_moteus_int_msgs/msg/__init__.py
[0.824s] -- Up-to-date symlink: /home/michele/michele_try_ws/fishingrod_ws/install/pi3hat_moteus_int_msgs/local/lib/python3.10/dist-packages/pi3hat_moteus_int_msgs/msg/_joints_command.py
[0.824s] -- Up-to-date symlink: /home/michele/michele_try_ws/fishingrod_ws/install/pi3hat_moteus_int_msgs/local/lib/python3.10/dist-packages/pi3hat_moteus_int_msgs/msg/_joints_command_s.c
[0.824s] -- Up-to-date symlink: /home/michele/michele_try_ws/fishingrod_ws/install/pi3hat_moteus_int_msgs/local/lib/python3.10/dist-packages/pi3hat_moteus_int_msgs/msg/_joints_states.py
[0.824s] -- Up-to-date symlink: /home/michele/michele_try_ws/fishingrod_ws/install/pi3hat_moteus_int_msgs/local/lib/python3.10/dist-packages/pi3hat_moteus_int_msgs/msg/_joints_states_s.c
[0.824s] -- Up-to-date symlink: /home/michele/michele_try_ws/fishingrod_ws/install/pi3hat_moteus_int_msgs/local/lib/python3.10/dist-packages/pi3hat_moteus_int_msgs/msg/_packet_pass.py
[0.824s] -- Up-to-date symlink: /home/michele/michele_try_ws/fishingrod_ws/install/pi3hat_moteus_int_msgs/local/lib/python3.10/dist-packages/pi3hat_moteus_int_msgs/msg/_packet_pass_s.c
[0.824s] -- Up-to-date symlink: /home/michele/michele_try_ws/fishingrod_ws/install/pi3hat_moteus_int_msgs/local/lib/python3.10/dist-packages/pi3hat_moteus_int_msgs/pi3hat_moteus_int_msgs_s__rosidl_typesupport_c.cpython-310-x86_64-linux-gnu.so
[0.824s] -- Up-to-date symlink: /home/michele/michele_try_ws/fishingrod_ws/install/pi3hat_moteus_int_msgs/local/lib/python3.10/dist-packages/pi3hat_moteus_int_msgs/pi3hat_moteus_int_msgs_s__rosidl_typesupport_fastrtps_c.cpython-310-x86_64-linux-gnu.so
[0.824s] -- Up-to-date symlink: /home/michele/michele_try_ws/fishingrod_ws/install/pi3hat_moteus_int_msgs/local/lib/python3.10/dist-packages/pi3hat_moteus_int_msgs/pi3hat_moteus_int_msgs_s__rosidl_typesupport_introspection_c.cpython-310-x86_64-linux-gnu.so
[0.825s] -- Up-to-date symlink: /home/michele/michele_try_ws/fishingrod_ws/install/pi3hat_moteus_int_msgs/local/lib/python3.10/dist-packages/pi3hat_moteus_int_msgs/pi3hat_moteus_int_msgs_s__rosidl_typesupport_fastrtps_c.cpython-310-x86_64-linux-gnu.so
[0.825s] -- Up-to-date symlink: /home/michele/michele_try_ws/fishingrod_ws/install/pi3hat_moteus_int_msgs/local/lib/python3.10/dist-packages/pi3hat_moteus_int_msgs/pi3hat_moteus_int_msgs_s__rosidl_typesupport_introspection_c.cpython-310-x86_64-linux-gnu.so
[0.825s] -- Up-to-date symlink: /home/michele/michele_try_ws/fishingrod_ws/install/pi3hat_moteus_int_msgs/local/lib/python3.10/dist-packages/pi3hat_moteus_int_msgs/pi3hat_moteus_int_msgs_s__rosidl_typesupport_c.cpython-310-x86_64-linux-gnu.so
[0.825s] -- Up-to-date symlink: /home/michele/michele_try_ws/fishingrod_ws/install/pi3hat_moteus_int_msgs/share/pi3hat_moteus_int_msgs/msg/PacketPass.idl
[0.825s] -- Up-to-date symlink: /home/michele/michele_try_ws/fishingrod_ws/install/pi3hat_moteus_int_msgs/share/pi3hat_moteus_int_msgs/msg/JointsStates.idl
[0.826s] -- Up-to-date symlink: /home/michele/michele_try_ws/fishingrod_ws/install/pi3hat_moteus_int_msgs/share/pi3hat_moteus_int_msgs/msg/JointsCommand.idl
[0.826s] -- Up-to-date symlink: /home/michele/michele_try_ws/fishingrod_ws/install/pi3hat_moteus_int_msgs/share/pi3hat_moteus_int_msgs/msg/PacketPass.msg
[0.826s] -- Up-to-date symlink: /home/michele/michele_try_ws/fishingrod_ws/install/pi3hat_moteus_int_msgs/share/pi3hat_moteus_int_msgs/msg/JointsStates.msg
[0.826s] -- Up-to-date symlink: /home/michele/michele_try_ws/fishingrod_ws/install/pi3hat_moteus_int_msgs/share/pi3hat_moteus_int_msgs/msg/JointsCommand.msg
[0.826s] -- Up-to-date symlink: /home/michele/michele_try_ws/fishingrod_ws/install/pi3hat_moteus_int_msgs/share/ament_index/resource_index/package_run_dependencies/pi3hat_moteus_int_msgs
[0.826s] -- Up-to-date symlink: /home/michele/michele_try_ws/fishingrod_ws/install/pi3hat_moteus_int_msgs/share/ament_index/resource_index/parent_prefix_path/pi3hat_moteus_int_msgs
[0.826s] -- Up-to-date symlink: /home/michele/michele_try_ws/fishingrod_ws/install/pi3hat_moteus_int_msgs/share/pi3hat_moteus_int_msgs/environment/ament_prefix_path.sh
[0.826s] -- Up-to-date symlink: /home/michele/michele_try_ws/fishingrod_ws/install/pi3hat_moteus_int_msgs/share/pi3hat_moteus_int_msgs/environment/ament_prefix_path.dsv
[0.827s] -- Up-to-date symlink: /home/michele/michele_try_ws/fishingrod_ws/install/pi3hat_moteus_int_msgs/share/pi3hat_moteus_int_msgs/environment/path.sh
[0.827s] -- Up-to-date symlink: /home/michele/michele_try_ws/fishingrod_ws/install/pi3hat_moteus_int_msgs/share/pi3hat_moteus_int_msgs/environment/path.dsv
[0.827s] -- Up-to-date symlink: /home/michele/michele_try_ws/fishingrod_ws/install/pi3hat_moteus_int_msgs/share/pi3hat_moteus_int_msgs/local_setup.bash
[0.827s] -- Up-to-date symlink: /home/michele/michele_try_ws/fishingrod_ws/install/pi3hat_moteus_int_msgs/share/pi3hat_moteus_int_msgs/local_setup.sh
[0.827s] -- Up-to-date symlink: /home/michele/michele_try_ws/fishingrod_ws/install/pi3hat_moteus_int_msgs/share/pi3hat_moteus_int_msgs/local_setup.zsh
[0.827s] -- Up-to-date symlink: /home/michele/michele_try_ws/fishingrod_ws/install/pi3hat_moteus_int_msgs/share/pi3hat_moteus_int_msgs/local_setup.dsv
[0.827s] -- Symlinking: /home/michele/michele_try_ws/fishingrod_ws/install/pi3hat_moteus_int_msgs/share/pi3hat_moteus_int_msgs/package.dsv
[0.837s] -- Up-to-date symlink: /home/michele/michele_try_ws/fishingrod_ws/install/pi3hat_moteus_int_msgs/share/ament_index/resource_index/packages/pi3hat_moteus_int_msgs
[0.837s] -- Up-to-date symlink: /home/michele/michele_try_ws/fishingrod_ws/install/pi3hat_moteus_int_msgs/share/pi3hat_moteus_int_msgs/cmake/rosidl_cmake-extras.cmake
[0.837s] -- Up-to-date symlink: /home/michele/michele_try_ws/fishingrod_ws/install/pi3hat_moteus_int_msgs/share/pi3hat_moteus_int_msgs/cmake/ament_cmake_export_dependencies-extras.cmake
[0.837s] -- Up-to-date symlink: /home/michele/michele_try_ws/fishingrod_ws/install/pi3hat_moteus_int_msgs/share/pi3hat_moteus_int_msgs/cmake/ament_cmake_export_include_directories-extras.cmake
[0.838s] -- Up-to-date symlink: /home/michele/michele_try_ws/fishingrod_ws/install/pi3hat_moteus_int_msgs/share/pi3hat_moteus_int_msgs/cmake/ament_cmake_export_libraries-extras.cmake
[0.838s] -- Up-to-date symlink: /home/michele/michele_try_ws/fishingrod_ws/install/pi3hat_moteus_int_msgs/share/pi3hat_moteus_int_msgs/cmake/ament_cmake_export_targets-extras.cmake
[0.838s] -- Up-to-date symlink: /home/michele/michele_try_ws/fishingrod_ws/install/pi3hat_moteus_int_msgs/share/pi3hat_moteus_int_msgs/cmake/rosidl_cmake_export_typesupport_targets-extras.cmake
[0.838s] -- Up-to-date symlink: /home/michele/michele_try_ws/fishingrod_ws/install/pi3hat_moteus_int_msgs/share/pi3hat_moteus_int_msgs/cmake/rosidl_cmake_export_typesupport_libraries-extras.cmake
[0.838s] -- Up-to-date symlink: /home/michele/michele_try_ws/fishingrod_ws/install/pi3hat_moteus_int_msgs/share/pi3hat_moteus_int_msgs/cmake/pi3hat_moteus_int_msgsConfig.cmake
[0.838s] -- Up-to-date symlink: /home/michele/michele_try_ws/fishingrod_ws/install/pi3hat_moteus_int_msgs/share/pi3hat_moteus_int_msgs/cmake/pi3hat_moteus_int_msgsConfig-version.cmake
[0.838s] -- Up-to-date symlink: /home/michele/michele_try_ws/fishingrod_ws/install/pi3hat_moteus_int_msgs/share/pi3hat_moteus_int_msgs/package.xml
[0.838s] -- Up-to-date: /home/michele/michele_try_ws/fishingrod_ws/install/pi3hat_moteus_int_msgs/lib/libpi3hat_moteus_int_msgs__rosidl_generator_c.so
[0.839s] -- Up-to-date: /home/michele/michele_try_ws/fishingrod_ws/install/pi3hat_moteus_int_msgs/lib/libpi3hat_moteus_int_msgs__rosidl_typesupport_fastrtps_c.so
[0.839s] -- Up-to-date: /home/michele/michele_try_ws/fishingrod_ws/install/pi3hat_moteus_int_msgs/lib/libpi3hat_moteus_int_msgs__rosidl_typesupport_fastrtps_cpp.so
[0.839s] -- Up-to-date: /home/michele/michele_try_ws/fishingrod_ws/install/pi3hat_moteus_int_msgs/lib/libpi3hat_moteus_int_msgs__rosidl_typesupport_introspection_c.so
[0.839s] -- Up-to-date: /home/michele/michele_try_ws/fishingrod_ws/install/pi3hat_moteus_int_msgs/lib/libpi3hat_moteus_int_msgs__rosidl_typesupport_c.so
[0.839s] -- Up-to-date: /home/michele/michele_try_ws/fishingrod_ws/install/pi3hat_moteus_int_msgs/lib/libpi3hat_moteus_int_msgs__rosidl_typesupport_introspection_cpp.so
[0.840s] -- Up-to-date: /home/michele/michele_try_ws/fishingrod_ws/install/pi3hat_moteus_int_msgs/lib/libpi3hat_moteus_int_msgs__rosidl_typesupport_cpp.so
[0.877s] Listing '/home/michele/michele_try_ws/fishingrod_ws/install/pi3hat_moteus_int_msgs/local/lib/python3.10/dist-packages/pi3hat_moteus_int_msgs'...
[0.877s] Listing '/home/michele/michele_try_ws/fishingrod_ws/install/pi3hat_moteus_int_msgs/local/lib/python3.10/dist-packages/pi3hat_moteus_int_msgs/msg'...
[0.882s] -- Up-to-date: /home/michele/michele_try_ws/fishingrod_ws/install/pi3hat_moteus_int_msgs/lib/libpi3hat_moteus_int_msgs__rosidl_generator_py.so
[0.882s] -- Up-to-date: /home/michele/michele_try_ws/fishingrod_ws/install/pi3hat_moteus_int_msgs/share/pi3hat_moteus_int_msgs/cmake/export_pi3hat_moteus_int_msgs__rosidl_generator_cExport.cmake
[0.882s] -- Up-to-date: /home/michele/michele_try_ws/fishingrod_ws/install/pi3hat_moteus_int_msgs/share/pi3hat_moteus_int_msgs/cmake/export_pi3hat_moteus_int_msgs__rosidl_generator_cExport-noconfig.cmake
[0.882s] -- Up-to-date: /home/michele/michele_try_ws/fishingrod_ws/install/pi3hat_moteus_int_msgs/share/pi3hat_moteus_int_msgs/cmake/export_pi3hat_moteus_int_msgs__rosidl_typesupport_fastrtps_cExport.cmake
[0.882s] -- Up-to-date: /home/michele/michele_try_ws/fishingrod_ws/install/pi3hat_moteus_int_msgs/share/pi3hat_moteus_int_msgs/cmake/export_pi3hat_moteus_int_msgs__rosidl_typesupport_fastrtps_cExport-noconfig.cmake
[0.882s] -- Up-to-date: /home/michele/michele_try_ws/fishingrod_ws/install/pi3hat_moteus_int_msgs/share/pi3hat_moteus_int_msgs/cmake/export_pi3hat_moteus_int_msgs__rosidl_generator_cppExport.cmake
[0.883s] -- Up-to-date: /home/michele/michele_try_ws/fishingrod_ws/install/pi3hat_moteus_int_msgs/share/pi3hat_moteus_int_msgs/cmake/export_pi3hat_moteus_int_msgs__rosidl_typesupport_fastrtps_cppExport.cmake
[0.883s] -- Up-to-date: /home/michele/michele_try_ws/fishingrod_ws/install/pi3hat_moteus_int_msgs/share/pi3hat_moteus_int_msgs/cmake/export_pi3hat_moteus_int_msgs__rosidl_typesupport_fastrtps_cppExport-noconfig.cmake
[0.883s] -- Up-to-date: /home/michele/michele_try_ws/fishingrod_ws/install/pi3hat_moteus_int_msgs/share/pi3hat_moteus_int_msgs/cmake/pi3hat_moteus_int_msgs__rosidl_typesupport_introspection_cExport.cmake
[0.883s] -- Up-to-date: /home/michele/michele_try_ws/fishingrod_ws/install/pi3hat_moteus_int_msgs/share/pi3hat_moteus_int_msgs/cmake/pi3hat_moteus_int_msgs__rosidl_typesupport_introspection_cExport-noconfig.cmake
[0.883s] -- Up-to-date: /home/michele/michele_try_ws/fishingrod_ws/install/pi3hat_moteus_int_msgs/share/pi3hat_moteus_int_msgs/cmake/pi3hat_moteus_int_msgs__rosidl_typesupport_cExport.cmake
[0.883s] -- Up-to-date: /home/michele/michele_try_ws/fishingrod_ws/install/pi3hat_moteus_int_msgs/share/pi3hat_moteus_int_msgs/cmake/pi3hat_moteus_int_msgs__rosidl_typesupport_cExport-noconfig.cmake
[0.883s] -- Up-to-date: /home/michele/michele_try_ws/fishingrod_ws/install/pi3hat_moteus_int_msgs/share/pi3hat_moteus_int_msgs/cmake/pi3hat_moteus_int_msgs__rosidl_typesupport_introspection_cppExport.cmake
[0.883s] -- Up-to-date: /home/michele/michele_try_ws/fishingrod_ws/install/pi3hat_moteus_int_msgs/share/pi3hat_moteus_int_msgs/cmake/pi3hat_moteus_int_msgs__rosidl_typesupport_introspection_cppExport-noconfig.cmake
[0.883s] -- Up-to-date: /home/michele/michele_try_ws/fishingrod_ws/install/pi3hat_moteus_int_msgs/share/pi3hat_moteus_int_msgs/cmake/pi3hat_moteus_int_msgs__rosidl_typesupport_cppExport.cmake
[0.883s] -- Up-to-date: /home/michele/michele_try_ws/fishingrod_ws/install/pi3hat_moteus_int_msgs/share/pi3hat_moteus_int_msgs/cmake/pi3hat_moteus_int_msgs__rosidl_typesupport_cppExport-noconfig.cmake
[0.883s] -- Up-to-date: /home/michele/michele_try_ws/fishingrod_ws/install/pi3hat_moteus_int_msgs/share/pi3hat_moteus_int_msgs/cmake/export_pi3hat_moteus_int_msgs__rosidl_generator_pyExport.cmake
[0.883s] -- Up-to-date: /home/michele/michele_try_ws/fishingrod_ws/install/pi3hat_moteus_int_msgs/share/pi3hat_moteus_int_msgs/cmake/export_pi3hat_moteus_int_msgs__rosidl_generator_pyExport-noconfig.cmake
[0.886s] Invoked command in '/home/michele/michele_try_ws/fishingrod_ws/build/pi3hat_moteus_int_msgs' returned '0': CMAKE_PREFIX_PATH=${CMAKE_PREFIX_PATH}:/home/michele/michele_try_ws/fishingrod_ws/install/throw_experiments:/home/michele/michele_try_ws/fishingrod_ws/install/test_experiments:/home/michele/michele_try_ws/fishingrod_ws/install/rlg_quad_controller:/home/michele/michele_try_ws/fishingrod_ws/install/jumping_experiments:/opt/ros/humble /usr/bin/cmake --install /home/michele/michele_try_ws/fishingrod_ws/build/pi3hat_moteus_int_msgs
