[0.457s] Invoking command in '/home/michele/michele_try_ws/fishingrod_ws/build/rlg_quad_controller': CMAKE_PREFIX_PATH=/home/michele/michele_try_ws/fishingrod_ws/install/pi3hat_moteus_int_msgs:/home/michele/michele_try_ws/fishingrod_ws/install/sea_plugin_package:/home/michele/michele_try_ws/fishingrod_ws/install/rbt_pd_cnt:/home/michele/michele_try_ws/fishingrod_ws/install/fishingrod_gazebo:/home/michele/michele_try_ws/fishingrod_ws/install/fishingrod_description:/opt/openrobots:/opt/openrobots LD_LIBRARY_PATH=/home/michele/michele_try_ws/fishingrod_ws/install/pi3hat_moteus_int_msgs/lib:/home/michele/michele_try_ws/fishingrod_ws/install/sea_plugin_package/lib:/home/michele/michele_try_ws/fishingrod_ws/install/rbt_pd_cnt/lib:/opt/openrobots/lib:/usr/lib/x86_64-linux-gnu/gazebo-11/plugins:/opt/ros/humble/opt/rviz_ogre_vendor/lib:/opt/ros/humble/lib/x86_64-linux-gnu:/opt/ros/humble/lib:/opt/openrobots/lib:/usr/lib/x86_64-linux-gnu/gazebo-11/plugins:/usr/lib/x86_64-linux-gnu/gazebo-11/plugins:/usr/lib/x86_64-linux-gnu/gazebo-11/plugins PYTHONPATH=/home/michele/michele_try_ws/fishingrod_ws/build/rlg_quad_controller/prefix_override:/usr/lib/python3/dist-packages/colcon_core/task/python/colcon_distutils_commands:/home/michele/michele_try_ws/fishingrod_ws/install/rlg_quad_controller/lib/python3.10/site-packages:${PYTHONPATH} /usr/bin/python3 -W ignore:setup.py install is deprecated setup.py develop --editable --build-directory /home/michele/michele_try_ws/fishingrod_ws/build/rlg_quad_controller/build --no-deps symlink_data
[0.648s] running develop
[0.648s] /usr/lib/python3/dist-packages/setuptools/command/easy_install.py:158: EasyInstallDeprecationWarning: easy_install command is deprecated. Use build and pip and other standards-based tools.
[0.648s]   warnings.warn(
[0.784s] running egg_info
[0.784s] creating rlg_quad_controller.egg-info
[0.785s] writing rlg_quad_controller.egg-info/PKG-INFO
[0.785s] writing dependency_links to rlg_quad_controller.egg-info/dependency_links.txt
[0.785s] writing entry points to rlg_quad_controller.egg-info/entry_points.txt
[0.785s] writing requirements to rlg_quad_controller.egg-info/requires.txt
[0.785s] writing top-level names to rlg_quad_controller.egg-info/top_level.txt
[0.786s] writing manifest file 'rlg_quad_controller.egg-info/SOURCES.txt'
[0.787s] reading manifest file 'rlg_quad_controller.egg-info/SOURCES.txt'
[0.787s] writing manifest file 'rlg_quad_controller.egg-info/SOURCES.txt'
[0.788s] running build_ext
[0.788s] Creating /home/michele/michele_try_ws/fishingrod_ws/install/rlg_quad_controller/lib/python3.10/site-packages/rlg-quad-controller.egg-link (link to .)
[0.789s] Installing inference_controller script to /home/michele/michele_try_ws/fishingrod_ws/install/rlg_quad_controller/lib/rlg_quad_controller
[0.789s] 
[0.789s] Installed /home/michele/michele_try_ws/fishingrod_ws/build/rlg_quad_controller
[0.789s] running symlink_data
[0.789s] creating /home/michele/michele_try_ws/fishingrod_ws/install/rlg_quad_controller/share/ament_index
[0.789s] creating /home/michele/michele_try_ws/fishingrod_ws/install/rlg_quad_controller/share/ament_index/resource_index
[0.789s] creating /home/michele/michele_try_ws/fishingrod_ws/install/rlg_quad_controller/share/ament_index/resource_index/packages
[0.790s] symbolically linking /home/michele/michele_try_ws/fishingrod_ws/build/rlg_quad_controller/resource/rlg_quad_controller -> /home/michele/michele_try_ws/fishingrod_ws/install/rlg_quad_controller/share/ament_index/resource_index/packages
[0.790s] symbolically linking /home/michele/michele_try_ws/fishingrod_ws/build/rlg_quad_controller/package.xml -> /home/michele/michele_try_ws/fishingrod_ws/install/rlg_quad_controller/share/rlg_quad_controller
[0.790s] creating /home/michele/michele_try_ws/fishingrod_ws/install/rlg_quad_controller/share/rlg_quad_controller/launch
[0.790s] symbolically linking /home/michele/michele_try_ws/fishingrod_ws/build/rlg_quad_controller/launch/fishingrod_inference.launch.py -> /home/michele/michele_try_ws/fishingrod_ws/install/rlg_quad_controller/share/rlg_quad_controller/launch
[0.790s] symbolically linking /home/michele/michele_try_ws/fishingrod_ws/build/rlg_quad_controller/launch/fishingrod_simulation.launch.py -> /home/michele/michele_try_ws/fishingrod_ws/install/rlg_quad_controller/share/rlg_quad_controller/launch
[0.790s] creating /home/michele/michele_try_ws/fishingrod_ws/install/rlg_quad_controller/share/rlg_quad_controller/config
[0.790s] symbolically linking /home/michele/michele_try_ws/fishingrod_ws/build/rlg_quad_controller/config/fishingrod_simulation_config.yaml -> /home/michele/michele_try_ws/fishingrod_ws/install/rlg_quad_controller/share/rlg_quad_controller/config
[0.790s] symbolically linking /home/michele/michele_try_ws/fishingrod_ws/build/rlg_quad_controller/config/fishingrod_config.yaml -> /home/michele/michele_try_ws/fishingrod_ws/install/rlg_quad_controller/share/rlg_quad_controller/config
[0.790s] creating /home/michele/michele_try_ws/fishingrod_ws/install/rlg_quad_controller/share/rlg_quad_controller/models
[0.790s] symbolically linking /home/michele/michele_try_ws/fishingrod_ws/build/rlg_quad_controller/models/FishingRodPos_X_022_real_pos_vel/FishingRodPos_X_022_real_pos_vel.pth -> /home/michele/michele_try_ws/fishingrod_ws/install/rlg_quad_controller/share/rlg_quad_controller/models
[0.790s] symbolically linking /home/michele/michele_try_ws/fishingrod_ws/build/rlg_quad_controller/models/FishingRodPos_X_022_real_pos_vel/config.yaml -> /home/michele/michele_try_ws/fishingrod_ws/install/rlg_quad_controller/share/rlg_quad_controller/models
[0.809s] Invoked command in '/home/michele/michele_try_ws/fishingrod_ws/build/rlg_quad_controller' returned '0': CMAKE_PREFIX_PATH=/home/michele/michele_try_ws/fishingrod_ws/install/pi3hat_moteus_int_msgs:/home/michele/michele_try_ws/fishingrod_ws/install/sea_plugin_package:/home/michele/michele_try_ws/fishingrod_ws/install/rbt_pd_cnt:/home/michele/michele_try_ws/fishingrod_ws/install/fishingrod_gazebo:/home/michele/michele_try_ws/fishingrod_ws/install/fishingrod_description:/opt/openrobots:/opt/openrobots LD_LIBRARY_PATH=/home/michele/michele_try_ws/fishingrod_ws/install/pi3hat_moteus_int_msgs/lib:/home/michele/michele_try_ws/fishingrod_ws/install/sea_plugin_package/lib:/home/michele/michele_try_ws/fishingrod_ws/install/rbt_pd_cnt/lib:/opt/openrobots/lib:/usr/lib/x86_64-linux-gnu/gazebo-11/plugins:/opt/ros/humble/opt/rviz_ogre_vendor/lib:/opt/ros/humble/lib/x86_64-linux-gnu:/opt/ros/humble/lib:/opt/openrobots/lib:/usr/lib/x86_64-linux-gnu/gazebo-11/plugins:/usr/lib/x86_64-linux-gnu/gazebo-11/plugins:/usr/lib/x86_64-linux-gnu/gazebo-11/plugins PYTHONPATH=/home/michele/michele_try_ws/fishingrod_ws/build/rlg_quad_controller/prefix_override:/usr/lib/python3/dist-packages/colcon_core/task/python/colcon_distutils_commands:/home/michele/michele_try_ws/fishingrod_ws/install/rlg_quad_controller/lib/python3.10/site-packages:${PYTHONPATH} /usr/bin/python3 -W ignore:setup.py install is deprecated setup.py develop --editable --build-directory /home/michele/michele_try_ws/fishingrod_ws/build/rlg_quad_controller/build --no-deps symlink_data
